Mono path[0] = 'C:/Users/Kacper/Documents/GitHub/deepctf/BuildLowRewards/CTF_Data/Managed'
Mono config path = 'C:/Users/Kacper/Documents/GitHub/deepctf/BuildLowRewards/MonoBleedingEdge/etc'
Initialize engine version: 2021.3.1f1 (3b70a0754835)
[Subsystems] Discovering subsystems at path C:/Users/Kacper/Documents/GitHub/deepctf/BuildLowRewards/CTF_Data/UnitySubsystems
Forcing GfxDevice: Null
GfxDevice: creating device client; threaded=0; jobified=0
NullGfxDevice:
    Version:  NULL 1.0 [1.0]
    Renderer: Null Device
    Vendor:   Unity Technologies
Begin MonoManager ReloadAssembly
- Completed reload, in  0.236 seconds
ERROR: Shader Sprites/Default shader is not supported on this GPU (none of subshaders/fallbacks are suitable)
Microsoft Media Foundation video decoding to texture disabled: graphics device is Null, only Direct3D 11 and Direct3D 12 (only on desktop) are supported for hardware-accelerated video decoding.
ERROR: Shader Sprites/Mask shader is not supported on this GPU (none of subshaders/fallbacks are suitable)
ERROR: Shader Legacy Shaders/VertexLit shader is not supported on this GPU (none of subshaders/fallbacks are suitable)
WARNING: Shader Unsupported: 'Standard' - All subshaders removed
WARNING: Shader Did you use #pragma only_renderers and omit this platform?
WARNING: Shader If subshaders removal was intentional, you may have forgotten turning Fallback off?
ERROR: Shader Standard shader is not supported on this GPU (none of subshaders/fallbacks are suitable)
WARNING: Shader Unsupported: 'Standard' - All subshaders removed
WARNING: Shader Did you use #pragma only_renderers and omit this platform?
WARNING: Shader If subshaders removal was intentional, you may have forgotten turning Fallback off?
ERROR: Shader GUI/Text Shader shader is not supported on this GPU (none of subshaders/fallbacks are suitable)
ERROR: Shader TextMeshPro/Mobile/Distance Field shader is not supported on this GPU (none of subshaders/fallbacks are suitable)
UnloadTime: 1.037200 ms
SG: 
SG: blue on game start
OGS: spawning egants
OGS: trying spawn agent no 0
CICS: 4978
OGS: trying spawn agent no 1
CICS: 4978
CICS: 4978 AgentML_BLUE(Clone) (UnityEngine.Transform) at (18.00, 2.50, 114.00)
CICS: 4976
CICS: 4976 AgentML_BLUE(Clone) (UnityEngine.Transform) at (18.00, 2.50, 114.00)
OGS: trying spawn agent no 2
CICS: 4978
CICS: 4978 AgentML_BLUE(Clone) (UnityEngine.Transform) at (18.00, 2.50, 114.00)
CICS: 4976
CICS: 4976 AgentML_BLUE(Clone) (UnityEngine.Transform) at (18.00, 2.50, 114.00)
CICS: 4976 AgentML_BLUE(Clone) (UnityEngine.Transform) at (18.00, 2.50, 106.00)
CICS: 5077
CICS: 5077 AgentML_BLUE(Clone) (UnityEngine.Transform) at (18.00, 2.50, 114.00)
CICS: 5077 AgentML_BLUE(Clone) (UnityEngine.Transform) at (18.00, 2.50, 106.00)
OGS: trying spawn agent no 3
CICS: 4978
CICS: 4978 AgentML_BLUE(Clone) (UnityEngine.Transform) at (18.00, 2.50, 114.00)
CICS: 4976
CICS: 4976 AgentML_BLUE(Clone) (UnityEngine.Transform) at (18.00, 2.50, 114.00)
CICS: 4976 AgentML_BLUE(Clone) (UnityEngine.Transform) at (18.00, 2.50, 106.00)
CICS: 5077
CICS: 5077 AgentML_BLUE(Clone) (UnityEngine.Transform) at (18.00, 2.50, 114.00)
CICS: 5077 AgentML_BLUE(Clone) (UnityEngine.Transform) at (18.00, 2.50, 106.00)
CICS: 5077 AgentML_BLUE(Clone) (UnityEngine.Transform) at (22.00, 2.50, 110.00)
CICS: 4877
CICS: 4877 AgentML_BLUE(Clone) (UnityEngine.Transform) at (18.00, 2.50, 114.00)
CICS: 4877 AgentML_BLUE(Clone) (UnityEngine.Transform) at (18.00, 2.50, 106.00)
CICS: 4877 AgentML_BLUE(Clone) (UnityEngine.Transform) at (22.00, 2.50, 110.00)
SG: red on game start
OGS: spawning egants
OGS: trying spawn agent no 0
CICS: 651
OGS: trying spawn agent no 1
CICS: 651
CICS: 651 AgentML_RED(Clone) (UnityEngine.Transform) at (-154.00, 2.50, 6.00)
CICS: 649
CICS: 649 AgentML_RED(Clone) (UnityEngine.Transform) at (-154.00, 2.50, 6.00)
OGS: trying spawn agent no 2
CICS: 651
CICS: 651 AgentML_RED(Clone) (UnityEngine.Transform) at (-154.00, 2.50, 6.00)
CICS: 649
CICS: 649 AgentML_RED(Clone) (UnityEngine.Transform) at (-154.00, 2.50, 6.00)
CICS: 649 AgentML_RED(Clone) (UnityEngine.Transform) at (-154.00, 2.50, -2.00)
CICS: 750
CICS: 750 AgentML_RED(Clone) (UnityEngine.Transform) at (-154.00, 2.50, 6.00)
CICS: 750 AgentML_RED(Clone) (UnityEngine.Transform) at (-154.00, 2.50, -2.00)
OGS: trying spawn agent no 3
CICS: 651
CICS: 651 AgentML_RED(Clone) (UnityEngine.Transform) at (-154.00, 2.50, 6.00)
CICS: 649
CICS: 649 AgentML_RED(Clone) (UnityEngine.Transform) at (-154.00, 2.50, 6.00)
CICS: 649 AgentML_RED(Clone) (UnityEngine.Transform) at (-154.00, 2.50, -2.00)
CICS: 750
CICS: 750 AgentML_RED(Clone) (UnityEngine.Transform) at (-154.00, 2.50, 6.00)
CICS: 750 AgentML_RED(Clone) (UnityEngine.Transform) at (-154.00, 2.50, -2.00)
CICS: 750 AgentML_RED(Clone) (UnityEngine.Transform) at (-150.00, 2.50, 2.00)
CICS: 550
CICS: 550 AgentML_RED(Clone) (UnityEngine.Transform) at (-154.00, 2.50, 6.00)
CICS: 550 AgentML_RED(Clone) (UnityEngine.Transform) at (-154.00, 2.50, -2.00)
CICS: 550 AgentML_RED(Clone) (UnityEngine.Transform) at (-150.00, 2.50, 2.00)
EPISODE BEGIN
EPISODE BEGIN
EPISODE BEGIN
EPISODE BEGIN
EPISODE BEGIN
EPISODE BEGIN
EPISODE BEGIN
EPISODE BEGIN
Steps:0
ERROR: Shader TextMeshPro/Sprite shader is not supported on this GPU (none of subshaders/fallbacks are suitable)
ERROR: Shader UI/Default shader is not supported on this GPU (none of subshaders/fallbacks are suitable)
Steps:100
AgentML_BLUE(Clone) (UnityEngine.GameObject) ::: NAGRODA 0,0386464
AgentML_BLUE(Clone) (UnityEngine.GameObject) ::: NAGRODA 0,03970459
AgentML_BLUE(Clone) (UnityEngine.GameObject) ::: NAGRODA 0,03850783
AgentML_BLUE(Clone) (UnityEngine.GameObject) ::: NAGRODA 0,03985625
AgentML_RED(Clone) (UnityEngine.GameObject) ::: NAGRODA 0,0363505
AgentML_RED(Clone) (UnityEngine.GameObject) ::: NAGRODA 0,03072641
AgentML_RED(Clone) (UnityEngine.GameObject) ::: NAGRODA 0,03773483
AgentML_RED(Clone) (UnityEngine.GameObject) ::: NAGRODA 0,03511939
Steps:200
Steps:300
AgentML_BLUE(Clone) (UnityEngine.GameObject) ::: NAGRODA 0,0386464
AgentML_BLUE(Clone) (UnityEngine.GameObject) ::: NAGRODA 0,03970459
AgentML_BLUE(Clone) (UnityEngine.GameObject) ::: NAGRODA 0,03850783
AgentML_BLUE(Clone) (UnityEngine.GameObject) ::: NAGRODA 0,03985625
AgentML_RED(Clone) (UnityEngine.GameObject) ::: NAGRODA 0,03516147
AgentML_RED(Clone) (UnityEngine.GameObject) ::: NAGRODA 0,03686804
AgentML_RED(Clone) (UnityEngine.GameObject) ::: NAGRODA 0,04340241
AgentML_RED(Clone) (UnityEngine.GameObject) ::: NAGRODA 0,02703943
Steps:400
Steps:500
AgentML_BLUE(Clone) (UnityEngine.GameObject) ::: NAGRODA 0,0386464
AgentML_BLUE(Clone) (UnityEngine.GameObject) ::: NAGRODA 0,03970459
AgentML_BLUE(Clone) (UnityEngine.GameObject) ::: NAGRODA 0,03850783
AgentML_BLUE(Clone) (UnityEngine.GameObject) ::: NAGRODA 0,03985625
AgentML_RED(Clone) (UnityEngine.GameObject) ::: NAGRODA 0,04910513
AgentML_RED(Clone) (UnityEngine.GameObject) ::: NAGRODA 0,02174566
AgentML_RED(Clone) (UnityEngine.GameObject) ::: NAGRODA 0,04170133
AgentML_RED(Clone) (UnityEngine.GameObject) ::: NAGRODA 0,02956428
Steps:600
Steps:700
AgentML_BLUE(Clone) (UnityEngine.GameObject) ::: NAGRODA 0,0386464
AgentML_BLUE(Clone) (UnityEngine.GameObject) ::: NAGRODA 0,03970459
AgentML_BLUE(Clone) (UnityEngine.GameObject) ::: NAGRODA 0,03850783
AgentML_BLUE(Clone) (UnityEngine.GameObject) ::: NAGRODA 0,03985625
AgentML_RED(Clone) (UnityEngine.GameObject) ::: NAGRODA 0,03609519
AgentML_RED(Clone) (UnityEngine.GameObject) ::: NAGRODA 0,02990732
AgentML_RED(Clone) (UnityEngine.GameObject) ::: NAGRODA 0,05829263
AgentML_RED(Clone) (UnityEngine.GameObject) ::: NAGRODA 0,04043645
Steps:800
Steps:900
AgentML_BLUE(Clone) (UnityEngine.GameObject) ::: NAGRODA 0,0386464
AgentML_BLUE(Clone) (UnityEngine.GameObject) ::: NAGRODA 0,03970459
AgentML_BLUE(Clone) (UnityEngine.GameObject) ::: NAGRODA 0,03850783
AgentML_BLUE(Clone) (UnityEngine.GameObject) ::: NAGRODA 0,03985625
AgentML_RED(Clone) (UnityEngine.GameObject) ::: NAGRODA 0,04782232
AgentML_RED(Clone) (UnityEngine.GameObject) ::: NAGRODA 0,03590539
AgentML_RED(Clone) (UnityEngine.GameObject) ::: NAGRODA 0,06949034
AgentML_RED(Clone) (UnityEngine.GameObject) ::: NAGRODA 0,05665505
Steps:1000
Steps:1100
AgentML_BLUE(Clone) (UnityEngine.GameObject) ::: NAGRODA 0,0386464
AgentML_BLUE(Clone) (UnityEngine.GameObject) ::: NAGRODA 0,03970459
AgentML_BLUE(Clone) (UnityEngine.GameObject) ::: NAGRODA 0,03850783
AgentML_BLUE(Clone) (UnityEngine.GameObject) ::: NAGRODA 0,03985625
AgentML_RED(Clone) (UnityEngine.GameObject) ::: NAGRODA 0,07743534
AgentML_RED(Clone) (UnityEngine.GameObject) ::: NAGRODA 0,06101029
AgentML_RED(Clone) (UnityEngine.GameObject) ::: NAGRODA 0,07888399
AgentML_RED(Clone) (UnityEngine.GameObject) ::: NAGRODA 0,07791868
Steps:1200
Team red wins!
EE
EE: EGE blue
EE: EGE red
Unloading 5 Unused Serialized files (Serialized files now loaded: 0)
UnloadTime: 13.464300 ms
Unloading 3 unused Assets to reduce memory usage. Loaded Objects now: 2137.
Total: 2.878100 ms (FindLiveObjects: 0.172800 ms CreateObjectMapping: 0.208600 ms MarkObjects: 2.466800 ms  DeleteObjects: 0.029500 ms)

SG: 
SG: blue on game start
OGS: spawning egants
OGS: trying spawn agent no 0
CICS: 232
EPISODE BEGIN
OGS: trying spawn agent no 1
CICS: 232
CICS: 232 AgentML_BLUE(Clone) (UnityEngine.Transform) at (-170.00, 2.50, -70.00)
CICS: 230
CICS: 230 AgentML_BLUE(Clone) (UnityEngine.Transform) at (-170.00, 2.50, -70.00)
EPISODE BEGIN
OGS: trying spawn agent no 2
CICS: 232
CICS: 232 AgentML_BLUE(Clone) (UnityEngine.Transform) at (-170.00, 2.50, -70.00)
CICS: 230
CICS: 230 AgentML_BLUE(Clone) (UnityEngine.Transform) at (-170.00, 2.50, -70.00)
CICS: 230 AgentML_BLUE(Clone) (UnityEngine.Transform) at (-170.00, 2.50, -78.00)
CICS: 331
CICS: 331 AgentML_BLUE(Clone) (UnityEngine.Transform) at (-170.00, 2.50, -70.00)
CICS: 331 AgentML_BLUE(Clone) (UnityEngine.Transform) at (-170.00, 2.50, -78.00)
EPISODE BEGIN
OGS: trying spawn agent no 3
CICS: 232
CICS: 232 AgentML_BLUE(Clone) (UnityEngine.Transform) at (-170.00, 2.50, -70.00)
CICS: 230
CICS: 230 AgentML_BLUE(Clone) (UnityEngine.Transform) at (-170.00, 2.50, -70.00)
CICS: 230 AgentML_BLUE(Clone) (UnityEngine.Transform) at (-170.00, 2.50, -78.00)
CICS: 331
CICS: 331 AgentML_BLUE(Clone) (UnityEngine.Transform) at (-170.00, 2.50, -70.00)
CICS: 331 AgentML_BLUE(Clone) (UnityEngine.Transform) at (-170.00, 2.50, -78.00)
CICS: 331 AgentML_BLUE(Clone) (UnityEngine.Transform) at (-166.00, 2.50, -74.00)
CICS: 131
CICS: 131 AgentML_BLUE(Clone) (UnityEngine.Transform) at (-170.00, 2.50, -70.00)
CICS: 131 AgentML_BLUE(Clone) (UnityEngine.Transform) at (-170.00, 2.50, -78.00)
CICS: 131 AgentML_BLUE(Clone) (UnityEngine.Transform) at (-166.00, 2.50, -74.00)
EPISODE BEGIN
SG: red on game start
OGS: spawning egants
OGS: trying spawn agent no 0
CICS: 6114
EPISODE BEGIN
OGS: trying spawn agent no 1
CICS: 6114
CICS: 6114 AgentML_RED(Clone) (UnityEngine.Transform) at (66.00, 2.50, -142.00)
CICS: 6112
CICS: 6112 AgentML_RED(Clone) (UnityEngine.Transform) at (66.00, 2.50, -142.00)
EPISODE BEGIN
OGS: trying spawn agent no 2
CICS: 6114
CICS: 6114 AgentML_RED(Clone) (UnityEngine.Transform) at (66.00, 2.50, -142.00)
CICS: 6112
CICS: 6112 AgentML_RED(Clone) (UnityEngine.Transform) at (66.00, 2.50, -142.00)
CICS: 6112 AgentML_RED(Clone) (UnityEngine.Transform) at (66.00, 2.50, -150.00)
CICS: 6213
CICS: 6213 AgentML_RED(Clone) (UnityEngine.Transform) at (66.00, 2.50, -142.00)
CICS: 6213 AgentML_RED(Clone) (UnityEngine.Transform) at (66.00, 2.50, -150.00)
EPISODE BEGIN
OGS: trying spawn agent no 3
CICS: 6114
CICS: 6114 AgentML_RED(Clone) (UnityEngine.Transform) at (66.00, 2.50, -142.00)
CICS: 6112
CICS: 6112 AgentML_RED(Clone) (UnityEngine.Transform) at (66.00, 2.50, -142.00)
CICS: 6112 AgentML_RED(Clone) (UnityEngine.Transform) at (66.00, 2.50, -150.00)
CICS: 6213
CICS: 6213 AgentML_RED(Clone) (UnityEngine.Transform) at (66.00, 2.50, -142.00)
CICS: 6213 AgentML_RED(Clone) (UnityEngine.Transform) at (66.00, 2.50, -150.00)
CICS: 6213 AgentML_RED(Clone) (UnityEngine.Transform) at (70.00, 2.50, -146.00)
CICS: 6013
CICS: 6013 AgentML_RED(Clone) (UnityEngine.Transform) at (66.00, 2.50, -142.00)
CICS: 6013 AgentML_RED(Clone) (UnityEngine.Transform) at (66.00, 2.50, -150.00)
CICS: 6013 AgentML_RED(Clone) (UnityEngine.Transform) at (70.00, 2.50, -146.00)
EPISODE BEGIN
Steps:0
Steps:100
AgentML_BLUE(Clone) (UnityEngine.GameObject) ::: NAGRODA 0,03019036
AgentML_BLUE(Clone) (UnityEngine.GameObject) ::: NAGRODA 0,03077196
AgentML_BLUE(Clone) (UnityEngine.GameObject) ::: NAGRODA 0,03125248
AgentML_BLUE(Clone) (UnityEngine.GameObject) ::: NAGRODA 0,02972714
AgentML_RED(Clone) (UnityEngine.GameObject) ::: NAGRODA 0,03600136
AgentML_RED(Clone) (UnityEngine.GameObject) ::: NAGRODA 0,05018441
AgentML_RED(Clone) (UnityEngine.GameObject) ::: NAGRODA 0,02504512
AgentML_RED(Clone) (UnityEngine.GameObject) ::: NAGRODA 0,06106922
Steps:200
Steps:300
AgentML_BLUE(Clone) (UnityEngine.GameObject) ::: NAGRODA 0,03019036
AgentML_BLUE(Clone) (UnityEngine.GameObject) ::: NAGRODA 0,03077196
AgentML_BLUE(Clone) (UnityEngine.GameObject) ::: NAGRODA 0,03125248
AgentML_BLUE(Clone) (UnityEngine.GameObject) ::: NAGRODA 0,02972714
AgentML_RED(Clone) (UnityEngine.GameObject) ::: NAGRODA 0,04397215
AgentML_RED(Clone) (UnityEngine.GameObject) ::: NAGRODA 0,07402254
AgentML_RED(Clone) (UnityEngine.GameObject) ::: NAGRODA 0,02801571
AgentML_RED(Clone) (UnityEngine.GameObject) ::: NAGRODA 0,04066761
Steps:400
Steps:500
AgentML_BLUE(Clone) (UnityEngine.GameObject) ::: NAGRODA 0,03019036
AgentML_BLUE(Clone) (UnityEngine.GameObject) ::: NAGRODA 0,03077196
AgentML_BLUE(Clone) (UnityEngine.GameObject) ::: NAGRODA 0,03125248
AgentML_BLUE(Clone) (UnityEngine.GameObject) ::: NAGRODA 0,02972714
AgentML_RED(Clone) (UnityEngine.GameObject) ::: NAGRODA 0,07050702
AgentML_RED(Clone) (UnityEngine.GameObject) ::: NAGRODA 0,0610339
AgentML_RED(Clone) (UnityEngine.GameObject) ::: NAGRODA 0,04976205
AgentML_RED(Clone) (UnityEngine.GameObject) ::: NAGRODA 0,07194453
Steps:600
Team red wins!
EE
EE: EGE blue
EE: EGE red
Unloading 3 Unused Serialized files (Serialized files now loaded: 0)
UnloadTime: 1.329600 ms
Unloading 2 unused Assets to reduce memory usage. Loaded Objects now: 2137.
Total: 3.423900 ms (FindLiveObjects: 0.159000 ms CreateObjectMapping: 0.193900 ms MarkObjects: 3.048500 ms  DeleteObjects: 0.021600 ms)

SG: 
SG: blue on game start
OGS: spawning egants
OGS: trying spawn agent no 0
CICS: 6095
EPISODE BEGIN
OGS: trying spawn agent no 1
CICS: 6095
CICS: 6095 AgentML_BLUE(Clone) (UnityEngine.Transform) at (62.00, 2.50, 182.00)
CICS: 6093
CICS: 6093 AgentML_BLUE(Clone) (UnityEngine.Transform) at (62.00, 2.50, 182.00)
EPISODE BEGIN
OGS: trying spawn agent no 2
CICS: 6095
CICS: 6095 AgentML_BLUE(Clone) (UnityEngine.Transform) at (62.00, 2.50, 182.00)
CICS: 6093
CICS: 6093 AgentML_BLUE(Clone) (UnityEngine.Transform) at (62.00, 2.50, 182.00)
CICS: 6093 AgentML_BLUE(Clone) (UnityEngine.Transform) at (62.00, 2.50, 174.00)
CICS: 6194
CICS: 6194 AgentML_BLUE(Clone) (UnityEngine.Transform) at (62.00, 2.50, 182.00)
CICS: 6194 AgentML_BLUE(Clone) (UnityEngine.Transform) at (62.00, 2.50, 174.00)
EPISODE BEGIN
OGS: trying spawn agent no 3
CICS: 6095
CICS: 6095 AgentML_BLUE(Clone) (UnityEngine.Transform) at (62.00, 2.50, 182.00)
CICS: 6093
CICS: 6093 AgentML_BLUE(Clone) (UnityEngine.Transform) at (62.00, 2.50, 182.00)
CICS: 6093 AgentML_BLUE(Clone) (UnityEngine.Transform) at (62.00, 2.50, 174.00)
CICS: 6194
CICS: 6194 AgentML_BLUE(Clone) (UnityEngine.Transform) at (62.00, 2.50, 182.00)
CICS: 6194 AgentML_BLUE(Clone) (UnityEngine.Transform) at (62.00, 2.50, 174.00)
CICS: 6194 AgentML_BLUE(Clone) (UnityEngine.Transform) at (66.00, 2.50, 178.00)
CICS: 5994
CICS: 5994 AgentML_BLUE(Clone) (UnityEngine.Transform) at (62.00, 2.50, 182.00)
CICS: 5994 AgentML_BLUE(Clone) (UnityEngine.Transform) at (62.00, 2.50, 174.00)
CICS: 5994 AgentML_BLUE(Clone) (UnityEngine.Transform) at (66.00, 2.50, 178.00)
EPISODE BEGIN
SG: red on game start
OGS: spawning egants
OGS: trying spawn agent no 0
CICS: 2462
EPISODE BEGIN
OGS: trying spawn agent no 1
CICS: 2462
CICS: 2462 AgentML_RED(Clone) (UnityEngine.Transform) at (-82.00, 2.50, 50.00)
CICS: 2460
CICS: 2460 AgentML_RED(Clone) (UnityEngine.Transform) at (-82.00, 2.50, 50.00)
EPISODE BEGIN
OGS: trying spawn agent no 2
CICS: 2462
CICS: 2462 AgentML_RED(Clone) (UnityEngine.Transform) at (-82.00, 2.50, 50.00)
CICS: 2460
CICS: 2460 AgentML_RED(Clone) (UnityEngine.Transform) at (-82.00, 2.50, 50.00)
CICS: 2460 AgentML_RED(Clone) (UnityEngine.Transform) at (-82.00, 2.50, 42.00)
CICS: 2561
CICS: 2561 AgentML_RED(Clone) (UnityEngine.Transform) at (-82.00, 2.50, 50.00)
CICS: 2561 AgentML_RED(Clone) (UnityEngine.Transform) at (-82.00, 2.50, 42.00)
EPISODE BEGIN
OGS: trying spawn agent no 3
CICS: 2462
CICS: 2462 AgentML_RED(Clone) (UnityEngine.Transform) at (-82.00, 2.50, 50.00)
CICS: 2460
CICS: 2460 AgentML_RED(Clone) (UnityEngine.Transform) at (-82.00, 2.50, 50.00)
CICS: 2460 AgentML_RED(Clone) (UnityEngine.Transform) at (-82.00, 2.50, 42.00)
CICS: 2561
CICS: 2561 AgentML_RED(Clone) (UnityEngine.Transform) at (-82.00, 2.50, 50.00)
CICS: 2561 AgentML_RED(Clone) (UnityEngine.Transform) at (-82.00, 2.50, 42.00)
CICS: 2561 AgentML_RED(Clone) (UnityEngine.Transform) at (-78.00, 2.50, 46.00)
CICS: 2361
CICS: 2361 AgentML_RED(Clone) (UnityEngine.Transform) at (-82.00, 2.50, 50.00)
CICS: 2361 AgentML_RED(Clone) (UnityEngine.Transform) at (-82.00, 2.50, 42.00)
CICS: 2361 AgentML_RED(Clone) (UnityEngine.Transform) at (-78.00, 2.50, 46.00)
EPISODE BEGIN
Steps:0
Steps:100
AgentML_BLUE(Clone) (UnityEngine.GameObject) ::: NAGRODA 0,04004753
AgentML_BLUE(Clone) (UnityEngine.GameObject) ::: NAGRODA 0,04139171
AgentML_BLUE(Clone) (UnityEngine.GameObject) ::: NAGRODA 0,04013623
AgentML_BLUE(Clone) (UnityEngine.GameObject) ::: NAGRODA 0,04130943
AgentML_RED(Clone) (UnityEngine.GameObject) ::: NAGRODA 0,0329435
AgentML_RED(Clone) (UnityEngine.GameObject) ::: NAGRODA 0,03401938
AgentML_RED(Clone) (UnityEngine.GameObject) ::: NAGRODA 0,03369589
AgentML_RED(Clone) (UnityEngine.GameObject) ::: NAGRODA 0,04122404
Steps:200
Steps:300
AgentML_BLUE(Clone) (UnityEngine.GameObject) ::: NAGRODA 0,04004753
AgentML_BLUE(Clone) (UnityEngine.GameObject) ::: NAGRODA 0,04139171
AgentML_BLUE(Clone) (UnityEngine.GameObject) ::: NAGRODA 0,04013623
AgentML_BLUE(Clone) (UnityEngine.GameObject) ::: NAGRODA 0,04130943
AgentML_RED(Clone) (UnityEngine.GameObject) ::: NAGRODA 0,0277479
AgentML_RED(Clone) (UnityEngine.GameObject) ::: NAGRODA 0,04738167
AgentML_RED(Clone) (UnityEngine.GameObject) ::: NAGRODA 0,03502499
AgentML_RED(Clone) (UnityEngine.GameObject) ::: NAGRODA 0,06585912
Steps:400
Steps:500
AgentML_BLUE(Clone) (UnityEngine.GameObject) ::: NAGRODA 0,04004753
AgentML_BLUE(Clone) (UnityEngine.GameObject) ::: NAGRODA 0,04139171
AgentML_BLUE(Clone) (UnityEngine.GameObject) ::: NAGRODA 0,04013623
AgentML_BLUE(Clone) (UnityEngine.GameObject) ::: NAGRODA 0,04130943
AgentML_RED(Clone) (UnityEngine.GameObject) ::: NAGRODA 0,02626742
AgentML_RED(Clone) (UnityEngine.GameObject) ::: NAGRODA 0,07726616
AgentML_RED(Clone) (UnityEngine.GameObject) ::: NAGRODA 0,05309146
AgentML_RED(Clone) (UnityEngine.GameObject) ::: NAGRODA 0,04343655
Steps:600
Steps:700
AgentML_BLUE(Clone) (UnityEngine.GameObject) ::: NAGRODA 0,04004753
AgentML_BLUE(Clone) (UnityEngine.GameObject) ::: NAGRODA 0,04139171
AgentML_BLUE(Clone) (UnityEngine.GameObject) ::: NAGRODA 0,04013623
AgentML_BLUE(Clone) (UnityEngine.GameObject) ::: NAGRODA 0,04130943
AgentML_RED(Clone) (UnityEngine.GameObject) ::: NAGRODA 0,03699882
AgentML_RED(Clone) (UnityEngine.GameObject) ::: NAGRODA 0,07560702
AgentML_RED(Clone) (UnityEngine.GameObject) ::: NAGRODA 0,07772697
AgentML_RED(Clone) (UnityEngine.GameObject) ::: NAGRODA 0,04014746
Steps:800
Steps:900
AgentML_BLUE(Clone) (UnityEngine.GameObject) ::: NAGRODA 0,04004753
AgentML_BLUE(Clone) (UnityEngine.GameObject) ::: NAGRODA 0,04139171
AgentML_BLUE(Clone) (UnityEngine.GameObject) ::: NAGRODA 0,04013623
AgentML_BLUE(Clone) (UnityEngine.GameObject) ::: NAGRODA 0,04130943
AgentML_RED(Clone) (UnityEngine.GameObject) ::: NAGRODA 0,06128398
AgentML_RED(Clone) (UnityEngine.GameObject) ::: NAGRODA 0,06380218
AgentML_RED(Clone) (UnityEngine.GameObject) ::: NAGRODA 0,06875185
AgentML_RED(Clone) (UnityEngine.GameObject) ::: NAGRODA 0,03310442
Steps:1000
Steps:1100
AgentML_BLUE(Clone) (UnityEngine.GameObject) ::: NAGRODA 0,04004753
AgentML_BLUE(Clone) (UnityEngine.GameObject) ::: NAGRODA 0,04139171
AgentML_BLUE(Clone) (UnityEngine.GameObject) ::: NAGRODA 0,04013623
AgentML_BLUE(Clone) (UnityEngine.GameObject) ::: NAGRODA 0,04130943
AgentML_RED(Clone) (UnityEngine.GameObject) ::: NAGRODA 0,07413965
AgentML_RED(Clone) (UnityEngine.GameObject) ::: NAGRODA 0,06722274
AgentML_RED(Clone) (UnityEngine.GameObject) ::: NAGRODA 0,04001717
AgentML_RED(Clone) (UnityEngine.GameObject) ::: NAGRODA 0,03269631
Steps:1200
Steps:1300
AgentML_BLUE(Clone) (UnityEngine.GameObject) ::: NAGRODA 0,04004753
AgentML_BLUE(Clone) (UnityEngine.GameObject) ::: NAGRODA 0,04139171
AgentML_BLUE(Clone) (UnityEngine.GameObject) ::: NAGRODA 0,04013623
AgentML_BLUE(Clone) (UnityEngine.GameObject) ::: NAGRODA 0,04130943
AgentML_RED(Clone) (UnityEngine.GameObject) ::: NAGRODA 0,07792992
AgentML_RED(Clone) (UnityEngine.GameObject) ::: NAGRODA 0,04724608
AgentML_RED(Clone) (UnityEngine.GameObject) ::: NAGRODA 0,04746906
AgentML_RED(Clone) (UnityEngine.GameObject) ::: NAGRODA 0,04068123
Steps:1400
Steps:1500
AgentML_BLUE(Clone) (UnityEngine.GameObject) ::: NAGRODA 0,04004753
AgentML_BLUE(Clone) (UnityEngine.GameObject) ::: NAGRODA 0,04139171
AgentML_BLUE(Clone) (UnityEngine.GameObject) ::: NAGRODA 0,04013623
AgentML_BLUE(Clone) (UnityEngine.GameObject) ::: NAGRODA 0,04130943
AgentML_RED(Clone) (UnityEngine.GameObject) ::: NAGRODA 0,04911145
AgentML_RED(Clone) (UnityEngine.GameObject) ::: NAGRODA 0,04321493
AgentML_RED(Clone) (UnityEngine.GameObject) ::: NAGRODA 0,0663408
AgentML_RED(Clone) (UnityEngine.GameObject) ::: NAGRODA 0,04218421
Steps:1600
Steps:1700
AgentML_BLUE(Clone) (UnityEngine.GameObject) ::: NAGRODA 0,04004753
AgentML_BLUE(Clone) (UnityEngine.GameObject) ::: NAGRODA 0,04139171
AgentML_BLUE(Clone) (UnityEngine.GameObject) ::: NAGRODA 0,04013623
AgentML_BLUE(Clone) (UnityEngine.GameObject) ::: NAGRODA 0,04130943
AgentML_RED(Clone) (UnityEngine.GameObject) ::: NAGRODA 0,04542679
AgentML_RED(Clone) (UnityEngine.GameObject) ::: NAGRODA 0,06292901
AgentML_RED(Clone) (UnityEngine.GameObject) ::: NAGRODA 0,06908489
AgentML_RED(Clone) (UnityEngine.GameObject) ::: NAGRODA 0,06354486
Steps:1800
Steps:1900
Team red wins!
EE
EE: EGE blue
EE: EGE red
Unloading 3 Unused Serialized files (Serialized files now loaded: 0)
UnloadTime: 5.137600 ms
Unloading 2 unused Assets to reduce memory usage. Loaded Objects now: 2137.
Total: 2.368300 ms (FindLiveObjects: 0.207700 ms CreateObjectMapping: 0.181100 ms MarkObjects: 1.958000 ms  DeleteObjects: 0.021200 ms)

SG: 
SG: blue on game start
OGS: spawning egants
OGS: trying spawn agent no 0
CICS: 8677
EPISODE BEGIN
OGS: trying spawn agent no 1
CICS: 8677
CICS: 8677 AgentML_BLUE(Clone) (UnityEngine.Transform) at (166.00, 2.50, 110.00)
CICS: 8675
CICS: 8675 AgentML_BLUE(Clone) (UnityEngine.Transform) at (166.00, 2.50, 110.00)
EPISODE BEGIN
OGS: trying spawn agent no 2
CICS: 8677
CICS: 8677 AgentML_BLUE(Clone) (UnityEngine.Transform) at (166.00, 2.50, 110.00)
CICS: 8675
CICS: 8675 AgentML_BLUE(Clone) (UnityEngine.Transform) at (166.00, 2.50, 110.00)
CICS: 8675 AgentML_BLUE(Clone) (UnityEngine.Transform) at (166.00, 2.50, 102.00)
CICS: 8776
CICS: 8776 AgentML_BLUE(Clone) (UnityEngine.Transform) at (166.00, 2.50, 110.00)
CICS: 8776 AgentML_BLUE(Clone) (UnityEngine.Transform) at (166.00, 2.50, 102.00)
EPISODE BEGIN
OGS: trying spawn agent no 3
CICS: 8677
CICS: 8677 AgentML_BLUE(Clone) (UnityEngine.Transform) at (166.00, 2.50, 110.00)
CICS: 8675
CICS: 8675 AgentML_BLUE(Clone) (UnityEngine.Transform) at (166.00, 2.50, 110.00)
CICS: 8675 AgentML_BLUE(Clone) (UnityEngine.Transform) at (166.00, 2.50, 102.00)
CICS: 8776
CICS: 8776 AgentML_BLUE(Clone) (UnityEngine.Transform) at (166.00, 2.50, 110.00)
CICS: 8776 AgentML_BLUE(Clone) (UnityEngine.Transform) at (166.00, 2.50, 102.00)
CICS: 8776 AgentML_BLUE(Clone) (UnityEngine.Transform) at (170.00, 2.50, 106.00)
CICS: 8576
CICS: 8576 AgentML_BLUE(Clone) (UnityEngine.Transform) at (166.00, 2.50, 110.00)
CICS: 8576 AgentML_BLUE(Clone) (UnityEngine.Transform) at (166.00, 2.50, 102.00)
CICS: 8576 AgentML_BLUE(Clone) (UnityEngine.Transform) at (170.00, 2.50, 106.00)
EPISODE BEGIN
SG: red on game start
OGS: spawning egants
OGS: trying spawn agent no 0
CICS: 1958
EPISODE BEGIN
OGS: trying spawn agent no 1
CICS: 1958
CICS: 1958 AgentML_RED(Clone) (UnityEngine.Transform) at (-102.00, 2.50, 34.00)
CICS: 1956
CICS: 1956 AgentML_RED(Clone) (UnityEngine.Transform) at (-102.00, 2.50, 34.00)
EPISODE BEGIN
OGS: trying spawn agent no 2
CICS: 1958
CICS: 1958 AgentML_RED(Clone) (UnityEngine.Transform) at (-102.00, 2.50, 34.00)
CICS: 1956
CICS: 1956 AgentML_RED(Clone) (UnityEngine.Transform) at (-102.00, 2.50, 34.00)
CICS: 1956 AgentML_RED(Clone) (UnityEngine.Transform) at (-102.00, 2.50, 26.00)
CICS: 2057
CICS: 2057 AgentML_RED(Clone) (UnityEngine.Transform) at (-102.00, 2.50, 34.00)
CICS: 2057 AgentML_RED(Clone) (UnityEngine.Transform) at (-102.00, 2.50, 26.00)
EPISODE BEGIN
OGS: trying spawn agent no 3
CICS: 1958
CICS: 1958 AgentML_RED(Clone) (UnityEngine.Transform) at (-102.00, 2.50, 34.00)
CICS: 1956
CICS: 1956 AgentML_RED(Clone) (UnityEngine.Transform) at (-102.00, 2.50, 34.00)
CICS: 1956 AgentML_RED(Clone) (UnityEngine.Transform) at (-102.00, 2.50, 26.00)
CICS: 2057
CICS: 2057 AgentML_RED(Clone) (UnityEngine.Transform) at (-102.00, 2.50, 34.00)
CICS: 2057 AgentML_RED(Clone) (UnityEngine.Transform) at (-102.00, 2.50, 26.00)
CICS: 2057 AgentML_RED(Clone) (UnityEngine.Transform) at (-98.00, 2.50, 30.00)
CICS: 1857
CICS: 1857 AgentML_RED(Clone) (UnityEngine.Transform) at (-102.00, 2.50, 34.00)
CICS: 1857 AgentML_RED(Clone) (UnityEngine.Transform) at (-102.00, 2.50, 26.00)
CICS: 1857 AgentML_RED(Clone) (UnityEngine.Transform) at (-98.00, 2.50, 30.00)
EPISODE BEGIN
Steps:0
Steps:100
AgentML_BLUE(Clone) (UnityEngine.GameObject) ::: NAGRODA 0,02386267
AgentML_BLUE(Clone) (UnityEngine.GameObject) ::: NAGRODA 0,02440684
AgentML_BLUE(Clone) (UnityEngine.GameObject) ::: NAGRODA 0,02337491
AgentML_BLUE(Clone) (UnityEngine.GameObject) ::: NAGRODA 0,02491025
AgentML_RED(Clone) (UnityEngine.GameObject) ::: NAGRODA 0,01248791
AgentML_RED(Clone) (UnityEngine.GameObject) ::: NAGRODA 0,01568089
AgentML_RED(Clone) (UnityEngine.GameObject) ::: NAGRODA 0,04440061
AgentML_RED(Clone) (UnityEngine.GameObject) ::: NAGRODA 0,02150608
Steps:200
Steps:300
AgentML_BLUE(Clone) (UnityEngine.GameObject) ::: NAGRODA 0,02386267
AgentML_BLUE(Clone) (UnityEngine.GameObject) ::: NAGRODA 0,02440684
AgentML_BLUE(Clone) (UnityEngine.GameObject) ::: NAGRODA 0,02337491
AgentML_BLUE(Clone) (UnityEngine.GameObject) ::: NAGRODA 0,02491025
AgentML_RED(Clone) (UnityEngine.GameObject) ::: NAGRODA 0,01358892
AgentML_RED(Clone) (UnityEngine.GameObject) ::: NAGRODA 0,02441846
AgentML_RED(Clone) (UnityEngine.GameObject) ::: NAGRODA 0,06430685
AgentML_RED(Clone) (UnityEngine.GameObject) ::: NAGRODA 0,0288321
Steps:400
Steps:500
AgentML_BLUE(Clone) (UnityEngine.GameObject) ::: NAGRODA 0,02386267
AgentML_BLUE(Clone) (UnityEngine.GameObject) ::: NAGRODA 0,02440684
AgentML_BLUE(Clone) (UnityEngine.GameObject) ::: NAGRODA 0,02337491
AgentML_BLUE(Clone) (UnityEngine.GameObject) ::: NAGRODA 0,02491025
AgentML_RED(Clone) (UnityEngine.GameObject) ::: NAGRODA 0,03015978
AgentML_RED(Clone) (UnityEngine.GameObject) ::: NAGRODA 0,04354457
AgentML_RED(Clone) (UnityEngine.GameObject) ::: NAGRODA 0,02666667
AgentML_RED(Clone) (UnityEngine.GameObject) ::: NAGRODA 0,02370407
Steps:600
Steps:700
AgentML_BLUE(Clone) (UnityEngine.GameObject) ::: NAGRODA 0,02386267
AgentML_BLUE(Clone) (UnityEngine.GameObject) ::: NAGRODA 0,02440684
AgentML_BLUE(Clone) (UnityEngine.GameObject) ::: NAGRODA 0,02337491
AgentML_BLUE(Clone) (UnityEngine.GameObject) ::: NAGRODA 0,02491025
AgentML_RED(Clone) (UnityEngine.GameObject) ::: NAGRODA 0,06029682
AgentML_RED(Clone) (UnityEngine.GameObject) ::: NAGRODA 0,02242425
AgentML_RED(Clone) (UnityEngine.GameObject) ::: NAGRODA 0,03074688
AgentML_RED(Clone) (UnityEngine.GameObject) ::: NAGRODA 0,03761126
Steps:800
Steps:900
AgentML_BLUE(Clone) (UnityEngine.GameObject) ::: NAGRODA 0,02386267
AgentML_BLUE(Clone) (UnityEngine.GameObject) ::: NAGRODA 0,02440684
AgentML_BLUE(Clone) (UnityEngine.GameObject) ::: NAGRODA 0,02337491
AgentML_BLUE(Clone) (UnityEngine.GameObject) ::: NAGRODA 0,02491025
AgentML_RED(Clone) (UnityEngine.GameObject) ::: NAGRODA 0,07503527
AgentML_RED(Clone) (UnityEngine.GameObject) ::: NAGRODA 0,03007989
AgentML_RED(Clone) (UnityEngine.GameObject) ::: NAGRODA 0,04096128
AgentML_RED(Clone) (UnityEngine.GameObject) ::: NAGRODA 0,06368457
Steps:1000
Steps:1100
AgentML_BLUE(Clone) (UnityEngine.GameObject) ::: NAGRODA 0,02386267
AgentML_BLUE(Clone) (UnityEngine.GameObject) ::: NAGRODA 0,02440684
AgentML_BLUE(Clone) (UnityEngine.GameObject) ::: NAGRODA 0,02337491
AgentML_BLUE(Clone) (UnityEngine.GameObject) ::: NAGRODA 0,02491025
AgentML_RED(Clone) (UnityEngine.GameObject) ::: NAGRODA 0,05108766
AgentML_RED(Clone) (UnityEngine.GameObject) ::: NAGRODA 0,04923886
AgentML_RED(Clone) (UnityEngine.GameObject) ::: NAGRODA 0,06604253
AgentML_RED(Clone) (UnityEngine.GameObject) ::: NAGRODA 0,07492448
Steps:1200
Steps:1300
AgentML_BLUE(Clone) (UnityEngine.GameObject) ::: NAGRODA 0,02386267
AgentML_BLUE(Clone) (UnityEngine.GameObject) ::: NAGRODA 0,02440684
AgentML_BLUE(Clone) (UnityEngine.GameObject) ::: NAGRODA 0,02337491
AgentML_BLUE(Clone) (UnityEngine.GameObject) ::: NAGRODA 0,02491025
AgentML_RED(Clone) (UnityEngine.GameObject) ::: NAGRODA 0,02390101
AgentML_RED(Clone) (UnityEngine.GameObject) ::: NAGRODA 0,04171368
AgentML_RED(Clone) (UnityEngine.GameObject) ::: NAGRODA 0,06364349
AgentML_RED(Clone) (UnityEngine.GameObject) ::: NAGRODA 0,05285982
Steps:1400
Steps:1500
AgentML_BLUE(Clone) (UnityEngine.GameObject) ::: NAGRODA 0,02386267
AgentML_BLUE(Clone) (UnityEngine.GameObject) ::: NAGRODA 0,02440684
AgentML_BLUE(Clone) (UnityEngine.GameObject) ::: NAGRODA 0,02337491
AgentML_BLUE(Clone) (UnityEngine.GameObject) ::: NAGRODA 0,02491025
AgentML_RED(Clone) (UnityEngine.GameObject) ::: NAGRODA 0,04648305
AgentML_RED(Clone) (UnityEngine.GameObject) ::: NAGRODA 0,04226215
AgentML_RED(Clone) (UnityEngine.GameObject) ::: NAGRODA 0,05478106
AgentML_RED(Clone) (UnityEngine.GameObject) ::: NAGRODA 0,05447267
Steps:1600
Steps:1700
AgentML_BLUE(Clone) (UnityEngine.GameObject) ::: NAGRODA 0,02386267
AgentML_BLUE(Clone) (UnityEngine.GameObject) ::: NAGRODA 0,02440684
AgentML_BLUE(Clone) (UnityEngine.GameObject) ::: NAGRODA 0,02337491
AgentML_BLUE(Clone) (UnityEngine.GameObject) ::: NAGRODA 0,02491025
AgentML_RED(Clone) (UnityEngine.GameObject) ::: NAGRODA 0,06106247
AgentML_RED(Clone) (UnityEngine.GameObject) ::: NAGRODA 0,03870872
AgentML_RED(Clone) (UnityEngine.GameObject) ::: NAGRODA 0,05131665
AgentML_RED(Clone) (UnityEngine.GameObject) ::: NAGRODA 0,07774247
Steps:1800
Steps:1900
AgentML_BLUE(Clone) (UnityEngine.GameObject) ::: NAGRODA 0,02386267
AgentML_BLUE(Clone) (UnityEngine.GameObject) ::: NAGRODA 0,02440684
AgentML_BLUE(Clone) (UnityEngine.GameObject) ::: NAGRODA 0,02337491
AgentML_BLUE(Clone) (UnityEngine.GameObject) ::: NAGRODA 0,02491025
AgentML_RED(Clone) (UnityEngine.GameObject) ::: NAGRODA 0,07083681
AgentML_RED(Clone) (UnityEngine.GameObject) ::: NAGRODA 0,02733582
AgentML_RED(Clone) (UnityEngine.GameObject) ::: NAGRODA 0,05037741
AgentML_RED(Clone) (UnityEngine.GameObject) ::: NAGRODA 0,05569794
Steps:2000
Unloading 3 Unused Serialized files (Serialized files now loaded: 0)
Steps:0
UnloadTime: 1.094300 ms
Unloading 2 unused Assets to reduce memory usage. Loaded Objects now: 2137.
Total: 2.467400 ms (FindLiveObjects: 0.156400 ms CreateObjectMapping: 0.175600 ms MarkObjects: 2.111900 ms  DeleteObjects: 0.023100 ms)

SG: 
SG: blue on game start
OGS: spawning egants
OGS: trying spawn agent no 0
CICS: 8310
EPISODE BEGIN
OGS: trying spawn agent no 1
CICS: 8310
CICS: 8310 AgentML_BLUE(Clone) (UnityEngine.Transform) at (154.00, 2.50, -158.00)
CICS: 8308
CICS: 8308 AgentML_BLUE(Clone) (UnityEngine.Transform) at (154.00, 2.50, -158.00)
EPISODE BEGIN
OGS: trying spawn agent no 2
CICS: 8310
CICS: 8310 AgentML_BLUE(Clone) (UnityEngine.Transform) at (154.00, 2.50, -158.00)
CICS: 8308
CICS: 8308 AgentML_BLUE(Clone) (UnityEngine.Transform) at (154.00, 2.50, -158.00)
CICS: 8308 AgentML_BLUE(Clone) (UnityEngine.Transform) at (154.00, 2.50, -166.00)
CICS: 8409
CICS: 8409 AgentML_BLUE(Clone) (UnityEngine.Transform) at (154.00, 2.50, -158.00)
CICS: 8409 AgentML_BLUE(Clone) (UnityEngine.Transform) at (154.00, 2.50, -166.00)
EPISODE BEGIN
OGS: trying spawn agent no 3
CICS: 8310
CICS: 8310 AgentML_BLUE(Clone) (UnityEngine.Transform) at (154.00, 2.50, -158.00)
CICS: 8308
CICS: 8308 AgentML_BLUE(Clone) (UnityEngine.Transform) at (154.00, 2.50, -158.00)
CICS: 8308 AgentML_BLUE(Clone) (UnityEngine.Transform) at (154.00, 2.50, -166.00)
CICS: 8409
CICS: 8409 AgentML_BLUE(Clone) (UnityEngine.Transform) at (154.00, 2.50, -158.00)
CICS: 8409 AgentML_BLUE(Clone) (UnityEngine.Transform) at (154.00, 2.50, -166.00)
CICS: 8409 AgentML_BLUE(Clone) (UnityEngine.Transform) at (158.00, 2.50, -162.00)
CICS: 8209
CICS: 8209 AgentML_BLUE(Clone) (UnityEngine.Transform) at (154.00, 2.50, -158.00)
CICS: 8209 AgentML_BLUE(Clone) (UnityEngine.Transform) at (154.00, 2.50, -166.00)
CICS: 8209 AgentML_BLUE(Clone) (UnityEngine.Transform) at (158.00, 2.50, -162.00)
EPISODE BEGIN
SG: red on game start
OGS: spawning egants
OGS: trying spawn agent no 0
CICS: 5877
EPISODE BEGIN
OGS: trying spawn agent no 1
CICS: 5877
CICS: 5877 AgentML_RED(Clone) (UnityEngine.Transform) at (54.00, 2.50, 110.00)
CICS: 5875
CICS: 5875 AgentML_RED(Clone) (UnityEngine.Transform) at (54.00, 2.50, 110.00)
EPISODE BEGIN
OGS: trying spawn agent no 2
CICS: 5877
CICS: 5877 AgentML_RED(Clone) (UnityEngine.Transform) at (54.00, 2.50, 110.00)
CICS: 5875
CICS: 5875 AgentML_RED(Clone) (UnityEngine.Transform) at (54.00, 2.50, 110.00)
CICS: 5875 AgentML_RED(Clone) (UnityEngine.Transform) at (54.00, 2.50, 102.00)
CICS: 5976
CICS: 5976 AgentML_RED(Clone) (UnityEngine.Transform) at (54.00, 2.50, 110.00)
CICS: 5976 AgentML_RED(Clone) (UnityEngine.Transform) at (54.00, 2.50, 102.00)
EPISODE BEGIN
OGS: trying spawn agent no 3
CICS: 5877
CICS: 5877 AgentML_RED(Clone) (UnityEngine.Transform) at (54.00, 2.50, 110.00)
CICS: 5875
CICS: 5875 AgentML_RED(Clone) (UnityEngine.Transform) at (54.00, 2.50, 110.00)
CICS: 5875 AgentML_RED(Clone) (UnityEngine.Transform) at (54.00, 2.50, 102.00)
CICS: 5976
CICS: 5976 AgentML_RED(Clone) (UnityEngine.Transform) at (54.00, 2.50, 110.00)
CICS: 5976 AgentML_RED(Clone) (UnityEngine.Transform) at (54.00, 2.50, 102.00)
CICS: 5976 AgentML_RED(Clone) (UnityEngine.Transform) at (58.00, 2.50, 106.00)
CICS: 5776
CICS: 5776 AgentML_RED(Clone) (UnityEngine.Transform) at (54.00, 2.50, 110.00)
CICS: 5776 AgentML_RED(Clone) (UnityEngine.Transform) at (54.00, 2.50, 102.00)
CICS: 5776 AgentML_RED(Clone) (UnityEngine.Transform) at (58.00, 2.50, 106.00)
EPISODE BEGIN
Steps:0
Steps:100
AgentML_BLUE(Clone) (UnityEngine.GameObject) ::: NAGRODA 0,02358405
AgentML_BLUE(Clone) (UnityEngine.GameObject) ::: NAGRODA 0,02171484
AgentML_BLUE(Clone) (UnityEngine.GameObject) ::: NAGRODA 0,02236667
AgentML_BLUE(Clone) (UnityEngine.GameObject) ::: NAGRODA 0,02292461
AgentML_RED(Clone) (UnityEngine.GameObject) ::: NAGRODA 0,02435104
AgentML_RED(Clone) (UnityEngine.GameObject) ::: NAGRODA 0,02956425
AgentML_RED(Clone) (UnityEngine.GameObject) ::: NAGRODA 0,04287358
AgentML_RED(Clone) (UnityEngine.GameObject) ::: NAGRODA 0,02260308
Steps:200
Unable to save timers to file C:/Users/Kacper/Documents/GitHub/deepctf/BuildLowRewards/CTF_Data\ML-Agents\Timers\SceneMain_timers.json
Setting up 2 worker threads for Enlighten.
Memory Statistics:
[ALLOC_TEMP_TLS] TLS Allocator
  StackAllocators : 
    [ALLOC_TEMP_MAIN]
      Peak usage frame count: [16.0 KB-32.0 KB]: 358 frames, [128.0 KB-256.0 KB]: 4 frames, [2.0 MB-4.0 MB]: 1 frames
      Initial Block Size 4.0 MB
      Current Block Size 4.0 MB
      Peak Allocated Bytes 2.1 MB
      Overflow Count 0
    [ALLOC_TEMP_Loading.AsyncRead]
      Initial Block Size 64.0 KB
      Current Block Size 64.0 KB
      Peak Allocated Bytes 276 B
      Overflow Count 0
    [ALLOC_TEMP_Loading.PreloadManager]
      Initial Block Size 256.0 KB
      Current Block Size 256.0 KB
      Peak Allocated Bytes 116.9 KB
      Overflow Count 21
    [ALLOC_TEMP_Background Job.Worker 8]
      Initial Block Size 32.0 KB
      Current Block Size 32.0 KB
      Peak Allocated Bytes 54 B
      Overflow Count 0
    [ALLOC_TEMP_Background Job.Worker 9]
      Initial Block Size 32.0 KB
      Current Block Size 32.0 KB
      Peak Allocated Bytes 54 B
      Overflow Count 0
    [ALLOC_TEMP_Job.Worker 0]
      Initial Block Size 256.0 KB
      Current Block Size 256.0 KB
      Peak Allocated Bytes 392 B
      Overflow Count 0
    [ALLOC_TEMP_Background Job.Worker 10]
      Initial Block Size 32.0 KB
      Current Block Size 32.0 KB
      Peak Allocated Bytes 54 B
      Overflow Count 0
    [ALLOC_TEMP_Background Job.Worker 14]
      Initial Block Size 32.0 KB
      Current Block Size 32.0 KB
      Peak Allocated Bytes 54 B
      Overflow Count 0
    [ALLOC_TEMP_Background Job.Worker 6]
      Initial Block Size 32.0 KB
      Current Block Size 32.0 KB
      Peak Allocated Bytes 54 B
      Overflow Count 0
    [ALLOC_TEMP_Background Job.Worker 12]
      Initial Block Size 32.0 KB
      Current Block Size 32.0 KB
      Peak Allocated Bytes 54 B
      Overflow Count 0
    [ALLOC_TEMP_EnlightenWorker] x 2
      Initial Block Size 64.0 KB
      Current Block Size 64.0 KB
      Peak Allocated Bytes 54 B
      Overflow Count 0
    [ALLOC_TEMP_Background Job.Worker 15]
      Initial Block Size 32.0 KB
      Current Block Size 32.0 KB
      Peak Allocated Bytes 54 B
      Overflow Count 0
    [ALLOC_TEMP_Background Job.Worker 1]
      Initial Block Size 32.0 KB
      Current Block Size 32.0 KB
      Peak Allocated Bytes 54 B
      Overflow Count 0
    [ALLOC_TEMP_Background Job.Worker 2]
      Initial Block Size 32.0 KB
      Current Block Size 32.0 KB
      Peak Allocated Bytes 54 B
      Overflow Count 0
    [ALLOC_TEMP_Background Job.Worker 7]
      Initial Block Size 32.0 KB
      Current Block Size 32.0 KB
      Peak Allocated Bytes 54 B
      Overflow Count 0
    [ALLOC_TEMP_AssetGarbageCollectorHelper] x 3
      Initial Block Size 64.0 KB
      Current Block Size 64.0 KB
      Peak Allocated Bytes 0 B
      Overflow Count 0
    [ALLOC_TEMP_Background Job.Worker 5]
      Initial Block Size 32.0 KB
      Current Block Size 32.0 KB
      Peak Allocated Bytes 54 B
      Overflow Count 0
    [ALLOC_TEMP_Background Job.Worker 13]
      Initial Block Size 32.0 KB
      Current Block Size 32.0 KB
      Peak Allocated Bytes 54 B
      Overflow Count 0
    [ALLOC_TEMP_Job.Worker 1]
      Initial Block Size 256.0 KB
      Current Block Size 256.0 KB
      Peak Allocated Bytes 392 B
      Overflow Count 0
    [ALLOC_TEMP_Job.Worker 2]
      Initial Block Size 256.0 KB
      Current Block Size 256.0 KB
      Peak Allocated Bytes 392 B
      Overflow Count 0
    [ALLOC_TEMP_Background Job.Worker 3]
      Initial Block Size 32.0 KB
      Current Block Size 32.0 KB
      Peak Allocated Bytes 54 B
      Overflow Count 0
    [ALLOC_TEMP_Background Job.Worker 11]
      Initial Block Size 32.0 KB
      Current Block Size 32.0 KB
      Peak Allocated Bytes 54 B
      Overflow Count 0
    [ALLOC_TEMP_Background Job.Worker 0]
      Initial Block Size 32.0 KB
      Current Block Size 32.0 KB
      Peak Allocated Bytes 54 B
      Overflow Count 0
    [ALLOC_TEMP_Background Job.Worker 4]
      Initial Block Size 32.0 KB
      Current Block Size 32.0 KB
      Peak Allocated Bytes 54 B
      Overflow Count 0
    [ALLOC_TEMP_BatchDeleteObjects]
      Initial Block Size 64.0 KB
      Current Block Size 64.0 KB
      Peak Allocated Bytes 54 B
      Overflow Count 0
[ALLOC_DEFAULT] Dual Thread Allocator
  Peak main deferred allocation count 2080
    [ALLOC_BUCKET]
      Large Block size 4.0 MB
      Used Block count 1
      Peak Allocated bytes 1.2 MB
    [ALLOC_DEFAULT_MAIN]
      Peak usage frame count: [4.0 MB-8.0 MB]: 363 frames
      Requested Block Size 16.0 MB
      Peak Block count 1
      Peak Allocated memory 6.9 MB
      Peak Large allocation bytes 0 B
    [ALLOC_DEFAULT_THREAD]
      Peak usage frame count: [16.0 MB-32.0 MB]: 363 frames
      Requested Block Size 16.0 MB
      Peak Block count 1
      Peak Allocated memory 18.0 MB
      Peak Large allocation bytes 16.0 MB
[ALLOC_TEMP_JOB_1_FRAME]
  Initial Block Size 2.0 MB
  Used Block Count 1
  Overflow Count (too large) 0
  Overflow Count (full) 0
[ALLOC_TEMP_JOB_2_FRAMES]
  Initial Block Size 2.0 MB
  Used Block Count 1
  Overflow Count (too large) 0
  Overflow Count (full) 0
[ALLOC_TEMP_JOB_4_FRAMES (JobTemp)]
  Initial Block Size 2.0 MB
  Used Block Count 2
  Overflow Count (too large) 0
  Overflow Count (full) 0
[ALLOC_TEMP_JOB_ASYNC (Background)]
  Initial Block Size 1.0 MB
  Used Block Count 4
  Overflow Count (too large) 0
  Overflow Count (full) 0
[ALLOC_GFX] Dual Thread Allocator
  Peak main deferred allocation count 0
    [ALLOC_BUCKET]
      Large Block size 4.0 MB
      Used Block count 1
      Peak Allocated bytes 1.2 MB
    [ALLOC_GFX_MAIN]
      Peak usage frame count: [64.0 KB-128.0 KB]: 363 frames
      Requested Block Size 16.0 MB
      Peak Block count 1
      Peak Allocated memory 108.4 KB
      Peak Large allocation bytes 0 B
    [ALLOC_GFX_THREAD]
      Peak usage frame count: [32.0 KB-64.0 KB]: 363 frames
      Requested Block Size 16.0 MB
      Peak Block count 1
      Peak Allocated memory 42.0 KB
      Peak Large allocation bytes 0 B
[ALLOC_CACHEOBJECTS] Dual Thread Allocator
  Peak main deferred allocation count 28
    [ALLOC_BUCKET]
      Large Block size 4.0 MB
      Used Block count 1
      Peak Allocated bytes 1.2 MB
    [ALLOC_CACHEOBJECTS_MAIN]
      Peak usage frame count: [0.5 MB-1.0 MB]: 360 frames, [1.0 MB-2.0 MB]: 3 frames
      Requested Block Size 4.0 MB
      Peak Block count 1
      Peak Allocated memory 1.0 MB
      Peak Large allocation bytes 0 B
    [ALLOC_CACHEOBJECTS_THREAD]
      Peak usage frame count: [0.5 MB-1.0 MB]: 363 frames
      Requested Block Size 4.0 MB
      Peak Block count 1
      Peak Allocated memory 0.7 MB
      Peak Large allocation bytes 0 B
[ALLOC_TYPETREE] Dual Thread Allocator
  Peak main deferred allocation count 0
    [ALLOC_BUCKET]
      Large Block size 4.0 MB
      Used Block count 1
      Peak Allocated bytes 1.2 MB
    [ALLOC_TYPETREE_MAIN]
      Peak usage frame count: [4.0 KB-8.0 KB]: 363 frames
      Requested Block Size 2.0 MB
      Peak Block count 1
      Peak Allocated memory 4.6 KB
      Peak Large allocation bytes 0 B
    [ALLOC_TYPETREE_THREAD]
      Peak usage frame count: [4.0 KB-8.0 KB]: 363 frames
      Requested Block Size 2.0 MB
      Peak Block count 1
      Peak Allocated memory 5.4 KB
      Peak Large allocation bytes 0 B
