Mono path[0] = 'C:/Users/Kacper/Documents/GitHub/deepctf/BuildLowRewards/CTF_Data/Managed'
Mono config path = 'C:/Users/Kacper/Documents/GitHub/deepctf/BuildLowRewards/MonoBleedingEdge/etc'
Initialize engine version: 2021.3.1f1 (3b70a0754835)
[Subsystems] Discovering subsystems at path C:/Users/Kacper/Documents/GitHub/deepctf/BuildLowRewards/CTF_Data/UnitySubsystems
Forcing GfxDevice: Null
GfxDevice: creating device client; threaded=0; jobified=0
NullGfxDevice:
    Version:  NULL 1.0 [1.0]
    Renderer: Null Device
    Vendor:   Unity Technologies
Begin MonoManager ReloadAssembly
- Completed reload, in  0.286 seconds
ERROR: Shader Sprites/Default shader is not supported on this GPU (none of subshaders/fallbacks are suitable)
Microsoft Media Foundation video decoding to texture disabled: graphics device is Null, only Direct3D 11 and Direct3D 12 (only on desktop) are supported for hardware-accelerated video decoding.
ERROR: Shader Sprites/Mask shader is not supported on this GPU (none of subshaders/fallbacks are suitable)
ERROR: Shader Legacy Shaders/VertexLit shader is not supported on this GPU (none of subshaders/fallbacks are suitable)
WARNING: Shader Unsupported: 'Standard' - All subshaders removed
WARNING: Shader Did you use #pragma only_renderers and omit this platform?
WARNING: Shader If subshaders removal was intentional, you may have forgotten turning Fallback off?
ERROR: Shader Standard shader is not supported on this GPU (none of subshaders/fallbacks are suitable)
WARNING: Shader Unsupported: 'Standard' - All subshaders removed
WARNING: Shader Did you use #pragma only_renderers and omit this platform?
WARNING: Shader If subshaders removal was intentional, you may have forgotten turning Fallback off?
ERROR: Shader GUI/Text Shader shader is not supported on this GPU (none of subshaders/fallbacks are suitable)
ERROR: Shader TextMeshPro/Mobile/Distance Field shader is not supported on this GPU (none of subshaders/fallbacks are suitable)
UnloadTime: 0.992400 ms
SG: 
SG: blue on game start
OGS: spawning egants
OGS: trying spawn agent no 0
CICS: 3253
OGS: trying spawn agent no 1
CICS: 3253
CICS: 3253 AgentML_BLUE(Clone) (UnityEngine.Transform) at (-50.00, 2.50, 14.00)
CICS: 3251
CICS: 3251 AgentML_BLUE(Clone) (UnityEngine.Transform) at (-50.00, 2.50, 14.00)
OGS: trying spawn agent no 2
CICS: 3253
CICS: 3253 AgentML_BLUE(Clone) (UnityEngine.Transform) at (-50.00, 2.50, 14.00)
CICS: 3251
CICS: 3251 AgentML_BLUE(Clone) (UnityEngine.Transform) at (-50.00, 2.50, 14.00)
CICS: 3251 AgentML_BLUE(Clone) (UnityEngine.Transform) at (-50.00, 2.50, 6.00)
CICS: 3352
CICS: 3352 AgentML_BLUE(Clone) (UnityEngine.Transform) at (-50.00, 2.50, 14.00)
CICS: 3352 AgentML_BLUE(Clone) (UnityEngine.Transform) at (-50.00, 2.50, 6.00)
OGS: trying spawn agent no 3
CICS: 3253
CICS: 3253 AgentML_BLUE(Clone) (UnityEngine.Transform) at (-50.00, 2.50, 14.00)
CICS: 3251
CICS: 3251 AgentML_BLUE(Clone) (UnityEngine.Transform) at (-50.00, 2.50, 14.00)
CICS: 3251 AgentML_BLUE(Clone) (UnityEngine.Transform) at (-50.00, 2.50, 6.00)
CICS: 3352
CICS: 3352 AgentML_BLUE(Clone) (UnityEngine.Transform) at (-50.00, 2.50, 14.00)
CICS: 3352 AgentML_BLUE(Clone) (UnityEngine.Transform) at (-50.00, 2.50, 6.00)
CICS: 3352 AgentML_BLUE(Clone) (UnityEngine.Transform) at (-46.00, 2.50, 10.00)
CICS: 3152
CICS: 3152 AgentML_BLUE(Clone) (UnityEngine.Transform) at (-50.00, 2.50, 14.00)
CICS: 3152 AgentML_BLUE(Clone) (UnityEngine.Transform) at (-50.00, 2.50, 6.00)
CICS: 3152 AgentML_BLUE(Clone) (UnityEngine.Transform) at (-46.00, 2.50, 10.00)
SG: red on game start
OGS: spawning egants
OGS: trying spawn agent no 0
CICS: 519
OGS: trying spawn agent no 1
CICS: 519
CICS: 519 AgentML_RED(Clone) (UnityEngine.Transform) at (-158.00, 2.50, -122.00)
CICS: 517
CICS: 517 AgentML_RED(Clone) (UnityEngine.Transform) at (-158.00, 2.50, -122.00)
OGS: trying spawn agent no 2
CICS: 519
CICS: 519 AgentML_RED(Clone) (UnityEngine.Transform) at (-158.00, 2.50, -122.00)
CICS: 517
CICS: 517 AgentML_RED(Clone) (UnityEngine.Transform) at (-158.00, 2.50, -122.00)
CICS: 517 AgentML_RED(Clone) (UnityEngine.Transform) at (-158.00, 2.50, -130.00)
CICS: 618
CICS: 618 AgentML_RED(Clone) (UnityEngine.Transform) at (-158.00, 2.50, -122.00)
CICS: 618 AgentML_RED(Clone) (UnityEngine.Transform) at (-158.00, 2.50, -130.00)
OGS: trying spawn agent no 3
CICS: 519
CICS: 519 AgentML_RED(Clone) (UnityEngine.Transform) at (-158.00, 2.50, -122.00)
CICS: 517
CICS: 517 AgentML_RED(Clone) (UnityEngine.Transform) at (-158.00, 2.50, -122.00)
CICS: 517 AgentML_RED(Clone) (UnityEngine.Transform) at (-158.00, 2.50, -130.00)
CICS: 618
CICS: 618 AgentML_RED(Clone) (UnityEngine.Transform) at (-158.00, 2.50, -122.00)
CICS: 618 AgentML_RED(Clone) (UnityEngine.Transform) at (-158.00, 2.50, -130.00)
CICS: 618 AgentML_RED(Clone) (UnityEngine.Transform) at (-154.00, 2.50, -126.00)
CICS: 418
CICS: 418 AgentML_RED(Clone) (UnityEngine.Transform) at (-158.00, 2.50, -122.00)
CICS: 418 AgentML_RED(Clone) (UnityEngine.Transform) at (-158.00, 2.50, -130.00)
CICS: 418 AgentML_RED(Clone) (UnityEngine.Transform) at (-154.00, 2.50, -126.00)
EPISODE BEGIN
EPISODE BEGIN
EPISODE BEGIN
EPISODE BEGIN
EPISODE BEGIN
EPISODE BEGIN
EPISODE BEGIN
EPISODE BEGIN
Steps:0
ERROR: Shader TextMeshPro/Sprite shader is not supported on this GPU (none of subshaders/fallbacks are suitable)
ERROR: Shader UI/Default shader is not supported on this GPU (none of subshaders/fallbacks are suitable)
Steps:100
AgentML_BLUE(Clone) (UnityEngine.GameObject) ::: NAGRODA 0,04425367
AgentML_BLUE(Clone) (UnityEngine.GameObject) ::: NAGRODA 0,04580935
AgentML_BLUE(Clone) (UnityEngine.GameObject) ::: NAGRODA 0,04453734
AgentML_BLUE(Clone) (UnityEngine.GameObject) ::: NAGRODA 0,04552566
AgentML_RED(Clone) (UnityEngine.GameObject) ::: NAGRODA 0,03876195
AgentML_RED(Clone) (UnityEngine.GameObject) ::: NAGRODA 0,03975827
AgentML_RED(Clone) (UnityEngine.GameObject) ::: NAGRODA 0,05054637
AgentML_RED(Clone) (UnityEngine.GameObject) ::: NAGRODA 0,06772975
Steps:200
Steps:300
AgentML_BLUE(Clone) (UnityEngine.GameObject) ::: NAGRODA 0,04425367
AgentML_BLUE(Clone) (UnityEngine.GameObject) ::: NAGRODA 0,04580935
AgentML_BLUE(Clone) (UnityEngine.GameObject) ::: NAGRODA 0,04453734
AgentML_BLUE(Clone) (UnityEngine.GameObject) ::: NAGRODA 0,04552566
AgentML_RED(Clone) (UnityEngine.GameObject) ::: NAGRODA 0,04224352
AgentML_RED(Clone) (UnityEngine.GameObject) ::: NAGRODA 0,05321394
AgentML_RED(Clone) (UnityEngine.GameObject) ::: NAGRODA 0,07452316
AgentML_RED(Clone) (UnityEngine.GameObject) ::: NAGRODA 0,05849918
Steps:400
Steps:500
Team red wins!
EE
EE: EGE blue
EE: EGE red
Unloading 5 Unused Serialized files (Serialized files now loaded: 0)
UnloadTime: 11.910900 ms
Unloading 3 unused Assets to reduce memory usage. Loaded Objects now: 2137.
Total: 4.280300 ms (FindLiveObjects: 0.189200 ms CreateObjectMapping: 0.174800 ms MarkObjects: 3.888700 ms  DeleteObjects: 0.027200 ms)

SG: 
SG: blue on game start
OGS: spawning egants
OGS: trying spawn agent no 0
CICS: 2858
EPISODE BEGIN
OGS: trying spawn agent no 1
CICS: 2858
CICS: 2858 AgentML_BLUE(Clone) (UnityEngine.Transform) at (-66.00, 2.50, 34.00)
CICS: 2856
CICS: 2856 AgentML_BLUE(Clone) (UnityEngine.Transform) at (-66.00, 2.50, 34.00)
EPISODE BEGIN
OGS: trying spawn agent no 2
CICS: 2858
CICS: 2858 AgentML_BLUE(Clone) (UnityEngine.Transform) at (-66.00, 2.50, 34.00)
CICS: 2856
CICS: 2856 AgentML_BLUE(Clone) (UnityEngine.Transform) at (-66.00, 2.50, 34.00)
CICS: 2856 AgentML_BLUE(Clone) (UnityEngine.Transform) at (-66.00, 2.50, 26.00)
CICS: 2957
CICS: 2957 AgentML_BLUE(Clone) (UnityEngine.Transform) at (-66.00, 2.50, 34.00)
CICS: 2957 AgentML_BLUE(Clone) (UnityEngine.Transform) at (-66.00, 2.50, 26.00)
EPISODE BEGIN
OGS: trying spawn agent no 3
CICS: 2858
CICS: 2858 AgentML_BLUE(Clone) (UnityEngine.Transform) at (-66.00, 2.50, 34.00)
CICS: 2856
CICS: 2856 AgentML_BLUE(Clone) (UnityEngine.Transform) at (-66.00, 2.50, 34.00)
CICS: 2856 AgentML_BLUE(Clone) (UnityEngine.Transform) at (-66.00, 2.50, 26.00)
CICS: 2957
CICS: 2957 AgentML_BLUE(Clone) (UnityEngine.Transform) at (-66.00, 2.50, 34.00)
CICS: 2957 AgentML_BLUE(Clone) (UnityEngine.Transform) at (-66.00, 2.50, 26.00)
CICS: 2957 AgentML_BLUE(Clone) (UnityEngine.Transform) at (-62.00, 2.50, 30.00)
CICS: 2757
CICS: 2757 AgentML_BLUE(Clone) (UnityEngine.Transform) at (-66.00, 2.50, 34.00)
CICS: 2757 AgentML_BLUE(Clone) (UnityEngine.Transform) at (-66.00, 2.50, 26.00)
CICS: 2757 AgentML_BLUE(Clone) (UnityEngine.Transform) at (-62.00, 2.50, 30.00)
EPISODE BEGIN
SG: red on game start
OGS: spawning egants
OGS: trying spawn agent no 0
CICS: 3437
EPISODE BEGIN
OGS: trying spawn agent no 1
CICS: 3437
CICS: 3437 AgentML_RED(Clone) (UnityEngine.Transform) at (-42.00, 2.50, -50.00)
CICS: 3435
CICS: 3435 AgentML_RED(Clone) (UnityEngine.Transform) at (-42.00, 2.50, -50.00)
EPISODE BEGIN
OGS: trying spawn agent no 2
CICS: 3437
CICS: 3437 AgentML_RED(Clone) (UnityEngine.Transform) at (-42.00, 2.50, -50.00)
CICS: 3435
CICS: 3435 AgentML_RED(Clone) (UnityEngine.Transform) at (-42.00, 2.50, -50.00)
CICS: 3435 AgentML_RED(Clone) (UnityEngine.Transform) at (-42.00, 2.50, -58.00)
CICS: 3536
CICS: 3536 AgentML_RED(Clone) (UnityEngine.Transform) at (-42.00, 2.50, -50.00)
CICS: 3536 AgentML_RED(Clone) (UnityEngine.Transform) at (-42.00, 2.50, -58.00)
EPISODE BEGIN
OGS: trying spawn agent no 3
CICS: 3437
CICS: 3437 AgentML_RED(Clone) (UnityEngine.Transform) at (-42.00, 2.50, -50.00)
CICS: 3435
CICS: 3435 AgentML_RED(Clone) (UnityEngine.Transform) at (-42.00, 2.50, -50.00)
CICS: 3435 AgentML_RED(Clone) (UnityEngine.Transform) at (-42.00, 2.50, -58.00)
CICS: 3536
CICS: 3536 AgentML_RED(Clone) (UnityEngine.Transform) at (-42.00, 2.50, -50.00)
CICS: 3536 AgentML_RED(Clone) (UnityEngine.Transform) at (-42.00, 2.50, -58.00)
CICS: 3536 AgentML_RED(Clone) (UnityEngine.Transform) at (-38.00, 2.50, -54.00)
CICS: 3336
CICS: 3336 AgentML_RED(Clone) (UnityEngine.Transform) at (-42.00, 2.50, -50.00)
CICS: 3336 AgentML_RED(Clone) (UnityEngine.Transform) at (-42.00, 2.50, -58.00)
CICS: 3336 AgentML_RED(Clone) (UnityEngine.Transform) at (-38.00, 2.50, -54.00)
EPISODE BEGIN
Steps:0
Steps:100
AgentML_BLUE(Clone) (UnityEngine.GameObject) ::: NAGRODA 0,06113636
AgentML_BLUE(Clone) (UnityEngine.GameObject) ::: NAGRODA 0,06289908
AgentML_BLUE(Clone) (UnityEngine.GameObject) ::: NAGRODA 0,06238972
AgentML_BLUE(Clone) (UnityEngine.GameObject) ::: NAGRODA 0,06181923
AgentML_RED(Clone) (UnityEngine.GameObject) ::: NAGRODA 0,06775179
AgentML_RED(Clone) (UnityEngine.GameObject) ::: NAGRODA 0,05508728
AgentML_RED(Clone) (UnityEngine.GameObject) ::: NAGRODA 0,06738865
AgentML_RED(Clone) (UnityEngine.GameObject) ::: NAGRODA 0,07913248
Steps:200
Steps:300
AgentML_BLUE(Clone) (UnityEngine.GameObject) ::: NAGRODA 0,06113636
AgentML_BLUE(Clone) (UnityEngine.GameObject) ::: NAGRODA 0,06289908
AgentML_BLUE(Clone) (UnityEngine.GameObject) ::: NAGRODA 0,06238972
AgentML_BLUE(Clone) (UnityEngine.GameObject) ::: NAGRODA 0,06181923
AgentML_RED(Clone) (UnityEngine.GameObject) ::: NAGRODA 0,06160536
AgentML_RED(Clone) (UnityEngine.GameObject) ::: NAGRODA 0,06820333
AgentML_RED(Clone) (UnityEngine.GameObject) ::: NAGRODA 0,0742973
AgentML_RED(Clone) (UnityEngine.GameObject) ::: NAGRODA 0,062562
Steps:400
Steps:500
AgentML_BLUE(Clone) (UnityEngine.GameObject) ::: NAGRODA 0,06113636
AgentML_BLUE(Clone) (UnityEngine.GameObject) ::: NAGRODA 0,06289908
AgentML_BLUE(Clone) (UnityEngine.GameObject) ::: NAGRODA 0,06238972
AgentML_BLUE(Clone) (UnityEngine.GameObject) ::: NAGRODA 0,06181923
AgentML_RED(Clone) (UnityEngine.GameObject) ::: NAGRODA 0,07386457
AgentML_RED(Clone) (UnityEngine.GameObject) ::: NAGRODA 0,07321887
AgentML_RED(Clone) (UnityEngine.GameObject) ::: NAGRODA 0,07304574
AgentML_RED(Clone) (UnityEngine.GameObject) ::: NAGRODA 0,04639335
Steps:600
Team red wins!
EE
EE: EGE blue
EE: EGE red
Unloading 3 Unused Serialized files (Serialized files now loaded: 0)
UnloadTime: 1.327300 ms
Unloading 2 unused Assets to reduce memory usage. Loaded Objects now: 2137.
Total: 3.164700 ms (FindLiveObjects: 0.161100 ms CreateObjectMapping: 0.168500 ms MarkObjects: 2.802900 ms  DeleteObjects: 0.031600 ms)

SG: 
SG: blue on game start
OGS: spawning egants
OGS: trying spawn agent no 0
CICS: 3388
EPISODE BEGIN
OGS: trying spawn agent no 1
CICS: 3388
CICS: 3388 AgentML_BLUE(Clone) (UnityEngine.Transform) at (-46.00, 2.50, 154.00)
CICS: 3386
CICS: 3386 AgentML_BLUE(Clone) (UnityEngine.Transform) at (-46.00, 2.50, 154.00)
EPISODE BEGIN
OGS: trying spawn agent no 2
CICS: 3388
CICS: 3388 AgentML_BLUE(Clone) (UnityEngine.Transform) at (-46.00, 2.50, 154.00)
CICS: 3386
CICS: 3386 AgentML_BLUE(Clone) (UnityEngine.Transform) at (-46.00, 2.50, 154.00)
CICS: 3386 AgentML_BLUE(Clone) (UnityEngine.Transform) at (-46.00, 2.50, 146.00)
CICS: 3487
CICS: 3487 AgentML_BLUE(Clone) (UnityEngine.Transform) at (-46.00, 2.50, 154.00)
CICS: 3487 AgentML_BLUE(Clone) (UnityEngine.Transform) at (-46.00, 2.50, 146.00)
EPISODE BEGIN
OGS: trying spawn agent no 3
CICS: 3388
CICS: 3388 AgentML_BLUE(Clone) (UnityEngine.Transform) at (-46.00, 2.50, 154.00)
CICS: 3386
CICS: 3386 AgentML_BLUE(Clone) (UnityEngine.Transform) at (-46.00, 2.50, 154.00)
CICS: 3386 AgentML_BLUE(Clone) (UnityEngine.Transform) at (-46.00, 2.50, 146.00)
CICS: 3487
CICS: 3487 AgentML_BLUE(Clone) (UnityEngine.Transform) at (-46.00, 2.50, 154.00)
CICS: 3487 AgentML_BLUE(Clone) (UnityEngine.Transform) at (-46.00, 2.50, 146.00)
CICS: 3487 AgentML_BLUE(Clone) (UnityEngine.Transform) at (-42.00, 2.50, 150.00)
CICS: 3287
CICS: 3287 AgentML_BLUE(Clone) (UnityEngine.Transform) at (-46.00, 2.50, 154.00)
CICS: 3287 AgentML_BLUE(Clone) (UnityEngine.Transform) at (-46.00, 2.50, 146.00)
CICS: 3287 AgentML_BLUE(Clone) (UnityEngine.Transform) at (-42.00, 2.50, 150.00)
EPISODE BEGIN
SG: red on game start
OGS: spawning egants
OGS: trying spawn agent no 0
CICS: 8770
EPISODE BEGIN
OGS: trying spawn agent no 1
CICS: 8770
CICS: 8770 AgentML_RED(Clone) (UnityEngine.Transform) at (170.00, 2.50, 82.00)
CICS: 8768
CICS: 8768 AgentML_RED(Clone) (UnityEngine.Transform) at (170.00, 2.50, 82.00)
EPISODE BEGIN
OGS: trying spawn agent no 2
CICS: 8770
CICS: 8770 AgentML_RED(Clone) (UnityEngine.Transform) at (170.00, 2.50, 82.00)
CICS: 8768
CICS: 8768 AgentML_RED(Clone) (UnityEngine.Transform) at (170.00, 2.50, 82.00)
CICS: 8768 AgentML_RED(Clone) (UnityEngine.Transform) at (170.00, 2.50, 74.00)
CICS: 8869
CICS: 8869 AgentML_RED(Clone) (UnityEngine.Transform) at (170.00, 2.50, 82.00)
CICS: 8869 AgentML_RED(Clone) (UnityEngine.Transform) at (170.00, 2.50, 74.00)
EPISODE BEGIN
OGS: trying spawn agent no 3
CICS: 8770
CICS: 8770 AgentML_RED(Clone) (UnityEngine.Transform) at (170.00, 2.50, 82.00)
CICS: 8768
CICS: 8768 AgentML_RED(Clone) (UnityEngine.Transform) at (170.00, 2.50, 82.00)
CICS: 8768 AgentML_RED(Clone) (UnityEngine.Transform) at (170.00, 2.50, 74.00)
CICS: 8869
CICS: 8869 AgentML_RED(Clone) (UnityEngine.Transform) at (170.00, 2.50, 82.00)
CICS: 8869 AgentML_RED(Clone) (UnityEngine.Transform) at (170.00, 2.50, 74.00)
CICS: 8869 AgentML_RED(Clone) (UnityEngine.Transform) at (174.00, 2.50, 78.00)
CICS: 8669
CICS: 8669 AgentML_RED(Clone) (UnityEngine.Transform) at (170.00, 2.50, 82.00)
CICS: 8669 AgentML_RED(Clone) (UnityEngine.Transform) at (170.00, 2.50, 74.00)
CICS: 8669 AgentML_RED(Clone) (UnityEngine.Transform) at (174.00, 2.50, 78.00)
EPISODE BEGIN
Steps:0
Steps:100
AgentML_BLUE(Clone) (UnityEngine.GameObject) ::: NAGRODA 0,03396305
AgentML_BLUE(Clone) (UnityEngine.GameObject) ::: NAGRODA 0,03459295
AgentML_BLUE(Clone) (UnityEngine.GameObject) ::: NAGRODA 0,03504313
AgentML_BLUE(Clone) (UnityEngine.GameObject) ::: NAGRODA 0,03353108
AgentML_RED(Clone) (UnityEngine.GameObject) ::: NAGRODA 0,05071036
AgentML_RED(Clone) (UnityEngine.GameObject) ::: NAGRODA 0,05425675
AgentML_RED(Clone) (UnityEngine.GameObject) ::: NAGRODA 0,03622418
AgentML_RED(Clone) (UnityEngine.GameObject) ::: NAGRODA 0,04267429
Steps:200
Steps:300
AgentML_BLUE(Clone) (UnityEngine.GameObject) ::: NAGRODA 0,03396305
AgentML_BLUE(Clone) (UnityEngine.GameObject) ::: NAGRODA 0,03459295
AgentML_BLUE(Clone) (UnityEngine.GameObject) ::: NAGRODA 0,03504313
AgentML_BLUE(Clone) (UnityEngine.GameObject) ::: NAGRODA 0,03353108
AgentML_RED(Clone) (UnityEngine.GameObject) ::: NAGRODA 0,07295237
AgentML_RED(Clone) (UnityEngine.GameObject) ::: NAGRODA 0,03627139
AgentML_RED(Clone) (UnityEngine.GameObject) ::: NAGRODA 0,06542326
AgentML_RED(Clone) (UnityEngine.GameObject) ::: NAGRODA 0,03920473
Steps:400
Steps:500
AgentML_BLUE(Clone) (UnityEngine.GameObject) ::: NAGRODA 0,03396305
AgentML_BLUE(Clone) (UnityEngine.GameObject) ::: NAGRODA 0,03459295
AgentML_BLUE(Clone) (UnityEngine.GameObject) ::: NAGRODA 0,03504313
AgentML_BLUE(Clone) (UnityEngine.GameObject) ::: NAGRODA 0,03353108
AgentML_RED(Clone) (UnityEngine.GameObject) ::: NAGRODA 0,06080766
AgentML_RED(Clone) (UnityEngine.GameObject) ::: NAGRODA 0,03338958
AgentML_RED(Clone) (UnityEngine.GameObject) ::: NAGRODA 0,07714178
AgentML_RED(Clone) (UnityEngine.GameObject) ::: NAGRODA 0,07342559
Steps:600
Steps:700
AgentML_BLUE(Clone) (UnityEngine.GameObject) ::: NAGRODA 0,03396305
AgentML_BLUE(Clone) (UnityEngine.GameObject) ::: NAGRODA 0,03459295
AgentML_BLUE(Clone) (UnityEngine.GameObject) ::: NAGRODA 0,03504313
AgentML_BLUE(Clone) (UnityEngine.GameObject) ::: NAGRODA 0,03353108
AgentML_RED(Clone) (UnityEngine.GameObject) ::: NAGRODA 0,07674468
AgentML_RED(Clone) (UnityEngine.GameObject) ::: NAGRODA 0,04445272
AgentML_RED(Clone) (UnityEngine.GameObject) ::: NAGRODA 0,05738194
AgentML_RED(Clone) (UnityEngine.GameObject) ::: NAGRODA 0,07040606
Steps:800
Steps:900
AgentML_BLUE(Clone) (UnityEngine.GameObject) ::: NAGRODA 0,03396305
AgentML_BLUE(Clone) (UnityEngine.GameObject) ::: NAGRODA 0,03459295
AgentML_BLUE(Clone) (UnityEngine.GameObject) ::: NAGRODA 0,03504313
AgentML_BLUE(Clone) (UnityEngine.GameObject) ::: NAGRODA 0,03353108
AgentML_RED(Clone) (UnityEngine.GameObject) ::: NAGRODA 0,05500359
AgentML_RED(Clone) (UnityEngine.GameObject) ::: NAGRODA 0,06957561
AgentML_RED(Clone) (UnityEngine.GameObject) ::: NAGRODA 0,03489464
AgentML_RED(Clone) (UnityEngine.GameObject) ::: NAGRODA 0,07867587
Steps:1000
Steps:1100
AgentML_BLUE(Clone) (UnityEngine.GameObject) ::: NAGRODA 0,03396305
AgentML_BLUE(Clone) (UnityEngine.GameObject) ::: NAGRODA 0,03459295
AgentML_BLUE(Clone) (UnityEngine.GameObject) ::: NAGRODA 0,03504313
AgentML_BLUE(Clone) (UnityEngine.GameObject) ::: NAGRODA 0,03353108
AgentML_RED(Clone) (UnityEngine.GameObject) ::: NAGRODA 0,03714434
AgentML_RED(Clone) (UnityEngine.GameObject) ::: NAGRODA 0,07430862
AgentML_RED(Clone) (UnityEngine.GameObject) ::: NAGRODA 0,03389148
AgentML_RED(Clone) (UnityEngine.GameObject) ::: NAGRODA 0,07908116
Steps:1200
Steps:1300
Team red wins!
EE
EE: EGE blue
EE: EGE red
Unloading 3 Unused Serialized files (Serialized files now loaded: 0)
UnloadTime: 1.133700 ms
Unloading 2 unused Assets to reduce memory usage. Loaded Objects now: 2137.
Total: 3.073600 ms (FindLiveObjects: 0.168700 ms CreateObjectMapping: 0.188500 ms MarkObjects: 2.694900 ms  DeleteObjects: 0.020900 ms)

SG: 
SG: blue on game start
OGS: spawning egants
OGS: trying spawn agent no 0
CICS: 7420
EPISODE BEGIN
OGS: trying spawn agent no 1
CICS: 7420
CICS: 7420 AgentML_BLUE(Clone) (UnityEngine.Transform) at (118.00, 2.50, -118.00)
CICS: 7418
CICS: 7418 AgentML_BLUE(Clone) (UnityEngine.Transform) at (118.00, 2.50, -118.00)
EPISODE BEGIN
OGS: trying spawn agent no 2
CICS: 7420
CICS: 7420 AgentML_BLUE(Clone) (UnityEngine.Transform) at (118.00, 2.50, -118.00)
CICS: 7418
CICS: 7418 AgentML_BLUE(Clone) (UnityEngine.Transform) at (118.00, 2.50, -118.00)
CICS: 7418 AgentML_BLUE(Clone) (UnityEngine.Transform) at (118.00, 2.50, -126.00)
CICS: 7519
CICS: 7519 AgentML_BLUE(Clone) (UnityEngine.Transform) at (118.00, 2.50, -118.00)
CICS: 7519 AgentML_BLUE(Clone) (UnityEngine.Transform) at (118.00, 2.50, -126.00)
EPISODE BEGIN
OGS: trying spawn agent no 3
CICS: 7420
CICS: 7420 AgentML_BLUE(Clone) (UnityEngine.Transform) at (118.00, 2.50, -118.00)
CICS: 7418
CICS: 7418 AgentML_BLUE(Clone) (UnityEngine.Transform) at (118.00, 2.50, -118.00)
CICS: 7418 AgentML_BLUE(Clone) (UnityEngine.Transform) at (118.00, 2.50, -126.00)
CICS: 7519
CICS: 7519 AgentML_BLUE(Clone) (UnityEngine.Transform) at (118.00, 2.50, -118.00)
CICS: 7519 AgentML_BLUE(Clone) (UnityEngine.Transform) at (118.00, 2.50, -126.00)
CICS: 7519 AgentML_BLUE(Clone) (UnityEngine.Transform) at (122.00, 2.50, -122.00)
CICS: 7319
CICS: 7319 AgentML_BLUE(Clone) (UnityEngine.Transform) at (118.00, 2.50, -118.00)
CICS: 7319 AgentML_BLUE(Clone) (UnityEngine.Transform) at (118.00, 2.50, -126.00)
CICS: 7319 AgentML_BLUE(Clone) (UnityEngine.Transform) at (122.00, 2.50, -122.00)
EPISODE BEGIN
SG: red on game start
OGS: spawning egants
OGS: trying spawn agent no 0
CICS: 440
EPISODE BEGIN
OGS: trying spawn agent no 1
CICS: 440
CICS: 440 AgentML_RED(Clone) (UnityEngine.Transform) at (-162.00, 2.50, -38.00)
CICS: 438
CICS: 438 AgentML_RED(Clone) (UnityEngine.Transform) at (-162.00, 2.50, -38.00)
EPISODE BEGIN
OGS: trying spawn agent no 2
CICS: 440
CICS: 440 AgentML_RED(Clone) (UnityEngine.Transform) at (-162.00, 2.50, -38.00)
CICS: 438
CICS: 438 AgentML_RED(Clone) (UnityEngine.Transform) at (-162.00, 2.50, -38.00)
CICS: 438 AgentML_RED(Clone) (UnityEngine.Transform) at (-162.00, 2.50, -46.00)
CICS: 539
CICS: 539 AgentML_RED(Clone) (UnityEngine.Transform) at (-162.00, 2.50, -38.00)
CICS: 539 AgentML_RED(Clone) (UnityEngine.Transform) at (-162.00, 2.50, -46.00)
EPISODE BEGIN
OGS: trying spawn agent no 3
CICS: 440
CICS: 440 AgentML_RED(Clone) (UnityEngine.Transform) at (-162.00, 2.50, -38.00)
CICS: 438
CICS: 438 AgentML_RED(Clone) (UnityEngine.Transform) at (-162.00, 2.50, -38.00)
CICS: 438 AgentML_RED(Clone) (UnityEngine.Transform) at (-162.00, 2.50, -46.00)
CICS: 539
CICS: 539 AgentML_RED(Clone) (UnityEngine.Transform) at (-162.00, 2.50, -38.00)
CICS: 539 AgentML_RED(Clone) (UnityEngine.Transform) at (-162.00, 2.50, -46.00)
CICS: 539 AgentML_RED(Clone) (UnityEngine.Transform) at (-158.00, 2.50, -42.00)
CICS: 339
CICS: 339 AgentML_RED(Clone) (UnityEngine.Transform) at (-162.00, 2.50, -38.00)
CICS: 339 AgentML_RED(Clone) (UnityEngine.Transform) at (-162.00, 2.50, -46.00)
CICS: 339 AgentML_RED(Clone) (UnityEngine.Transform) at (-158.00, 2.50, -42.00)
EPISODE BEGIN
Steps:0
Steps:100
AgentML_BLUE(Clone) (UnityEngine.GameObject) ::: NAGRODA 0,02188804
AgentML_BLUE(Clone) (UnityEngine.GameObject) ::: NAGRODA 0,02133996
AgentML_BLUE(Clone) (UnityEngine.GameObject) ::: NAGRODA 0,02085408
AgentML_BLUE(Clone) (UnityEngine.GameObject) ::: NAGRODA 0,02238889
AgentML_RED(Clone) (UnityEngine.GameObject) ::: NAGRODA 0,01818699
AgentML_RED(Clone) (UnityEngine.GameObject) ::: NAGRODA 0,03238517
AgentML_RED(Clone) (UnityEngine.GameObject) ::: NAGRODA 0,0193683
AgentML_RED(Clone) (UnityEngine.GameObject) ::: NAGRODA 0,02186202
Steps:200
Steps:300
AgentML_BLUE(Clone) (UnityEngine.GameObject) ::: NAGRODA 0,02188804
AgentML_BLUE(Clone) (UnityEngine.GameObject) ::: NAGRODA 0,02133996
AgentML_BLUE(Clone) (UnityEngine.GameObject) ::: NAGRODA 0,02085408
AgentML_BLUE(Clone) (UnityEngine.GameObject) ::: NAGRODA 0,02238889
AgentML_RED(Clone) (UnityEngine.GameObject) ::: NAGRODA 0,04041085
AgentML_RED(Clone) (UnityEngine.GameObject) ::: NAGRODA 0,03412027
AgentML_RED(Clone) (UnityEngine.GameObject) ::: NAGRODA 0,02627137
AgentML_RED(Clone) (UnityEngine.GameObject) ::: NAGRODA 0,03983582
Steps:400
Steps:500
AgentML_BLUE(Clone) (UnityEngine.GameObject) ::: NAGRODA 0,02188804
AgentML_BLUE(Clone) (UnityEngine.GameObject) ::: NAGRODA 0,02133996
AgentML_BLUE(Clone) (UnityEngine.GameObject) ::: NAGRODA 0,02085408
AgentML_BLUE(Clone) (UnityEngine.GameObject) ::: NAGRODA 0,02238889
AgentML_RED(Clone) (UnityEngine.GameObject) ::: NAGRODA 0,07555888
AgentML_RED(Clone) (UnityEngine.GameObject) ::: NAGRODA 0,0327534
AgentML_RED(Clone) (UnityEngine.GameObject) ::: NAGRODA 0,03774335
AgentML_RED(Clone) (UnityEngine.GameObject) ::: NAGRODA 0,03929873
Steps:600
Steps:700
AgentML_BLUE(Clone) (UnityEngine.GameObject) ::: NAGRODA 0,02188804
AgentML_BLUE(Clone) (UnityEngine.GameObject) ::: NAGRODA 0,02133996
AgentML_BLUE(Clone) (UnityEngine.GameObject) ::: NAGRODA 0,02085408
AgentML_BLUE(Clone) (UnityEngine.GameObject) ::: NAGRODA 0,02238889
AgentML_RED(Clone) (UnityEngine.GameObject) ::: NAGRODA 0,02168531
AgentML_RED(Clone) (UnityEngine.GameObject) ::: NAGRODA 0,01789613
AgentML_RED(Clone) (UnityEngine.GameObject) ::: NAGRODA 0,04394596
AgentML_RED(Clone) (UnityEngine.GameObject) ::: NAGRODA 0,02713679
Steps:800
Steps:900
AgentML_BLUE(Clone) (UnityEngine.GameObject) ::: NAGRODA 0,02188804
AgentML_BLUE(Clone) (UnityEngine.GameObject) ::: NAGRODA 0,02133996
AgentML_BLUE(Clone) (UnityEngine.GameObject) ::: NAGRODA 0,02085408
AgentML_BLUE(Clone) (UnityEngine.GameObject) ::: NAGRODA 0,02238889
AgentML_RED(Clone) (UnityEngine.GameObject) ::: NAGRODA 0,04706899
AgentML_RED(Clone) (UnityEngine.GameObject) ::: NAGRODA 0,0582387
AgentML_RED(Clone) (UnityEngine.GameObject) ::: NAGRODA 0,05337776
AgentML_RED(Clone) (UnityEngine.GameObject) ::: NAGRODA 0,02237492
Steps:1000
Steps:1100
AgentML_BLUE(Clone) (UnityEngine.GameObject) ::: NAGRODA 0,02188804
AgentML_BLUE(Clone) (UnityEngine.GameObject) ::: NAGRODA 0,02133996
AgentML_BLUE(Clone) (UnityEngine.GameObject) ::: NAGRODA 0,02085408
AgentML_BLUE(Clone) (UnityEngine.GameObject) ::: NAGRODA 0,02238889
AgentML_RED(Clone) (UnityEngine.GameObject) ::: NAGRODA 0,07441081
AgentML_RED(Clone) (UnityEngine.GameObject) ::: NAGRODA 0,07127438
AgentML_RED(Clone) (UnityEngine.GameObject) ::: NAGRODA 0,05907892
AgentML_RED(Clone) (UnityEngine.GameObject) ::: NAGRODA 0,04844678
Steps:1200
Team red wins!
EE
EE: EGE blue
EE: EGE red
Unloading 3 Unused Serialized files (Serialized files now loaded: 0)
UnloadTime: 1.312600 ms
Unloading 2 unused Assets to reduce memory usage. Loaded Objects now: 2137.
Total: 4.590800 ms (FindLiveObjects: 0.206400 ms CreateObjectMapping: 0.205000 ms MarkObjects: 4.136900 ms  DeleteObjects: 0.041900 ms)

SG: 
SG: blue on game start
OGS: spawning egants
OGS: trying spawn agent no 0
CICS: 7742
EPISODE BEGIN
OGS: trying spawn agent no 1
CICS: 7742
CICS: 7742 AgentML_BLUE(Clone) (UnityEngine.Transform) at (130.00, 2.50, -30.00)
CICS: 7740
CICS: 7740 AgentML_BLUE(Clone) (UnityEngine.Transform) at (130.00, 2.50, -30.00)
EPISODE BEGIN
OGS: trying spawn agent no 2
CICS: 7742
CICS: 7742 AgentML_BLUE(Clone) (UnityEngine.Transform) at (130.00, 2.50, -30.00)
CICS: 7740
CICS: 7740 AgentML_BLUE(Clone) (UnityEngine.Transform) at (130.00, 2.50, -30.00)
CICS: 7740 AgentML_BLUE(Clone) (UnityEngine.Transform) at (130.00, 2.50, -38.00)
CICS: 7841
CICS: 7841 AgentML_BLUE(Clone) (UnityEngine.Transform) at (130.00, 2.50, -30.00)
CICS: 7841 AgentML_BLUE(Clone) (UnityEngine.Transform) at (130.00, 2.50, -38.00)
EPISODE BEGIN
OGS: trying spawn agent no 3
CICS: 7742
CICS: 7742 AgentML_BLUE(Clone) (UnityEngine.Transform) at (130.00, 2.50, -30.00)
CICS: 7740
CICS: 7740 AgentML_BLUE(Clone) (UnityEngine.Transform) at (130.00, 2.50, -30.00)
CICS: 7740 AgentML_BLUE(Clone) (UnityEngine.Transform) at (130.00, 2.50, -38.00)
CICS: 7841
CICS: 7841 AgentML_BLUE(Clone) (UnityEngine.Transform) at (130.00, 2.50, -30.00)
CICS: 7841 AgentML_BLUE(Clone) (UnityEngine.Transform) at (130.00, 2.50, -38.00)
CICS: 7841 AgentML_BLUE(Clone) (UnityEngine.Transform) at (134.00, 2.50, -34.00)
CICS: 7641
CICS: 7641 AgentML_BLUE(Clone) (UnityEngine.Transform) at (130.00, 2.50, -30.00)
CICS: 7641 AgentML_BLUE(Clone) (UnityEngine.Transform) at (130.00, 2.50, -38.00)
CICS: 7641 AgentML_BLUE(Clone) (UnityEngine.Transform) at (134.00, 2.50, -34.00)
EPISODE BEGIN
SG: red on game start
OGS: spawning egants
OGS: trying spawn agent no 0
CICS: 5969
EPISODE BEGIN
OGS: trying spawn agent no 1
CICS: 5969
CICS: 5969 AgentML_RED(Clone) (UnityEngine.Transform) at (58.00, 2.50, 78.00)
CICS: 5967
CICS: 5967 AgentML_RED(Clone) (UnityEngine.Transform) at (58.00, 2.50, 78.00)
EPISODE BEGIN
OGS: trying spawn agent no 2
CICS: 5969
CICS: 5969 AgentML_RED(Clone) (UnityEngine.Transform) at (58.00, 2.50, 78.00)
CICS: 5967
CICS: 5967 AgentML_RED(Clone) (UnityEngine.Transform) at (58.00, 2.50, 78.00)
CICS: 5967 AgentML_RED(Clone) (UnityEngine.Transform) at (58.00, 2.50, 70.00)
CICS: 6068
CICS: 6068 AgentML_RED(Clone) (UnityEngine.Transform) at (58.00, 2.50, 78.00)
CICS: 6068 AgentML_RED(Clone) (UnityEngine.Transform) at (58.00, 2.50, 70.00)
EPISODE BEGIN
OGS: trying spawn agent no 3
CICS: 5969
CICS: 5969 AgentML_RED(Clone) (UnityEngine.Transform) at (58.00, 2.50, 78.00)
CICS: 5967
CICS: 5967 AgentML_RED(Clone) (UnityEngine.Transform) at (58.00, 2.50, 78.00)
CICS: 5967 AgentML_RED(Clone) (UnityEngine.Transform) at (58.00, 2.50, 70.00)
CICS: 6068
CICS: 6068 AgentML_RED(Clone) (UnityEngine.Transform) at (58.00, 2.50, 78.00)
CICS: 6068 AgentML_RED(Clone) (UnityEngine.Transform) at (58.00, 2.50, 70.00)
CICS: 6068 AgentML_RED(Clone) (UnityEngine.Transform) at (62.00, 2.50, 74.00)
CICS: 5868
CICS: 5868 AgentML_RED(Clone) (UnityEngine.Transform) at (58.00, 2.50, 78.00)
CICS: 5868 AgentML_RED(Clone) (UnityEngine.Transform) at (58.00, 2.50, 70.00)
CICS: 5868 AgentML_RED(Clone) (UnityEngine.Transform) at (62.00, 2.50, 74.00)
EPISODE BEGIN
Steps:0
Steps:100
AgentML_BLUE(Clone) (UnityEngine.GameObject) ::: NAGRODA 0,05454966
AgentML_BLUE(Clone) (UnityEngine.GameObject) ::: NAGRODA 0,05290535
AgentML_BLUE(Clone) (UnityEngine.GameObject) ::: NAGRODA 0,05328671
AgentML_BLUE(Clone) (UnityEngine.GameObject) ::: NAGRODA 0,05416359
AgentML_RED(Clone) (UnityEngine.GameObject) ::: NAGRODA 0,05313192
AgentML_RED(Clone) (UnityEngine.GameObject) ::: NAGRODA 0,04733457
AgentML_RED(Clone) (UnityEngine.GameObject) ::: NAGRODA 0,05328792
AgentML_RED(Clone) (UnityEngine.GameObject) ::: NAGRODA 0,0585361
Steps:200
Steps:300
AgentML_BLUE(Clone) (UnityEngine.GameObject) ::: NAGRODA 0,05454966
AgentML_BLUE(Clone) (UnityEngine.GameObject) ::: NAGRODA 0,05290535
AgentML_BLUE(Clone) (UnityEngine.GameObject) ::: NAGRODA 0,05328671
AgentML_BLUE(Clone) (UnityEngine.GameObject) ::: NAGRODA 0,05416359
AgentML_RED(Clone) (UnityEngine.GameObject) ::: NAGRODA 0,05358222
AgentML_RED(Clone) (UnityEngine.GameObject) ::: NAGRODA 0,05994534
AgentML_RED(Clone) (UnityEngine.GameObject) ::: NAGRODA 0,05938682
AgentML_RED(Clone) (UnityEngine.GameObject) ::: NAGRODA 0,07523287
Steps:400
Steps:500
Team red wins!
EE
EE: EGE blue
EE: EGE red
Unloading 3 Unused Serialized files (Serialized files now loaded: 0)
UnloadTime: 0.756000 ms
Unloading 2 unused Assets to reduce memory usage. Loaded Objects now: 2137.
Total: 1.820700 ms (FindLiveObjects: 0.144500 ms CreateObjectMapping: 0.206200 ms MarkObjects: 1.444900 ms  DeleteObjects: 0.024700 ms)

SG: 
SG: blue on game start
OGS: spawning egants
OGS: trying spawn agent no 0
CICS: 5283
EPISODE BEGIN
OGS: trying spawn agent no 1
CICS: 5283
CICS: 5283 AgentML_BLUE(Clone) (UnityEngine.Transform) at (30.00, 2.50, 134.00)
CICS: 5281
CICS: 5281 AgentML_BLUE(Clone) (UnityEngine.Transform) at (30.00, 2.50, 134.00)
EPISODE BEGIN
OGS: trying spawn agent no 2
CICS: 5283
CICS: 5283 AgentML_BLUE(Clone) (UnityEngine.Transform) at (30.00, 2.50, 134.00)
CICS: 5281
CICS: 5281 AgentML_BLUE(Clone) (UnityEngine.Transform) at (30.00, 2.50, 134.00)
CICS: 5281 AgentML_BLUE(Clone) (UnityEngine.Transform) at (30.00, 2.50, 126.00)
CICS: 5382
CICS: 5382 AgentML_BLUE(Clone) (UnityEngine.Transform) at (30.00, 2.50, 134.00)
CICS: 5382 AgentML_BLUE(Clone) (UnityEngine.Transform) at (30.00, 2.50, 126.00)
EPISODE BEGIN
OGS: trying spawn agent no 3
CICS: 5283
CICS: 5283 AgentML_BLUE(Clone) (UnityEngine.Transform) at (30.00, 2.50, 134.00)
CICS: 5281
CICS: 5281 AgentML_BLUE(Clone) (UnityEngine.Transform) at (30.00, 2.50, 134.00)
CICS: 5281 AgentML_BLUE(Clone) (UnityEngine.Transform) at (30.00, 2.50, 126.00)
CICS: 5382
CICS: 5382 AgentML_BLUE(Clone) (UnityEngine.Transform) at (30.00, 2.50, 134.00)
CICS: 5382 AgentML_BLUE(Clone) (UnityEngine.Transform) at (30.00, 2.50, 126.00)
CICS: 5382 AgentML_BLUE(Clone) (UnityEngine.Transform) at (34.00, 2.50, 130.00)
CICS: 5182
CICS: 5182 AgentML_BLUE(Clone) (UnityEngine.Transform) at (30.00, 2.50, 134.00)
CICS: 5182 AgentML_BLUE(Clone) (UnityEngine.Transform) at (30.00, 2.50, 126.00)
CICS: 5182 AgentML_BLUE(Clone) (UnityEngine.Transform) at (34.00, 2.50, 130.00)
EPISODE BEGIN
SG: red on game start
OGS: spawning egants
OGS: trying spawn agent no 0
CICS: 8182
EPISODE BEGIN
OGS: trying spawn agent no 1
CICS: 8182
CICS: 8182 AgentML_RED(Clone) (UnityEngine.Transform) at (146.00, 2.50, 130.00)
CICS: 8180
CICS: 8180 AgentML_RED(Clone) (UnityEngine.Transform) at (146.00, 2.50, 130.00)
EPISODE BEGIN
OGS: trying spawn agent no 2
CICS: 8182
CICS: 8182 AgentML_RED(Clone) (UnityEngine.Transform) at (146.00, 2.50, 130.00)
CICS: 8180
CICS: 8180 AgentML_RED(Clone) (UnityEngine.Transform) at (146.00, 2.50, 130.00)
CICS: 8180 AgentML_RED(Clone) (UnityEngine.Transform) at (146.00, 2.50, 122.00)
CICS: 8281
CICS: 8281 AgentML_RED(Clone) (UnityEngine.Transform) at (146.00, 2.50, 130.00)
CICS: 8281 AgentML_RED(Clone) (UnityEngine.Transform) at (146.00, 2.50, 122.00)
EPISODE BEGIN
OGS: trying spawn agent no 3
CICS: 8182
CICS: 8182 AgentML_RED(Clone) (UnityEngine.Transform) at (146.00, 2.50, 130.00)
CICS: 8180
CICS: 8180 AgentML_RED(Clone) (UnityEngine.Transform) at (146.00, 2.50, 130.00)
CICS: 8180 AgentML_RED(Clone) (UnityEngine.Transform) at (146.00, 2.50, 122.00)
CICS: 8281
CICS: 8281 AgentML_RED(Clone) (UnityEngine.Transform) at (146.00, 2.50, 130.00)
CICS: 8281 AgentML_RED(Clone) (UnityEngine.Transform) at (146.00, 2.50, 122.00)
CICS: 8281 AgentML_RED(Clone) (UnityEngine.Transform) at (150.00, 2.50, 126.00)
CICS: 8081
CICS: 8081 AgentML_RED(Clone) (UnityEngine.Transform) at (146.00, 2.50, 130.00)
CICS: 8081 AgentML_RED(Clone) (UnityEngine.Transform) at (146.00, 2.50, 122.00)
CICS: 8081 AgentML_RED(Clone) (UnityEngine.Transform) at (150.00, 2.50, 126.00)
EPISODE BEGIN
Steps:0
Steps:100
AgentML_BLUE(Clone) (UnityEngine.GameObject) ::: NAGRODA 0,05638898
AgentML_BLUE(Clone) (UnityEngine.GameObject) ::: NAGRODA 0,05645685
AgentML_BLUE(Clone) (UnityEngine.GameObject) ::: NAGRODA 0,0572316
AgentML_BLUE(Clone) (UnityEngine.GameObject) ::: NAGRODA 0,0556558
AgentML_RED(Clone) (UnityEngine.GameObject) ::: NAGRODA 0,0567316
AgentML_RED(Clone) (UnityEngine.GameObject) ::: NAGRODA 0,06545528
AgentML_RED(Clone) (UnityEngine.GameObject) ::: NAGRODA 0,05345828
AgentML_RED(Clone) (UnityEngine.GameObject) ::: NAGRODA 0,06151772
Steps:200
Steps:300
AgentML_BLUE(Clone) (UnityEngine.GameObject) ::: NAGRODA 0,05638898
AgentML_BLUE(Clone) (UnityEngine.GameObject) ::: NAGRODA 0,05645685
AgentML_BLUE(Clone) (UnityEngine.GameObject) ::: NAGRODA 0,0572316
AgentML_BLUE(Clone) (UnityEngine.GameObject) ::: NAGRODA 0,0556558
AgentML_RED(Clone) (UnityEngine.GameObject) ::: NAGRODA 0,05412558
AgentML_RED(Clone) (UnityEngine.GameObject) ::: NAGRODA 0,05747927
AgentML_RED(Clone) (UnityEngine.GameObject) ::: NAGRODA 0,06636752
AgentML_RED(Clone) (UnityEngine.GameObject) ::: NAGRODA 0,07835326
Steps:400
Steps:500
AgentML_BLUE(Clone) (UnityEngine.GameObject) ::: NAGRODA 0,05638898
AgentML_BLUE(Clone) (UnityEngine.GameObject) ::: NAGRODA 0,05645685
AgentML_BLUE(Clone) (UnityEngine.GameObject) ::: NAGRODA 0,0572316
AgentML_BLUE(Clone) (UnityEngine.GameObject) ::: NAGRODA 0,0556558
AgentML_RED(Clone) (UnityEngine.GameObject) ::: NAGRODA 0,04249429
AgentML_RED(Clone) (UnityEngine.GameObject) ::: NAGRODA 0,06596443
AgentML_RED(Clone) (UnityEngine.GameObject) ::: NAGRODA 0,07665943
AgentML_RED(Clone) (UnityEngine.GameObject) ::: NAGRODA 0,07074857
Steps:600
Steps:700
AgentML_BLUE(Clone) (UnityEngine.GameObject) ::: NAGRODA 0,05638898
AgentML_BLUE(Clone) (UnityEngine.GameObject) ::: NAGRODA 0,05645685
AgentML_BLUE(Clone) (UnityEngine.GameObject) ::: NAGRODA 0,0572316
AgentML_BLUE(Clone) (UnityEngine.GameObject) ::: NAGRODA 0,0556558
AgentML_RED(Clone) (UnityEngine.GameObject) ::: NAGRODA 0,06822303
AgentML_RED(Clone) (UnityEngine.GameObject) ::: NAGRODA 0,06044343
AgentML_RED(Clone) (UnityEngine.GameObject) ::: NAGRODA 0,05739173
AgentML_RED(Clone) (UnityEngine.GameObject) ::: NAGRODA 0,05596819
Steps:800
Steps:900
AgentML_BLUE(Clone) (UnityEngine.GameObject) ::: NAGRODA 0,05638898
AgentML_BLUE(Clone) (UnityEngine.GameObject) ::: NAGRODA 0,05645685
AgentML_BLUE(Clone) (UnityEngine.GameObject) ::: NAGRODA 0,0572316
AgentML_BLUE(Clone) (UnityEngine.GameObject) ::: NAGRODA 0,0556558
AgentML_RED(Clone) (UnityEngine.GameObject) ::: NAGRODA 0,0687002
AgentML_RED(Clone) (UnityEngine.GameObject) ::: NAGRODA 0,06592548
AgentML_RED(Clone) (UnityEngine.GameObject) ::: NAGRODA 0,07690952
AgentML_RED(Clone) (UnityEngine.GameObject) ::: NAGRODA 0,05627059
Steps:1000
Steps:1100
AgentML_BLUE(Clone) (UnityEngine.GameObject) ::: NAGRODA 0,05638898
AgentML_BLUE(Clone) (UnityEngine.GameObject) ::: NAGRODA 0,05645685
AgentML_BLUE(Clone) (UnityEngine.GameObject) ::: NAGRODA 0,0572316
AgentML_BLUE(Clone) (UnityEngine.GameObject) ::: NAGRODA 0,0556558
AgentML_RED(Clone) (UnityEngine.GameObject) ::: NAGRODA 0,05792312
AgentML_RED(Clone) (UnityEngine.GameObject) ::: NAGRODA 0,07773574
AgentML_RED(Clone) (UnityEngine.GameObject) ::: NAGRODA 0,06666496
AgentML_RED(Clone) (UnityEngine.GameObject) ::: NAGRODA 0,07429824
Steps:1200
Team red wins!
EE
EE: EGE blue
EE: EGE red
Unloading 3 Unused Serialized files (Serialized files now loaded: 0)
UnloadTime: 1.256500 ms
Unloading 2 unused Assets to reduce memory usage. Loaded Objects now: 2137.
Total: 3.118300 ms (FindLiveObjects: 0.484500 ms CreateObjectMapping: 0.164600 ms MarkObjects: 2.447500 ms  DeleteObjects: 0.021100 ms)

SG: 
SG: blue on game start
OGS: spawning egants
OGS: trying spawn agent no 0
CICS: 920
EPISODE BEGIN
OGS: trying spawn agent no 1
CICS: 920
CICS: 920 AgentML_BLUE(Clone) (UnityEngine.Transform) at (-142.00, 2.50, -118.00)
CICS: 918
CICS: 918 AgentML_BLUE(Clone) (UnityEngine.Transform) at (-142.00, 2.50, -118.00)
EPISODE BEGIN
OGS: trying spawn agent no 2
CICS: 920
CICS: 920 AgentML_BLUE(Clone) (UnityEngine.Transform) at (-142.00, 2.50, -118.00)
CICS: 918
CICS: 918 AgentML_BLUE(Clone) (UnityEngine.Transform) at (-142.00, 2.50, -118.00)
CICS: 918 AgentML_BLUE(Clone) (UnityEngine.Transform) at (-142.00, 2.50, -126.00)
CICS: 1019
CICS: 1019 AgentML_BLUE(Clone) (UnityEngine.Transform) at (-142.00, 2.50, -118.00)
CICS: 1019 AgentML_BLUE(Clone) (UnityEngine.Transform) at (-142.00, 2.50, -126.00)
EPISODE BEGIN
OGS: trying spawn agent no 3
CICS: 920
CICS: 920 AgentML_BLUE(Clone) (UnityEngine.Transform) at (-142.00, 2.50, -118.00)
CICS: 918
CICS: 918 AgentML_BLUE(Clone) (UnityEngine.Transform) at (-142.00, 2.50, -118.00)
CICS: 918 AgentML_BLUE(Clone) (UnityEngine.Transform) at (-142.00, 2.50, -126.00)
CICS: 1019
CICS: 1019 AgentML_BLUE(Clone) (UnityEngine.Transform) at (-142.00, 2.50, -118.00)
CICS: 1019 AgentML_BLUE(Clone) (UnityEngine.Transform) at (-142.00, 2.50, -126.00)
CICS: 1019 AgentML_BLUE(Clone) (UnityEngine.Transform) at (-138.00, 2.50, -122.00)
CICS: 819
CICS: 819 AgentML_BLUE(Clone) (UnityEngine.Transform) at (-142.00, 2.50, -118.00)
CICS: 819 AgentML_BLUE(Clone) (UnityEngine.Transform) at (-142.00, 2.50, -126.00)
CICS: 819 AgentML_BLUE(Clone) (UnityEngine.Transform) at (-138.00, 2.50, -122.00)
EPISODE BEGIN
SG: red on game start
OGS: spawning egants
OGS: trying spawn agent no 0
CICS: 387
EPISODE BEGIN
OGS: trying spawn agent no 1
CICS: 387
CICS: 387 AgentML_RED(Clone) (UnityEngine.Transform) at (-166.00, 2.50, 150.00)
CICS: 385
CICS: 385 AgentML_RED(Clone) (UnityEngine.Transform) at (-166.00, 2.50, 150.00)
EPISODE BEGIN
OGS: trying spawn agent no 2
CICS: 387
CICS: 387 AgentML_RED(Clone) (UnityEngine.Transform) at (-166.00, 2.50, 150.00)
CICS: 385
CICS: 385 AgentML_RED(Clone) (UnityEngine.Transform) at (-166.00, 2.50, 150.00)
CICS: 385 AgentML_RED(Clone) (UnityEngine.Transform) at (-166.00, 2.50, 142.00)
CICS: 486
CICS: 486 AgentML_RED(Clone) (UnityEngine.Transform) at (-166.00, 2.50, 150.00)
CICS: 486 AgentML_RED(Clone) (UnityEngine.Transform) at (-166.00, 2.50, 142.00)
EPISODE BEGIN
OGS: trying spawn agent no 3
CICS: 387
CICS: 387 AgentML_RED(Clone) (UnityEngine.Transform) at (-166.00, 2.50, 150.00)
CICS: 385
CICS: 385 AgentML_RED(Clone) (UnityEngine.Transform) at (-166.00, 2.50, 150.00)
CICS: 385 AgentML_RED(Clone) (UnityEngine.Transform) at (-166.00, 2.50, 142.00)
CICS: 486
CICS: 486 AgentML_RED(Clone) (UnityEngine.Transform) at (-166.00, 2.50, 150.00)
CICS: 486 AgentML_RED(Clone) (UnityEngine.Transform) at (-166.00, 2.50, 142.00)
CICS: 486 AgentML_RED(Clone) (UnityEngine.Transform) at (-162.00, 2.50, 146.00)
CICS: 286
CICS: 286 AgentML_RED(Clone) (UnityEngine.Transform) at (-166.00, 2.50, 150.00)
CICS: 286 AgentML_RED(Clone) (UnityEngine.Transform) at (-166.00, 2.50, 142.00)
CICS: 286 AgentML_RED(Clone) (UnityEngine.Transform) at (-162.00, 2.50, 146.00)
EPISODE BEGIN
Steps:0
Steps:100
AgentML_BLUE(Clone) (UnityEngine.GameObject) ::: NAGRODA 0,02703019
AgentML_BLUE(Clone) (UnityEngine.GameObject) ::: NAGRODA 0,02504365
AgentML_BLUE(Clone) (UnityEngine.GameObject) ::: NAGRODA 0,02596002
AgentML_BLUE(Clone) (UnityEngine.GameObject) ::: NAGRODA 0,02610232
AgentML_RED(Clone) (UnityEngine.GameObject) ::: NAGRODA 0,03137096
AgentML_RED(Clone) (UnityEngine.GameObject) ::: NAGRODA 0,02435501
AgentML_RED(Clone) (UnityEngine.GameObject) ::: NAGRODA 0,02388113
AgentML_RED(Clone) (UnityEngine.GameObject) ::: NAGRODA 0,02339651
Steps:200
Steps:300
AgentML_BLUE(Clone) (UnityEngine.GameObject) ::: NAGRODA 0,02703019
AgentML_BLUE(Clone) (UnityEngine.GameObject) ::: NAGRODA 0,02504365
AgentML_BLUE(Clone) (UnityEngine.GameObject) ::: NAGRODA 0,02596002
AgentML_BLUE(Clone) (UnityEngine.GameObject) ::: NAGRODA 0,02610232
AgentML_RED(Clone) (UnityEngine.GameObject) ::: NAGRODA 0,05105914
AgentML_RED(Clone) (UnityEngine.GameObject) ::: NAGRODA 0,02274206
AgentML_RED(Clone) (UnityEngine.GameObject) ::: NAGRODA 0,03789902
AgentML_RED(Clone) (UnityEngine.GameObject) ::: NAGRODA 0,0236917
Steps:400
Steps:500
AgentML_BLUE(Clone) (UnityEngine.GameObject) ::: NAGRODA 0,02703019
AgentML_BLUE(Clone) (UnityEngine.GameObject) ::: NAGRODA 0,02504365
AgentML_BLUE(Clone) (UnityEngine.GameObject) ::: NAGRODA 0,02596002
AgentML_BLUE(Clone) (UnityEngine.GameObject) ::: NAGRODA 0,02610232
AgentML_RED(Clone) (UnityEngine.GameObject) ::: NAGRODA 0,07403798
AgentML_RED(Clone) (UnityEngine.GameObject) ::: NAGRODA 0,02203318
AgentML_RED(Clone) (UnityEngine.GameObject) ::: NAGRODA 0,04686628
AgentML_RED(Clone) (UnityEngine.GameObject) ::: NAGRODA 0,02324502
Steps:600
Steps:700
Setting up 2 worker threads for Enlighten.
Memory Statistics:
[ALLOC_TEMP_TLS] TLS Allocator
  StackAllocators : 
    [ALLOC_TEMP_MAIN]
      Peak usage frame count: [16.0 KB-32.0 KB]: 365 frames, [128.0 KB-256.0 KB]: 6 frames, [2.0 MB-4.0 MB]: 1 frames
      Initial Block Size 4.0 MB
      Current Block Size 4.0 MB
      Peak Allocated Bytes 2.1 MB
      Overflow Count 0
    [ALLOC_TEMP_Loading.AsyncRead]
      Initial Block Size 64.0 KB
      Current Block Size 64.0 KB
      Peak Allocated Bytes 276 B
      Overflow Count 0
    [ALLOC_TEMP_Loading.PreloadManager]
      Initial Block Size 256.0 KB
      Current Block Size 256.0 KB
      Peak Allocated Bytes 111.3 KB
      Overflow Count 29
    [ALLOC_TEMP_Background Job.Worker 8]
      Initial Block Size 32.0 KB
      Current Block Size 32.0 KB
      Peak Allocated Bytes 54 B
      Overflow Count 0
    [ALLOC_TEMP_Background Job.Worker 9]
      Initial Block Size 32.0 KB
      Current Block Size 32.0 KB
      Peak Allocated Bytes 54 B
      Overflow Count 0
    [ALLOC_TEMP_Job.Worker 0]
      Initial Block Size 256.0 KB
      Current Block Size 256.0 KB
      Peak Allocated Bytes 392 B
      Overflow Count 0
    [ALLOC_TEMP_Background Job.Worker 10]
      Initial Block Size 32.0 KB
      Current Block Size 32.0 KB
      Peak Allocated Bytes 54 B
      Overflow Count 0
    [ALLOC_TEMP_Background Job.Worker 14]
      Initial Block Size 32.0 KB
      Current Block Size 32.0 KB
      Peak Allocated Bytes 54 B
      Overflow Count 0
    [ALLOC_TEMP_Background Job.Worker 6]
      Initial Block Size 32.0 KB
      Current Block Size 32.0 KB
      Peak Allocated Bytes 54 B
      Overflow Count 0
    [ALLOC_TEMP_Background Job.Worker 12]
      Initial Block Size 32.0 KB
      Current Block Size 32.0 KB
      Peak Allocated Bytes 54 B
      Overflow Count 0
    [ALLOC_TEMP_EnlightenWorker] x 2
      Initial Block Size 64.0 KB
      Current Block Size 64.0 KB
      Peak Allocated Bytes 54 B
      Overflow Count 0
    [ALLOC_TEMP_Background Job.Worker 15]
      Initial Block Size 32.0 KB
      Current Block Size 32.0 KB
      Peak Allocated Bytes 54 B
      Overflow Count 0
    [ALLOC_TEMP_Background Job.Worker 1]
      Initial Block Size 32.0 KB
      Current Block Size 32.0 KB
      Peak Allocated Bytes 54 B
      Overflow Count 0
    [ALLOC_TEMP_Background Job.Worker 2]
      Initial Block Size 32.0 KB
      Current Block Size 32.0 KB
      Peak Allocated Bytes 54 B
      Overflow Count 0
    [ALLOC_TEMP_Background Job.Worker 7]
      Initial Block Size 32.0 KB
      Current Block Size 32.0 KB
      Peak Allocated Bytes 54 B
      Overflow Count 0
    [ALLOC_TEMP_AssetGarbageCollectorHelper] x 3
      Initial Block Size 64.0 KB
      Current Block Size 64.0 KB
      Peak Allocated Bytes 0 B
      Overflow Count 0
    [ALLOC_TEMP_Background Job.Worker 5]
      Initial Block Size 32.0 KB
      Current Block Size 32.0 KB
      Peak Allocated Bytes 54 B
      Overflow Count 0
    [ALLOC_TEMP_Background Job.Worker 13]
      Initial Block Size 32.0 KB
      Current Block Size 32.0 KB
      Peak Allocated Bytes 54 B
      Overflow Count 0
    [ALLOC_TEMP_Job.Worker 1]
      Initial Block Size 256.0 KB
      Current Block Size 256.0 KB
      Peak Allocated Bytes 392 B
      Overflow Count 0
    [ALLOC_TEMP_Job.Worker 2]
      Initial Block Size 256.0 KB
      Current Block Size 256.0 KB
      Peak Allocated Bytes 392 B
      Overflow Count 0
    [ALLOC_TEMP_Background Job.Worker 3]
      Initial Block Size 32.0 KB
      Current Block Size 32.0 KB
      Peak Allocated Bytes 54 B
      Overflow Count 0
    [ALLOC_TEMP_Background Job.Worker 11]
      Initial Block Size 32.0 KB
      Current Block Size 32.0 KB
      Peak Allocated Bytes 54 B
      Overflow Count 0
    [ALLOC_TEMP_Background Job.Worker 0]
      Initial Block Size 32.0 KB
      Current Block Size 32.0 KB
      Peak Allocated Bytes 54 B
      Overflow Count 0
    [ALLOC_TEMP_Background Job.Worker 4]
      Initial Block Size 32.0 KB
      Current Block Size 32.0 KB
      Peak Allocated Bytes 54 B
      Overflow Count 0
    [ALLOC_TEMP_BatchDeleteObjects]
      Initial Block Size 64.0 KB
      Current Block Size 64.0 KB
      Peak Allocated Bytes 54 B
      Overflow Count 0
[ALLOC_DEFAULT] Dual Thread Allocator
  Peak main deferred allocation count 2113
    [ALLOC_BUCKET]
      Large Block size 4.0 MB
      Used Block count 1
      Peak Allocated bytes 1.2 MB
    [ALLOC_DEFAULT_MAIN]
      Peak usage frame count: [4.0 MB-8.0 MB]: 372 frames
      Requested Block Size 16.0 MB
      Peak Block count 1
      Peak Allocated memory 6.9 MB
      Peak Large allocation bytes 0 B
    [ALLOC_DEFAULT_THREAD]
      Peak usage frame count: [16.0 MB-32.0 MB]: 372 frames
      Requested Block Size 16.0 MB
      Peak Block count 1
      Peak Allocated memory 18.0 MB
      Peak Large allocation bytes 16.0 MB
[ALLOC_TEMP_JOB_1_FRAME]
  Initial Block Size 2.0 MB
  Used Block Count 1
  Overflow Count (too large) 0
  Overflow Count (full) 0
[ALLOC_TEMP_JOB_2_FRAMES]
  Initial Block Size 2.0 MB
  Used Block Count 1
  Overflow Count (too large) 0
  Overflow Count (full) 0
[ALLOC_TEMP_JOB_4_FRAMES (JobTemp)]
  Initial Block Size 2.0 MB
  Used Block Count 2
  Overflow Count (too large) 0
  Overflow Count (full) 0
[ALLOC_TEMP_JOB_ASYNC (Background)]
  Initial Block Size 1.0 MB
  Used Block Count 4
  Overflow Count (too large) 0
  Overflow Count (full) 0
[ALLOC_GFX] Dual Thread Allocator
  Peak main deferred allocation count 0
    [ALLOC_BUCKET]
      Large Block size 4.0 MB
      Used Block count 1
      Peak Allocated bytes 1.2 MB
    [ALLOC_GFX_MAIN]
      Peak usage frame count: [64.0 KB-128.0 KB]: 372 frames
      Requested Block Size 16.0 MB
      Peak Block count 1
      Peak Allocated memory 108.4 KB
      Peak Large allocation bytes 0 B
    [ALLOC_GFX_THREAD]
      Peak usage frame count: [32.0 KB-64.0 KB]: 372 frames
      Requested Block Size 16.0 MB
      Peak Block count 1
      Peak Allocated memory 42.0 KB
      Peak Large allocation bytes 0 B
[ALLOC_CACHEOBJECTS] Dual Thread Allocator
  Peak main deferred allocation count 28
    [ALLOC_BUCKET]
      Large Block size 4.0 MB
      Used Block count 1
      Peak Allocated bytes 1.2 MB
    [ALLOC_CACHEOBJECTS_MAIN]
      Peak usage frame count: [0.5 MB-1.0 MB]: 369 frames, [1.0 MB-2.0 MB]: 3 frames
      Requested Block Size 4.0 MB
      Peak Block count 1
      Peak Allocated memory 1.0 MB
      Peak Large allocation bytes 0 B
    [ALLOC_CACHEOBJECTS_THREAD]
      Peak usage frame count: [0.5 MB-1.0 MB]: 372 frames
      Requested Block Size 4.0 MB
      Peak Block count 1
      Peak Allocated memory 0.7 MB
      Peak Large allocation bytes 0 B
[ALLOC_TYPETREE] Dual Thread Allocator
  Peak main deferred allocation count 0
    [ALLOC_BUCKET]
      Large Block size 4.0 MB
      Used Block count 1
      Peak Allocated bytes 1.2 MB
    [ALLOC_TYPETREE_MAIN]
      Peak usage frame count: [4.0 KB-8.0 KB]: 372 frames
      Requested Block Size 2.0 MB
      Peak Block count 1
      Peak Allocated memory 4.6 KB
      Peak Large allocation bytes 0 B
    [ALLOC_TYPETREE_THREAD]
      Peak usage frame count: [4.0 KB-8.0 KB]: 372 frames
      Requested Block Size 2.0 MB
      Peak Block count 1
      Peak Allocated memory 5.4 KB
      Peak Large allocation bytes 0 B
