Mono path[0] = 'C:/Users/Kacper/Documents/GitHub/deepctf/BuildLowRewards/CTF_Data/Managed'
Mono config path = 'C:/Users/Kacper/Documents/GitHub/deepctf/BuildLowRewards/MonoBleedingEdge/etc'
Initialize engine version: 2021.3.1f1 (3b70a0754835)
[Subsystems] Discovering subsystems at path C:/Users/Kacper/Documents/GitHub/deepctf/BuildLowRewards/CTF_Data/UnitySubsystems
Forcing GfxDevice: Null
GfxDevice: creating device client; threaded=0; jobified=0
NullGfxDevice:
    Version:  NULL 1.0 [1.0]
    Renderer: Null Device
    Vendor:   Unity Technologies
Begin MonoManager ReloadAssembly
- Completed reload, in  0.277 seconds
ERROR: Shader Sprites/Default shader is not supported on this GPU (none of subshaders/fallbacks are suitable)
Microsoft Media Foundation video decoding to texture disabled: graphics device is Null, only Direct3D 11 and Direct3D 12 (only on desktop) are supported for hardware-accelerated video decoding.
ERROR: Shader Sprites/Mask shader is not supported on this GPU (none of subshaders/fallbacks are suitable)
ERROR: Shader Legacy Shaders/VertexLit shader is not supported on this GPU (none of subshaders/fallbacks are suitable)
WARNING: Shader Unsupported: 'Standard' - All subshaders removed
WARNING: Shader Did you use #pragma only_renderers and omit this platform?
WARNING: Shader If subshaders removal was intentional, you may have forgotten turning Fallback off?
ERROR: Shader Standard shader is not supported on this GPU (none of subshaders/fallbacks are suitable)
WARNING: Shader Unsupported: 'Standard' - All subshaders removed
WARNING: Shader Did you use #pragma only_renderers and omit this platform?
WARNING: Shader If subshaders removal was intentional, you may have forgotten turning Fallback off?
ERROR: Shader GUI/Text Shader shader is not supported on this GPU (none of subshaders/fallbacks are suitable)
ERROR: Shader TextMeshPro/Mobile/Distance Field shader is not supported on this GPU (none of subshaders/fallbacks are suitable)
UnloadTime: 1.115400 ms
SG: 
SG: blue on game start
OGS: spawning egants
OGS: trying spawn agent no 0
CICS: 5598
OGS: trying spawn agent no 1
CICS: 5598
CICS: 5598 AgentML_BLUE(Clone) (UnityEngine.Transform) at (42.00, 2.50, 194.00)
CICS: 5596
CICS: 5596 AgentML_BLUE(Clone) (UnityEngine.Transform) at (42.00, 2.50, 194.00)
OGS: trying spawn agent no 2
CICS: 5598
CICS: 5598 AgentML_BLUE(Clone) (UnityEngine.Transform) at (42.00, 2.50, 194.00)
CICS: 5596
CICS: 5596 AgentML_BLUE(Clone) (UnityEngine.Transform) at (42.00, 2.50, 194.00)
CICS: 5596 AgentML_BLUE(Clone) (UnityEngine.Transform) at (42.00, 2.50, 186.00)
CICS: 5697
CICS: 5697 AgentML_BLUE(Clone) (UnityEngine.Transform) at (42.00, 2.50, 194.00)
CICS: 5697 AgentML_BLUE(Clone) (UnityEngine.Transform) at (42.00, 2.50, 186.00)
OGS: trying spawn agent no 3
CICS: 5598
CICS: 5598 AgentML_BLUE(Clone) (UnityEngine.Transform) at (42.00, 2.50, 194.00)
CICS: 5596
CICS: 5596 AgentML_BLUE(Clone) (UnityEngine.Transform) at (42.00, 2.50, 194.00)
CICS: 5596 AgentML_BLUE(Clone) (UnityEngine.Transform) at (42.00, 2.50, 186.00)
CICS: 5697
CICS: 5697 AgentML_BLUE(Clone) (UnityEngine.Transform) at (42.00, 2.50, 194.00)
CICS: 5697 AgentML_BLUE(Clone) (UnityEngine.Transform) at (42.00, 2.50, 186.00)
CICS: 5697 AgentML_BLUE(Clone) (UnityEngine.Transform) at (46.00, 2.50, 190.00)
CICS: 5497
CICS: 5497 AgentML_BLUE(Clone) (UnityEngine.Transform) at (42.00, 2.50, 194.00)
CICS: 5497 AgentML_BLUE(Clone) (UnityEngine.Transform) at (42.00, 2.50, 186.00)
CICS: 5497 AgentML_BLUE(Clone) (UnityEngine.Transform) at (46.00, 2.50, 190.00)
SG: red on game start
OGS: spawning egants
OGS: trying spawn agent no 0
CICS: 2664
OGS: trying spawn agent no 1
CICS: 2664
CICS: 2664 AgentML_RED(Clone) (UnityEngine.Transform) at (-74.00, 2.50, 58.00)
CICS: 2662
CICS: 2662 AgentML_RED(Clone) (UnityEngine.Transform) at (-74.00, 2.50, 58.00)
OGS: trying spawn agent no 2
CICS: 2664
CICS: 2664 AgentML_RED(Clone) (UnityEngine.Transform) at (-74.00, 2.50, 58.00)
CICS: 2662
CICS: 2662 AgentML_RED(Clone) (UnityEngine.Transform) at (-74.00, 2.50, 58.00)
CICS: 2662 AgentML_RED(Clone) (UnityEngine.Transform) at (-74.00, 2.50, 50.00)
CICS: 2763
CICS: 2763 AgentML_RED(Clone) (UnityEngine.Transform) at (-74.00, 2.50, 58.00)
CICS: 2763 AgentML_RED(Clone) (UnityEngine.Transform) at (-74.00, 2.50, 50.00)
OGS: trying spawn agent no 3
CICS: 2664
CICS: 2664 AgentML_RED(Clone) (UnityEngine.Transform) at (-74.00, 2.50, 58.00)
CICS: 2662
CICS: 2662 AgentML_RED(Clone) (UnityEngine.Transform) at (-74.00, 2.50, 58.00)
CICS: 2662 AgentML_RED(Clone) (UnityEngine.Transform) at (-74.00, 2.50, 50.00)
CICS: 2763
CICS: 2763 AgentML_RED(Clone) (UnityEngine.Transform) at (-74.00, 2.50, 58.00)
CICS: 2763 AgentML_RED(Clone) (UnityEngine.Transform) at (-74.00, 2.50, 50.00)
CICS: 2763 AgentML_RED(Clone) (UnityEngine.Transform) at (-70.00, 2.50, 54.00)
CICS: 2563
CICS: 2563 AgentML_RED(Clone) (UnityEngine.Transform) at (-74.00, 2.50, 58.00)
CICS: 2563 AgentML_RED(Clone) (UnityEngine.Transform) at (-74.00, 2.50, 50.00)
CICS: 2563 AgentML_RED(Clone) (UnityEngine.Transform) at (-70.00, 2.50, 54.00)
EPISODE BEGIN
EPISODE BEGIN
EPISODE BEGIN
EPISODE BEGIN
EPISODE BEGIN
EPISODE BEGIN
EPISODE BEGIN
EPISODE BEGIN
Steps:0
ERROR: Shader TextMeshPro/Sprite shader is not supported on this GPU (none of subshaders/fallbacks are suitable)
ERROR: Shader UI/Default shader is not supported on this GPU (none of subshaders/fallbacks are suitable)
Steps:100
AgentML_BLUE(Clone) (UnityEngine.GameObject) ::: NAGRODA 0,04326473
AgentML_BLUE(Clone) (UnityEngine.GameObject) ::: NAGRODA 0,04477671
AgentML_BLUE(Clone) (UnityEngine.GameObject) ::: NAGRODA 0,04350562
AgentML_BLUE(Clone) (UnityEngine.GameObject) ::: NAGRODA 0,04453735
AgentML_RED(Clone) (UnityEngine.GameObject) ::: NAGRODA 0,03914933
AgentML_RED(Clone) (UnityEngine.GameObject) ::: NAGRODA 0,03847529
AgentML_RED(Clone) (UnityEngine.GameObject) ::: NAGRODA 0,05224106
AgentML_RED(Clone) (UnityEngine.GameObject) ::: NAGRODA 0,05409237
Steps:200
Steps:300
AgentML_BLUE(Clone) (UnityEngine.GameObject) ::: NAGRODA 0,04326473
AgentML_BLUE(Clone) (UnityEngine.GameObject) ::: NAGRODA 0,04477671
AgentML_BLUE(Clone) (UnityEngine.GameObject) ::: NAGRODA 0,04350562
AgentML_BLUE(Clone) (UnityEngine.GameObject) ::: NAGRODA 0,04453735
AgentML_RED(Clone) (UnityEngine.GameObject) ::: NAGRODA 0,05368164
AgentML_RED(Clone) (UnityEngine.GameObject) ::: NAGRODA 0,0421454
AgentML_RED(Clone) (UnityEngine.GameObject) ::: NAGRODA 0,06006996
AgentML_RED(Clone) (UnityEngine.GameObject) ::: NAGRODA 0,06018488
Steps:400
Steps:500
AgentML_BLUE(Clone) (UnityEngine.GameObject) ::: NAGRODA 0,04326473
AgentML_BLUE(Clone) (UnityEngine.GameObject) ::: NAGRODA 0,04477671
AgentML_BLUE(Clone) (UnityEngine.GameObject) ::: NAGRODA 0,04350562
AgentML_BLUE(Clone) (UnityEngine.GameObject) ::: NAGRODA 0,04453735
AgentML_RED(Clone) (UnityEngine.GameObject) ::: NAGRODA 0,05567278
AgentML_RED(Clone) (UnityEngine.GameObject) ::: NAGRODA 0,06475106
AgentML_RED(Clone) (UnityEngine.GameObject) ::: NAGRODA 0,07477792
AgentML_RED(Clone) (UnityEngine.GameObject) ::: NAGRODA 0,05179626
Steps:600
Steps:700
Team red wins!
EE
EE: EGE blue
EE: EGE red
Unloading 5 Unused Serialized files (Serialized files now loaded: 0)
UnloadTime: 20.753900 ms
Unloading 3 unused Assets to reduce memory usage. Loaded Objects now: 2137.
Total: 2.934200 ms (FindLiveObjects: 0.225100 ms CreateObjectMapping: 0.171200 ms MarkObjects: 2.511700 ms  DeleteObjects: 0.025200 ms)

SG: 
SG: blue on game start
OGS: spawning egants
OGS: trying spawn agent no 0
CICS: 6203
EPISODE BEGIN
OGS: trying spawn agent no 1
CICS: 6203
CICS: 6203 AgentML_BLUE(Clone) (UnityEngine.Transform) at (70.00, 2.50, -186.00)
CICS: 6201
CICS: 6201 AgentML_BLUE(Clone) (UnityEngine.Transform) at (70.00, 2.50, -186.00)
EPISODE BEGIN
OGS: trying spawn agent no 2
CICS: 6203
CICS: 6203 AgentML_BLUE(Clone) (UnityEngine.Transform) at (70.00, 2.50, -186.00)
CICS: 6201
CICS: 6201 AgentML_BLUE(Clone) (UnityEngine.Transform) at (70.00, 2.50, -186.00)
CICS: 6201 AgentML_BLUE(Clone) (UnityEngine.Transform) at (70.00, 2.50, -194.00)
CICS: 6302
CICS: 6302 AgentML_BLUE(Clone) (UnityEngine.Transform) at (70.00, 2.50, -186.00)
CICS: 6302 AgentML_BLUE(Clone) (UnityEngine.Transform) at (70.00, 2.50, -194.00)
EPISODE BEGIN
OGS: trying spawn agent no 3
CICS: 6203
CICS: 6203 AgentML_BLUE(Clone) (UnityEngine.Transform) at (70.00, 2.50, -186.00)
CICS: 6201
CICS: 6201 AgentML_BLUE(Clone) (UnityEngine.Transform) at (70.00, 2.50, -186.00)
CICS: 6201 AgentML_BLUE(Clone) (UnityEngine.Transform) at (70.00, 2.50, -194.00)
CICS: 6302
CICS: 6302 AgentML_BLUE(Clone) (UnityEngine.Transform) at (70.00, 2.50, -186.00)
CICS: 6302 AgentML_BLUE(Clone) (UnityEngine.Transform) at (70.00, 2.50, -194.00)
CICS: 6302 AgentML_BLUE(Clone) (UnityEngine.Transform) at (74.00, 2.50, -190.00)
CICS: 6102
CICS: 6102 AgentML_BLUE(Clone) (UnityEngine.Transform) at (70.00, 2.50, -186.00)
CICS: 6102 AgentML_BLUE(Clone) (UnityEngine.Transform) at (70.00, 2.50, -194.00)
CICS: 6102 AgentML_BLUE(Clone) (UnityEngine.Transform) at (74.00, 2.50, -190.00)
EPISODE BEGIN
SG: red on game start
OGS: spawning egants
OGS: trying spawn agent no 0
CICS: 6851
EPISODE BEGIN
OGS: trying spawn agent no 1
CICS: 6851
CICS: 6851 AgentML_RED(Clone) (UnityEngine.Transform) at (94.00, 2.50, 6.00)
CICS: 6849
CICS: 6849 AgentML_RED(Clone) (UnityEngine.Transform) at (94.00, 2.50, 6.00)
EPISODE BEGIN
OGS: trying spawn agent no 2
CICS: 6851
CICS: 6851 AgentML_RED(Clone) (UnityEngine.Transform) at (94.00, 2.50, 6.00)
CICS: 6849
CICS: 6849 AgentML_RED(Clone) (UnityEngine.Transform) at (94.00, 2.50, 6.00)
CICS: 6849 AgentML_RED(Clone) (UnityEngine.Transform) at (94.00, 2.50, -2.00)
CICS: 6950
CICS: 6950 AgentML_RED(Clone) (UnityEngine.Transform) at (94.00, 2.50, 6.00)
CICS: 6950 AgentML_RED(Clone) (UnityEngine.Transform) at (94.00, 2.50, -2.00)
EPISODE BEGIN
OGS: trying spawn agent no 3
CICS: 6851
CICS: 6851 AgentML_RED(Clone) (UnityEngine.Transform) at (94.00, 2.50, 6.00)
CICS: 6849
CICS: 6849 AgentML_RED(Clone) (UnityEngine.Transform) at (94.00, 2.50, 6.00)
CICS: 6849 AgentML_RED(Clone) (UnityEngine.Transform) at (94.00, 2.50, -2.00)
CICS: 6950
CICS: 6950 AgentML_RED(Clone) (UnityEngine.Transform) at (94.00, 2.50, 6.00)
CICS: 6950 AgentML_RED(Clone) (UnityEngine.Transform) at (94.00, 2.50, -2.00)
CICS: 6950 AgentML_RED(Clone) (UnityEngine.Transform) at (98.00, 2.50, 2.00)
CICS: 6750
CICS: 6750 AgentML_RED(Clone) (UnityEngine.Transform) at (94.00, 2.50, 6.00)
CICS: 6750 AgentML_RED(Clone) (UnityEngine.Transform) at (94.00, 2.50, -2.00)
CICS: 6750 AgentML_RED(Clone) (UnityEngine.Transform) at (98.00, 2.50, 2.00)
EPISODE BEGIN
Steps:0
Steps:100
AgentML_BLUE(Clone) (UnityEngine.GameObject) ::: NAGRODA 0,04208166
AgentML_BLUE(Clone) (UnityEngine.GameObject) ::: NAGRODA 0,04010764
AgentML_BLUE(Clone) (UnityEngine.GameObject) ::: NAGRODA 0,04118557
AgentML_BLUE(Clone) (UnityEngine.GameObject) ::: NAGRODA 0,0409882
AgentML_RED(Clone) (UnityEngine.GameObject) ::: NAGRODA 0,05284038
AgentML_RED(Clone) (UnityEngine.GameObject) ::: NAGRODA 0,05356421
AgentML_RED(Clone) (UnityEngine.GameObject) ::: NAGRODA 0,0409207
AgentML_RED(Clone) (UnityEngine.GameObject) ::: NAGRODA 0,03602952
Steps:200
Steps:300
AgentML_BLUE(Clone) (UnityEngine.GameObject) ::: NAGRODA 0,04208166
AgentML_BLUE(Clone) (UnityEngine.GameObject) ::: NAGRODA 0,04010764
AgentML_BLUE(Clone) (UnityEngine.GameObject) ::: NAGRODA 0,04118557
AgentML_BLUE(Clone) (UnityEngine.GameObject) ::: NAGRODA 0,0409882
AgentML_RED(Clone) (UnityEngine.GameObject) ::: NAGRODA 0,07492853
AgentML_RED(Clone) (UnityEngine.GameObject) ::: NAGRODA 0,04009696
AgentML_RED(Clone) (UnityEngine.GameObject) ::: NAGRODA 0,03945256
AgentML_RED(Clone) (UnityEngine.GameObject) ::: NAGRODA 0,03771759
Steps:400
Steps:500
AgentML_BLUE(Clone) (UnityEngine.GameObject) ::: NAGRODA 0,04208166
AgentML_BLUE(Clone) (UnityEngine.GameObject) ::: NAGRODA 0,04010764
AgentML_BLUE(Clone) (UnityEngine.GameObject) ::: NAGRODA 0,04118557
AgentML_BLUE(Clone) (UnityEngine.GameObject) ::: NAGRODA 0,0409882
AgentML_RED(Clone) (UnityEngine.GameObject) ::: NAGRODA 0,0657893
AgentML_RED(Clone) (UnityEngine.GameObject) ::: NAGRODA 0,07044231
AgentML_RED(Clone) (UnityEngine.GameObject) ::: NAGRODA 0,03375052
AgentML_RED(Clone) (UnityEngine.GameObject) ::: NAGRODA 0,057819
Steps:600
Steps:700
AgentML_BLUE(Clone) (UnityEngine.GameObject) ::: NAGRODA 0,04208166
AgentML_BLUE(Clone) (UnityEngine.GameObject) ::: NAGRODA 0,04010764
AgentML_BLUE(Clone) (UnityEngine.GameObject) ::: NAGRODA 0,04118557
AgentML_BLUE(Clone) (UnityEngine.GameObject) ::: NAGRODA 0,0409882
AgentML_RED(Clone) (UnityEngine.GameObject) ::: NAGRODA 0,07504767
AgentML_RED(Clone) (UnityEngine.GameObject) ::: NAGRODA 0,06692212
AgentML_RED(Clone) (UnityEngine.GameObject) ::: NAGRODA 0,03350517
AgentML_RED(Clone) (UnityEngine.GameObject) ::: NAGRODA 0,07764748
Steps:800
Steps:900
AgentML_BLUE(Clone) (UnityEngine.GameObject) ::: NAGRODA 0,04208166
AgentML_BLUE(Clone) (UnityEngine.GameObject) ::: NAGRODA 0,04010764
AgentML_BLUE(Clone) (UnityEngine.GameObject) ::: NAGRODA 0,04118557
AgentML_BLUE(Clone) (UnityEngine.GameObject) ::: NAGRODA 0,0409882
AgentML_RED(Clone) (UnityEngine.GameObject) ::: NAGRODA 0,05921001
AgentML_RED(Clone) (UnityEngine.GameObject) ::: NAGRODA 0,0720479
AgentML_RED(Clone) (UnityEngine.GameObject) ::: NAGRODA 0,0660033
AgentML_RED(Clone) (UnityEngine.GameObject) ::: NAGRODA 0,05426723
Steps:1000
Steps:1100
AgentML_BLUE(Clone) (UnityEngine.GameObject) ::: NAGRODA 0,04208166
AgentML_BLUE(Clone) (UnityEngine.GameObject) ::: NAGRODA 0,04010764
AgentML_BLUE(Clone) (UnityEngine.GameObject) ::: NAGRODA 0,04118557
AgentML_BLUE(Clone) (UnityEngine.GameObject) ::: NAGRODA 0,0409882
AgentML_RED(Clone) (UnityEngine.GameObject) ::: NAGRODA 0,04239398
AgentML_RED(Clone) (UnityEngine.GameObject) ::: NAGRODA 0,04535224
AgentML_RED(Clone) (UnityEngine.GameObject) ::: NAGRODA 0,06606799
AgentML_RED(Clone) (UnityEngine.GameObject) ::: NAGRODA 0,04040898
Steps:1200
Steps:1300
AgentML_BLUE(Clone) (UnityEngine.GameObject) ::: NAGRODA 0,04208166
AgentML_BLUE(Clone) (UnityEngine.GameObject) ::: NAGRODA 0,04010764
AgentML_BLUE(Clone) (UnityEngine.GameObject) ::: NAGRODA 0,04118557
AgentML_BLUE(Clone) (UnityEngine.GameObject) ::: NAGRODA 0,0409882
AgentML_RED(Clone) (UnityEngine.GameObject) ::: NAGRODA 0,03422823
AgentML_RED(Clone) (UnityEngine.GameObject) ::: NAGRODA 0,05416265
AgentML_RED(Clone) (UnityEngine.GameObject) ::: NAGRODA 0,06102417
AgentML_RED(Clone) (UnityEngine.GameObject) ::: NAGRODA 0,03819612
Steps:1400
Steps:1500
AgentML_BLUE(Clone) (UnityEngine.GameObject) ::: NAGRODA 0,04208166
AgentML_BLUE(Clone) (UnityEngine.GameObject) ::: NAGRODA 0,04010764
AgentML_BLUE(Clone) (UnityEngine.GameObject) ::: NAGRODA 0,04118557
AgentML_BLUE(Clone) (UnityEngine.GameObject) ::: NAGRODA 0,0409882
AgentML_RED(Clone) (UnityEngine.GameObject) ::: NAGRODA 0,04239437
AgentML_RED(Clone) (UnityEngine.GameObject) ::: NAGRODA 0,07721549
AgentML_RED(Clone) (UnityEngine.GameObject) ::: NAGRODA 0,07753752
AgentML_RED(Clone) (UnityEngine.GameObject) ::: NAGRODA 0,05505446
Steps:1600
Team red wins!
EE
EE: EGE blue
EE: EGE red
Unloading 3 Unused Serialized files (Serialized files now loaded: 0)
UnloadTime: 1.167900 ms
Unloading 2 unused Assets to reduce memory usage. Loaded Objects now: 2137.
Total: 2.878200 ms (FindLiveObjects: 0.199500 ms CreateObjectMapping: 0.180400 ms MarkObjects: 2.476400 ms  DeleteObjects: 0.021500 ms)

SG: 
SG: blue on game start
OGS: spawning egants
OGS: trying spawn agent no 0
CICS: 4626
EPISODE BEGIN
OGS: trying spawn agent no 1
CICS: 4626
CICS: 4626 AgentML_BLUE(Clone) (UnityEngine.Transform) at (6.00, 2.50, -94.00)
CICS: 4624
CICS: 4624 AgentML_BLUE(Clone) (UnityEngine.Transform) at (6.00, 2.50, -94.00)
EPISODE BEGIN
OGS: trying spawn agent no 2
CICS: 4626
CICS: 4626 AgentML_BLUE(Clone) (UnityEngine.Transform) at (6.00, 2.50, -94.00)
CICS: 4624
CICS: 4624 AgentML_BLUE(Clone) (UnityEngine.Transform) at (6.00, 2.50, -94.00)
CICS: 4624 AgentML_BLUE(Clone) (UnityEngine.Transform) at (6.00, 2.50, -102.00)
CICS: 4725
CICS: 4725 AgentML_BLUE(Clone) (UnityEngine.Transform) at (6.00, 2.50, -94.00)
CICS: 4725 AgentML_BLUE(Clone) (UnityEngine.Transform) at (6.00, 2.50, -102.00)
EPISODE BEGIN
OGS: trying spawn agent no 3
CICS: 4626
CICS: 4626 AgentML_BLUE(Clone) (UnityEngine.Transform) at (6.00, 2.50, -94.00)
CICS: 4624
CICS: 4624 AgentML_BLUE(Clone) (UnityEngine.Transform) at (6.00, 2.50, -94.00)
CICS: 4624 AgentML_BLUE(Clone) (UnityEngine.Transform) at (6.00, 2.50, -102.00)
CICS: 4725
CICS: 4725 AgentML_BLUE(Clone) (UnityEngine.Transform) at (6.00, 2.50, -94.00)
CICS: 4725 AgentML_BLUE(Clone) (UnityEngine.Transform) at (6.00, 2.50, -102.00)
CICS: 4725 AgentML_BLUE(Clone) (UnityEngine.Transform) at (10.00, 2.50, -98.00)
CICS: 4525
CICS: 4525 AgentML_BLUE(Clone) (UnityEngine.Transform) at (6.00, 2.50, -94.00)
CICS: 4525 AgentML_BLUE(Clone) (UnityEngine.Transform) at (6.00, 2.50, -102.00)
CICS: 4525 AgentML_BLUE(Clone) (UnityEngine.Transform) at (10.00, 2.50, -98.00)
EPISODE BEGIN
SG: red on game start
OGS: spawning egants
OGS: trying spawn agent no 0
CICS: 4611
EPISODE BEGIN
OGS: trying spawn agent no 1
CICS: 4611
CICS: 4611 AgentML_RED(Clone) (UnityEngine.Transform) at (6.00, 2.50, -154.00)
CICS: 4609
CICS: 4609 AgentML_RED(Clone) (UnityEngine.Transform) at (6.00, 2.50, -154.00)
EPISODE BEGIN
OGS: trying spawn agent no 2
CICS: 4611
CICS: 4611 AgentML_RED(Clone) (UnityEngine.Transform) at (6.00, 2.50, -154.00)
CICS: 4609
CICS: 4609 AgentML_RED(Clone) (UnityEngine.Transform) at (6.00, 2.50, -154.00)
CICS: 4609 AgentML_RED(Clone) (UnityEngine.Transform) at (6.00, 2.50, -162.00)
CICS: 4710
CICS: 4710 AgentML_RED(Clone) (UnityEngine.Transform) at (6.00, 2.50, -154.00)
CICS: 4710 AgentML_RED(Clone) (UnityEngine.Transform) at (6.00, 2.50, -162.00)
EPISODE BEGIN
OGS: trying spawn agent no 3
CICS: 4611
CICS: 4611 AgentML_RED(Clone) (UnityEngine.Transform) at (6.00, 2.50, -154.00)
CICS: 4609
CICS: 4609 AgentML_RED(Clone) (UnityEngine.Transform) at (6.00, 2.50, -154.00)
CICS: 4609 AgentML_RED(Clone) (UnityEngine.Transform) at (6.00, 2.50, -162.00)
CICS: 4710
CICS: 4710 AgentML_RED(Clone) (UnityEngine.Transform) at (6.00, 2.50, -154.00)
CICS: 4710 AgentML_RED(Clone) (UnityEngine.Transform) at (6.00, 2.50, -162.00)
CICS: 4710 AgentML_RED(Clone) (UnityEngine.Transform) at (10.00, 2.50, -158.00)
CICS: 4510
CICS: 4510 AgentML_RED(Clone) (UnityEngine.Transform) at (6.00, 2.50, -154.00)
CICS: 4510 AgentML_RED(Clone) (UnityEngine.Transform) at (6.00, 2.50, -162.00)
CICS: 4510 AgentML_RED(Clone) (UnityEngine.Transform) at (10.00, 2.50, -158.00)
EPISODE BEGIN
Steps:0
Steps:100
AgentML_BLUE(Clone) (UnityEngine.GameObject) ::: NAGRODA 0,06639853
AgentML_BLUE(Clone) (UnityEngine.GameObject) ::: NAGRODA 0,0682953
AgentML_BLUE(Clone) (UnityEngine.GameObject) ::: NAGRODA 0,06732561
AgentML_BLUE(Clone) (UnityEngine.GameObject) ::: NAGRODA 0,06732561
AgentML_RED(Clone) (UnityEngine.GameObject) ::: NAGRODA 0,04929841
AgentML_RED(Clone) (UnityEngine.GameObject) ::: NAGRODA 0,06392045
AgentML_RED(Clone) (UnityEngine.GameObject) ::: NAGRODA 0,06804546
AgentML_RED(Clone) (UnityEngine.GameObject) ::: NAGRODA 0,06132675
Steps:200
Steps:300
AgentML_BLUE(Clone) (UnityEngine.GameObject) ::: NAGRODA 0,06639853
AgentML_BLUE(Clone) (UnityEngine.GameObject) ::: NAGRODA 0,0682953
AgentML_BLUE(Clone) (UnityEngine.GameObject) ::: NAGRODA 0,06732561
AgentML_BLUE(Clone) (UnityEngine.GameObject) ::: NAGRODA 0,06732561
AgentML_RED(Clone) (UnityEngine.GameObject) ::: NAGRODA 0,06962761
AgentML_RED(Clone) (UnityEngine.GameObject) ::: NAGRODA 0,06819808
AgentML_RED(Clone) (UnityEngine.GameObject) ::: NAGRODA 0,06510149
AgentML_RED(Clone) (UnityEngine.GameObject) ::: NAGRODA 0,06353401
Steps:400
Steps:500
Team red wins!
EE
EE: EGE blue
EE: EGE red
Unloading 3 Unused Serialized files (Serialized files now loaded: 0)
UnloadTime: 0.985000 ms
Unloading 2 unused Assets to reduce memory usage. Loaded Objects now: 2137.
Total: 2.321100 ms (FindLiveObjects: 0.194500 ms CreateObjectMapping: 0.181300 ms MarkObjects: 1.923800 ms  DeleteObjects: 0.020900 ms)

SG: 
SG: blue on game start
OGS: spawning egants
OGS: trying spawn agent no 0
CICS: 940
EPISODE BEGIN
OGS: trying spawn agent no 1
CICS: 940
CICS: 940 AgentML_BLUE(Clone) (UnityEngine.Transform) at (-142.00, 2.50, -38.00)
CICS: 938
CICS: 938 AgentML_BLUE(Clone) (UnityEngine.Transform) at (-142.00, 2.50, -38.00)
EPISODE BEGIN
OGS: trying spawn agent no 2
CICS: 940
CICS: 940 AgentML_BLUE(Clone) (UnityEngine.Transform) at (-142.00, 2.50, -38.00)
CICS: 938
CICS: 938 AgentML_BLUE(Clone) (UnityEngine.Transform) at (-142.00, 2.50, -38.00)
CICS: 938 AgentML_BLUE(Clone) (UnityEngine.Transform) at (-142.00, 2.50, -46.00)
CICS: 1039
CICS: 1039 AgentML_BLUE(Clone) (UnityEngine.Transform) at (-142.00, 2.50, -38.00)
CICS: 1039 AgentML_BLUE(Clone) (UnityEngine.Transform) at (-142.00, 2.50, -46.00)
EPISODE BEGIN
OGS: trying spawn agent no 3
CICS: 940
CICS: 940 AgentML_BLUE(Clone) (UnityEngine.Transform) at (-142.00, 2.50, -38.00)
CICS: 938
CICS: 938 AgentML_BLUE(Clone) (UnityEngine.Transform) at (-142.00, 2.50, -38.00)
CICS: 938 AgentML_BLUE(Clone) (UnityEngine.Transform) at (-142.00, 2.50, -46.00)
CICS: 1039
CICS: 1039 AgentML_BLUE(Clone) (UnityEngine.Transform) at (-142.00, 2.50, -38.00)
CICS: 1039 AgentML_BLUE(Clone) (UnityEngine.Transform) at (-142.00, 2.50, -46.00)
CICS: 1039 AgentML_BLUE(Clone) (UnityEngine.Transform) at (-138.00, 2.50, -42.00)
CICS: 839
CICS: 839 AgentML_BLUE(Clone) (UnityEngine.Transform) at (-142.00, 2.50, -38.00)
CICS: 839 AgentML_BLUE(Clone) (UnityEngine.Transform) at (-142.00, 2.50, -46.00)
CICS: 839 AgentML_BLUE(Clone) (UnityEngine.Transform) at (-138.00, 2.50, -42.00)
EPISODE BEGIN
SG: red on game start
OGS: spawning egants
OGS: trying spawn agent no 0
CICS: 2425
EPISODE BEGIN
OGS: trying spawn agent no 1
CICS: 2425
CICS: 2425 AgentML_RED(Clone) (UnityEngine.Transform) at (-82.00, 2.50, -98.00)
CICS: 2423
CICS: 2423 AgentML_RED(Clone) (UnityEngine.Transform) at (-82.00, 2.50, -98.00)
EPISODE BEGIN
OGS: trying spawn agent no 2
CICS: 2425
CICS: 2425 AgentML_RED(Clone) (UnityEngine.Transform) at (-82.00, 2.50, -98.00)
CICS: 2423
CICS: 2423 AgentML_RED(Clone) (UnityEngine.Transform) at (-82.00, 2.50, -98.00)
CICS: 2423 AgentML_RED(Clone) (UnityEngine.Transform) at (-82.00, 2.50, -106.00)
CICS: 2524
CICS: 2524 AgentML_RED(Clone) (UnityEngine.Transform) at (-82.00, 2.50, -98.00)
CICS: 2524 AgentML_RED(Clone) (UnityEngine.Transform) at (-82.00, 2.50, -106.00)
EPISODE BEGIN
OGS: trying spawn agent no 3
CICS: 2425
CICS: 2425 AgentML_RED(Clone) (UnityEngine.Transform) at (-82.00, 2.50, -98.00)
CICS: 2423
CICS: 2423 AgentML_RED(Clone) (UnityEngine.Transform) at (-82.00, 2.50, -98.00)
CICS: 2423 AgentML_RED(Clone) (UnityEngine.Transform) at (-82.00, 2.50, -106.00)
CICS: 2524
CICS: 2524 AgentML_RED(Clone) (UnityEngine.Transform) at (-82.00, 2.50, -98.00)
CICS: 2524 AgentML_RED(Clone) (UnityEngine.Transform) at (-82.00, 2.50, -106.00)
CICS: 2524 AgentML_RED(Clone) (UnityEngine.Transform) at (-78.00, 2.50, -102.00)
CICS: 2324
CICS: 2324 AgentML_RED(Clone) (UnityEngine.Transform) at (-82.00, 2.50, -98.00)
CICS: 2324 AgentML_RED(Clone) (UnityEngine.Transform) at (-82.00, 2.50, -106.00)
CICS: 2324 AgentML_RED(Clone) (UnityEngine.Transform) at (-78.00, 2.50, -102.00)
EPISODE BEGIN
Steps:0
Steps:100
AgentML_BLUE(Clone) (UnityEngine.GameObject) ::: NAGRODA 0,06186164
AgentML_BLUE(Clone) (UnityEngine.GameObject) ::: NAGRODA 0,06323694
AgentML_BLUE(Clone) (UnityEngine.GameObject) ::: NAGRODA 0,06310503
AgentML_BLUE(Clone) (UnityEngine.GameObject) ::: NAGRODA 0,06200444
AgentML_RED(Clone) (UnityEngine.GameObject) ::: NAGRODA 0,06207704
AgentML_RED(Clone) (UnityEngine.GameObject) ::: NAGRODA 0,07561672
AgentML_RED(Clone) (UnityEngine.GameObject) ::: NAGRODA 0,05664973
AgentML_RED(Clone) (UnityEngine.GameObject) ::: NAGRODA 0,06593202
Steps:200
Steps:300
AgentML_BLUE(Clone) (UnityEngine.GameObject) ::: NAGRODA 0,06186164
AgentML_BLUE(Clone) (UnityEngine.GameObject) ::: NAGRODA 0,06323694
AgentML_BLUE(Clone) (UnityEngine.GameObject) ::: NAGRODA 0,06310503
AgentML_BLUE(Clone) (UnityEngine.GameObject) ::: NAGRODA 0,06200444
AgentML_RED(Clone) (UnityEngine.GameObject) ::: NAGRODA 0,06426678
AgentML_RED(Clone) (UnityEngine.GameObject) ::: NAGRODA 0,06531292
AgentML_RED(Clone) (UnityEngine.GameObject) ::: NAGRODA 0,05593706
AgentML_RED(Clone) (UnityEngine.GameObject) ::: NAGRODA 0,06912532
Steps:400
Steps:500
AgentML_BLUE(Clone) (UnityEngine.GameObject) ::: NAGRODA 0,06186164
AgentML_BLUE(Clone) (UnityEngine.GameObject) ::: NAGRODA 0,06323694
AgentML_BLUE(Clone) (UnityEngine.GameObject) ::: NAGRODA 0,06310503
AgentML_BLUE(Clone) (UnityEngine.GameObject) ::: NAGRODA 0,06200444
AgentML_RED(Clone) (UnityEngine.GameObject) ::: NAGRODA 0,06965518
AgentML_RED(Clone) (UnityEngine.GameObject) ::: NAGRODA 0,06538539
AgentML_RED(Clone) (UnityEngine.GameObject) ::: NAGRODA 0,060201
AgentML_RED(Clone) (UnityEngine.GameObject) ::: NAGRODA 0,0692853
Steps:600
Steps:700
Team red wins!
EE
EE: EGE blue
EE: EGE red
Unloading 3 Unused Serialized files (Serialized files now loaded: 0)
UnloadTime: 1.485800 ms
Unloading 2 unused Assets to reduce memory usage. Loaded Objects now: 2137.
Total: 2.296900 ms (FindLiveObjects: 0.247100 ms CreateObjectMapping: 0.185000 ms MarkObjects: 1.847200 ms  DeleteObjects: 0.017100 ms)

SG: 
SG: blue on game start
OGS: spawning egants
OGS: trying spawn agent no 0
CICS: 5047
EPISODE BEGIN
OGS: trying spawn agent no 1
CICS: 5047
CICS: 5047 AgentML_BLUE(Clone) (UnityEngine.Transform) at (22.00, 2.50, -10.00)
CICS: 5045
CICS: 5045 AgentML_BLUE(Clone) (UnityEngine.Transform) at (22.00, 2.50, -10.00)
EPISODE BEGIN
OGS: trying spawn agent no 2
CICS: 5047
CICS: 5047 AgentML_BLUE(Clone) (UnityEngine.Transform) at (22.00, 2.50, -10.00)
CICS: 5045
CICS: 5045 AgentML_BLUE(Clone) (UnityEngine.Transform) at (22.00, 2.50, -10.00)
CICS: 5045 AgentML_BLUE(Clone) (UnityEngine.Transform) at (22.00, 2.50, -18.00)
CICS: 5146
CICS: 5146 AgentML_BLUE(Clone) (UnityEngine.Transform) at (22.00, 2.50, -10.00)
CICS: 5146 AgentML_BLUE(Clone) (UnityEngine.Transform) at (22.00, 2.50, -18.00)
EPISODE BEGIN
OGS: trying spawn agent no 3
CICS: 5047
CICS: 5047 AgentML_BLUE(Clone) (UnityEngine.Transform) at (22.00, 2.50, -10.00)
CICS: 5045
CICS: 5045 AgentML_BLUE(Clone) (UnityEngine.Transform) at (22.00, 2.50, -10.00)
CICS: 5045 AgentML_BLUE(Clone) (UnityEngine.Transform) at (22.00, 2.50, -18.00)
CICS: 5146
CICS: 5146 AgentML_BLUE(Clone) (UnityEngine.Transform) at (22.00, 2.50, -10.00)
CICS: 5146 AgentML_BLUE(Clone) (UnityEngine.Transform) at (22.00, 2.50, -18.00)
CICS: 5146 AgentML_BLUE(Clone) (UnityEngine.Transform) at (26.00, 2.50, -14.00)
CICS: 4946
CICS: 4946 AgentML_BLUE(Clone) (UnityEngine.Transform) at (22.00, 2.50, -10.00)
CICS: 4946 AgentML_BLUE(Clone) (UnityEngine.Transform) at (22.00, 2.50, -18.00)
CICS: 4946 AgentML_BLUE(Clone) (UnityEngine.Transform) at (26.00, 2.50, -14.00)
EPISODE BEGIN
SG: red on game start
OGS: spawning egants
OGS: trying spawn agent no 0
CICS: 6414
EPISODE BEGIN
OGS: trying spawn agent no 1
CICS: 6414
CICS: 6414 AgentML_RED(Clone) (UnityEngine.Transform) at (78.00, 2.50, -142.00)
CICS: 6412
CICS: 6412 AgentML_RED(Clone) (UnityEngine.Transform) at (78.00, 2.50, -142.00)
EPISODE BEGIN
OGS: trying spawn agent no 2
CICS: 6414
CICS: 6414 AgentML_RED(Clone) (UnityEngine.Transform) at (78.00, 2.50, -142.00)
CICS: 6412
CICS: 6412 AgentML_RED(Clone) (UnityEngine.Transform) at (78.00, 2.50, -142.00)
CICS: 6412 AgentML_RED(Clone) (UnityEngine.Transform) at (78.00, 2.50, -150.00)
CICS: 6513
CICS: 6513 AgentML_RED(Clone) (UnityEngine.Transform) at (78.00, 2.50, -142.00)
CICS: 6513 AgentML_RED(Clone) (UnityEngine.Transform) at (78.00, 2.50, -150.00)
EPISODE BEGIN
OGS: trying spawn agent no 3
CICS: 6414
CICS: 6414 AgentML_RED(Clone) (UnityEngine.Transform) at (78.00, 2.50, -142.00)
CICS: 6412
CICS: 6412 AgentML_RED(Clone) (UnityEngine.Transform) at (78.00, 2.50, -142.00)
CICS: 6412 AgentML_RED(Clone) (UnityEngine.Transform) at (78.00, 2.50, -150.00)
CICS: 6513
CICS: 6513 AgentML_RED(Clone) (UnityEngine.Transform) at (78.00, 2.50, -142.00)
CICS: 6513 AgentML_RED(Clone) (UnityEngine.Transform) at (78.00, 2.50, -150.00)
CICS: 6513 AgentML_RED(Clone) (UnityEngine.Transform) at (82.00, 2.50, -146.00)
CICS: 6313
CICS: 6313 AgentML_RED(Clone) (UnityEngine.Transform) at (78.00, 2.50, -142.00)
CICS: 6313 AgentML_RED(Clone) (UnityEngine.Transform) at (78.00, 2.50, -150.00)
CICS: 6313 AgentML_RED(Clone) (UnityEngine.Transform) at (82.00, 2.50, -146.00)
EPISODE BEGIN
Steps:0
Steps:100
AgentML_BLUE(Clone) (UnityEngine.GameObject) ::: NAGRODA 0,05013028
AgentML_BLUE(Clone) (UnityEngine.GameObject) ::: NAGRODA 0,05195361
AgentML_BLUE(Clone) (UnityEngine.GameObject) ::: NAGRODA 0,05134481
AgentML_BLUE(Clone) (UnityEngine.GameObject) ::: NAGRODA 0,05072612
AgentML_RED(Clone) (UnityEngine.GameObject) ::: NAGRODA 0,04671566
AgentML_RED(Clone) (UnityEngine.GameObject) ::: NAGRODA 0,04974103
AgentML_RED(Clone) (UnityEngine.GameObject) ::: NAGRODA 0,04378647
AgentML_RED(Clone) (UnityEngine.GameObject) ::: NAGRODA 0,07127218
Steps:200
Steps:300
AgentML_BLUE(Clone) (UnityEngine.GameObject) ::: NAGRODA 0,05013028
AgentML_BLUE(Clone) (UnityEngine.GameObject) ::: NAGRODA 0,05195361
AgentML_BLUE(Clone) (UnityEngine.GameObject) ::: NAGRODA 0,05134481
AgentML_BLUE(Clone) (UnityEngine.GameObject) ::: NAGRODA 0,05072612
AgentML_RED(Clone) (UnityEngine.GameObject) ::: NAGRODA 0,0500586
AgentML_RED(Clone) (UnityEngine.GameObject) ::: NAGRODA 0,0460871
AgentML_RED(Clone) (UnityEngine.GameObject) ::: NAGRODA 0,05087367
AgentML_RED(Clone) (UnityEngine.GameObject) ::: NAGRODA 0,07143794
Steps:400
Steps:500
AgentML_BLUE(Clone) (UnityEngine.GameObject) ::: NAGRODA 0,05013028
AgentML_BLUE(Clone) (UnityEngine.GameObject) ::: NAGRODA 0,05195361
AgentML_BLUE(Clone) (UnityEngine.GameObject) ::: NAGRODA 0,05134481
AgentML_BLUE(Clone) (UnityEngine.GameObject) ::: NAGRODA 0,05072612
AgentML_RED(Clone) (UnityEngine.GameObject) ::: NAGRODA 0,06148347
AgentML_RED(Clone) (UnityEngine.GameObject) ::: NAGRODA 0,05941522
AgentML_RED(Clone) (UnityEngine.GameObject) ::: NAGRODA 0,0483753
AgentML_RED(Clone) (UnityEngine.GameObject) ::: NAGRODA 0,07874108
Steps:600
Team red wins!
EE
EE: EGE blue
EE: EGE red
Unloading 3 Unused Serialized files (Serialized files now loaded: 0)
UnloadTime: 1.110000 ms
Unloading 2 unused Assets to reduce memory usage. Loaded Objects now: 2137.
Total: 2.311200 ms (FindLiveObjects: 0.206500 ms CreateObjectMapping: 0.174600 ms MarkObjects: 1.908000 ms  DeleteObjects: 0.021600 ms)

SG: 
SG: blue on game start
OGS: spawning egants
OGS: trying spawn agent no 0
CICS: 785
EPISODE BEGIN
OGS: trying spawn agent no 1
CICS: 785
CICS: 785 AgentML_BLUE(Clone) (UnityEngine.Transform) at (-150.00, 2.50, 142.00)
CICS: 783
CICS: 783 AgentML_BLUE(Clone) (UnityEngine.Transform) at (-150.00, 2.50, 142.00)
EPISODE BEGIN
OGS: trying spawn agent no 2
CICS: 785
CICS: 785 AgentML_BLUE(Clone) (UnityEngine.Transform) at (-150.00, 2.50, 142.00)
CICS: 783
CICS: 783 AgentML_BLUE(Clone) (UnityEngine.Transform) at (-150.00, 2.50, 142.00)
CICS: 783 AgentML_BLUE(Clone) (UnityEngine.Transform) at (-150.00, 2.50, 134.00)
CICS: 884
CICS: 884 AgentML_BLUE(Clone) (UnityEngine.Transform) at (-150.00, 2.50, 142.00)
CICS: 884 AgentML_BLUE(Clone) (UnityEngine.Transform) at (-150.00, 2.50, 134.00)
EPISODE BEGIN
OGS: trying spawn agent no 3
CICS: 785
CICS: 785 AgentML_BLUE(Clone) (UnityEngine.Transform) at (-150.00, 2.50, 142.00)
CICS: 783
CICS: 783 AgentML_BLUE(Clone) (UnityEngine.Transform) at (-150.00, 2.50, 142.00)
CICS: 783 AgentML_BLUE(Clone) (UnityEngine.Transform) at (-150.00, 2.50, 134.00)
CICS: 884
CICS: 884 AgentML_BLUE(Clone) (UnityEngine.Transform) at (-150.00, 2.50, 142.00)
CICS: 884 AgentML_BLUE(Clone) (UnityEngine.Transform) at (-150.00, 2.50, 134.00)
CICS: 884 AgentML_BLUE(Clone) (UnityEngine.Transform) at (-146.00, 2.50, 138.00)
CICS: 684
CICS: 684 AgentML_BLUE(Clone) (UnityEngine.Transform) at (-150.00, 2.50, 142.00)
CICS: 684 AgentML_BLUE(Clone) (UnityEngine.Transform) at (-150.00, 2.50, 134.00)
CICS: 684 AgentML_BLUE(Clone) (UnityEngine.Transform) at (-146.00, 2.50, 138.00)
EPISODE BEGIN
SG: red on game start
OGS: spawning egants
OGS: trying spawn agent no 0
CICS: 7428
EPISODE BEGIN
OGS: trying spawn agent no 1
CICS: 7428
CICS: 7428 AgentML_RED(Clone) (UnityEngine.Transform) at (118.00, 2.50, -86.00)
CICS: 7426
CICS: 7426 AgentML_RED(Clone) (UnityEngine.Transform) at (118.00, 2.50, -86.00)
EPISODE BEGIN
OGS: trying spawn agent no 2
CICS: 7428
CICS: 7428 AgentML_RED(Clone) (UnityEngine.Transform) at (118.00, 2.50, -86.00)
CICS: 7426
CICS: 7426 AgentML_RED(Clone) (UnityEngine.Transform) at (118.00, 2.50, -86.00)
CICS: 7426 AgentML_RED(Clone) (UnityEngine.Transform) at (118.00, 2.50, -94.00)
CICS: 7527
CICS: 7527 AgentML_RED(Clone) (UnityEngine.Transform) at (118.00, 2.50, -86.00)
CICS: 7527 AgentML_RED(Clone) (UnityEngine.Transform) at (118.00, 2.50, -94.00)
EPISODE BEGIN
OGS: trying spawn agent no 3
CICS: 7428
CICS: 7428 AgentML_RED(Clone) (UnityEngine.Transform) at (118.00, 2.50, -86.00)
CICS: 7426
CICS: 7426 AgentML_RED(Clone) (UnityEngine.Transform) at (118.00, 2.50, -86.00)
CICS: 7426 AgentML_RED(Clone) (UnityEngine.Transform) at (118.00, 2.50, -94.00)
CICS: 7527
CICS: 7527 AgentML_RED(Clone) (UnityEngine.Transform) at (118.00, 2.50, -86.00)
CICS: 7527 AgentML_RED(Clone) (UnityEngine.Transform) at (118.00, 2.50, -94.00)
CICS: 7527 AgentML_RED(Clone) (UnityEngine.Transform) at (122.00, 2.50, -90.00)
CICS: 7327
CICS: 7327 AgentML_RED(Clone) (UnityEngine.Transform) at (118.00, 2.50, -86.00)
CICS: 7327 AgentML_RED(Clone) (UnityEngine.Transform) at (118.00, 2.50, -94.00)
CICS: 7327 AgentML_RED(Clone) (UnityEngine.Transform) at (122.00, 2.50, -90.00)
EPISODE BEGIN
Steps:0
Steps:100
AgentML_BLUE(Clone) (UnityEngine.GameObject) ::: NAGRODA 0,008862671
AgentML_BLUE(Clone) (UnityEngine.GameObject) ::: NAGRODA 0,01015646
AgentML_BLUE(Clone) (UnityEngine.GameObject) ::: NAGRODA 0,0101201
AgentML_BLUE(Clone) (UnityEngine.GameObject) ::: NAGRODA 0,008903448
AgentML_RED(Clone) (UnityEngine.GameObject) ::: NAGRODA 0,02357382
AgentML_RED(Clone) (UnityEngine.GameObject) ::: NAGRODA 0,008534589
AgentML_RED(Clone) (UnityEngine.GameObject) ::: NAGRODA 0
AgentML_RED(Clone) (UnityEngine.GameObject) ::: NAGRODA 0,02689617
Steps:200
Steps:300
AgentML_BLUE(Clone) (UnityEngine.GameObject) ::: NAGRODA 0,008862671
AgentML_BLUE(Clone) (UnityEngine.GameObject) ::: NAGRODA 0,01015646
AgentML_BLUE(Clone) (UnityEngine.GameObject) ::: NAGRODA 0,0101201
AgentML_BLUE(Clone) (UnityEngine.GameObject) ::: NAGRODA 0,008903448
AgentML_RED(Clone) (UnityEngine.GameObject) ::: NAGRODA 0,008779193
AgentML_RED(Clone) (UnityEngine.GameObject) ::: NAGRODA 0,02893665
AgentML_RED(Clone) (UnityEngine.GameObject) ::: NAGRODA 0,009715967
AgentML_RED(Clone) (UnityEngine.GameObject) ::: NAGRODA 0,05625448
Steps:400
Steps:500
AgentML_BLUE(Clone) (UnityEngine.GameObject) ::: NAGRODA 0,008862671
AgentML_BLUE(Clone) (UnityEngine.GameObject) ::: NAGRODA 0,01015646
AgentML_BLUE(Clone) (UnityEngine.GameObject) ::: NAGRODA 0,0101201
AgentML_BLUE(Clone) (UnityEngine.GameObject) ::: NAGRODA 0,008903448
AgentML_RED(Clone) (UnityEngine.GameObject) ::: NAGRODA 0,00799765
AgentML_RED(Clone) (UnityEngine.GameObject) ::: NAGRODA 0,05665336
AgentML_RED(Clone) (UnityEngine.GameObject) ::: NAGRODA 0,03871194
AgentML_RED(Clone) (UnityEngine.GameObject) ::: NAGRODA 0,06713778
Steps:600
Steps:700
AgentML_BLUE(Clone) (UnityEngine.GameObject) ::: NAGRODA 0,008862671
AgentML_BLUE(Clone) (UnityEngine.GameObject) ::: NAGRODA 0,01015646
AgentML_BLUE(Clone) (UnityEngine.GameObject) ::: NAGRODA 0,0101201
AgentML_BLUE(Clone) (UnityEngine.GameObject) ::: NAGRODA 0,008903448
AgentML_RED(Clone) (UnityEngine.GameObject) ::: NAGRODA 0,01352087
AgentML_RED(Clone) (UnityEngine.GameObject) ::: NAGRODA 0,07700307
AgentML_RED(Clone) (UnityEngine.GameObject) ::: NAGRODA 0,06078091
AgentML_RED(Clone) (UnityEngine.GameObject) ::: NAGRODA 0,01227415
Steps:800
Steps:900
AgentML_BLUE(Clone) (UnityEngine.GameObject) ::: NAGRODA 0,008862671
AgentML_BLUE(Clone) (UnityEngine.GameObject) ::: NAGRODA 0,01015646
AgentML_BLUE(Clone) (UnityEngine.GameObject) ::: NAGRODA 0,0101201
AgentML_BLUE(Clone) (UnityEngine.GameObject) ::: NAGRODA 0,008903448
AgentML_RED(Clone) (UnityEngine.GameObject) ::: NAGRODA 0,02699021
AgentML_RED(Clone) (UnityEngine.GameObject) ::: NAGRODA 0,07110038
AgentML_RED(Clone) (UnityEngine.GameObject) ::: NAGRODA 0,07242854
AgentML_RED(Clone) (UnityEngine.GameObject) ::: NAGRODA 0,01369083
Steps:1000
Steps:1100
AgentML_BLUE(Clone) (UnityEngine.GameObject) ::: NAGRODA 0,008862671
AgentML_BLUE(Clone) (UnityEngine.GameObject) ::: NAGRODA 0,01015646
AgentML_BLUE(Clone) (UnityEngine.GameObject) ::: NAGRODA 0,0101201
AgentML_BLUE(Clone) (UnityEngine.GameObject) ::: NAGRODA 0,008903448
AgentML_RED(Clone) (UnityEngine.GameObject) ::: NAGRODA 0,0234691
AgentML_RED(Clone) (UnityEngine.GameObject) ::: NAGRODA 0,06457371
AgentML_RED(Clone) (UnityEngine.GameObject) ::: NAGRODA 0,06617549
AgentML_RED(Clone) (UnityEngine.GameObject) ::: NAGRODA 0,04931218
Steps:1200
Steps:1300
Team red wins!
EE
EE: EGE blue
EE: EGE red
Unloading 3 Unused Serialized files (Serialized files now loaded: 0)
UnloadTime: 1.179600 ms
Unloading 2 unused Assets to reduce memory usage. Loaded Objects now: 2137.
Total: 2.481300 ms (FindLiveObjects: 0.242700 ms CreateObjectMapping: 0.180400 ms MarkObjects: 2.038300 ms  DeleteObjects: 0.019200 ms)

SG: 
SG: blue on game start
OGS: spawning egants
OGS: trying spawn agent no 0
CICS: 5113
EPISODE BEGIN
OGS: trying spawn agent no 1
CICS: 5113
CICS: 5113 AgentML_BLUE(Clone) (UnityEngine.Transform) at (26.00, 2.50, -146.00)
CICS: 5111
CICS: 5111 AgentML_BLUE(Clone) (UnityEngine.Transform) at (26.00, 2.50, -146.00)
EPISODE BEGIN
OGS: trying spawn agent no 2
CICS: 5113
CICS: 5113 AgentML_BLUE(Clone) (UnityEngine.Transform) at (26.00, 2.50, -146.00)
CICS: 5111
CICS: 5111 AgentML_BLUE(Clone) (UnityEngine.Transform) at (26.00, 2.50, -146.00)
CICS: 5111 AgentML_BLUE(Clone) (UnityEngine.Transform) at (26.00, 2.50, -154.00)
CICS: 5212
CICS: 5212 AgentML_BLUE(Clone) (UnityEngine.Transform) at (26.00, 2.50, -146.00)
CICS: 5212 AgentML_BLUE(Clone) (UnityEngine.Transform) at (26.00, 2.50, -154.00)
EPISODE BEGIN
OGS: trying spawn agent no 3
CICS: 5113
CICS: 5113 AgentML_BLUE(Clone) (UnityEngine.Transform) at (26.00, 2.50, -146.00)
CICS: 5111
CICS: 5111 AgentML_BLUE(Clone) (UnityEngine.Transform) at (26.00, 2.50, -146.00)
CICS: 5111 AgentML_BLUE(Clone) (UnityEngine.Transform) at (26.00, 2.50, -154.00)
CICS: 5212
CICS: 5212 AgentML_BLUE(Clone) (UnityEngine.Transform) at (26.00, 2.50, -146.00)
CICS: 5212 AgentML_BLUE(Clone) (UnityEngine.Transform) at (26.00, 2.50, -154.00)
CICS: 5212 AgentML_BLUE(Clone) (UnityEngine.Transform) at (30.00, 2.50, -150.00)
CICS: 5012
CICS: 5012 AgentML_BLUE(Clone) (UnityEngine.Transform) at (26.00, 2.50, -146.00)
CICS: 5012 AgentML_BLUE(Clone) (UnityEngine.Transform) at (26.00, 2.50, -154.00)
CICS: 5012 AgentML_BLUE(Clone) (UnityEngine.Transform) at (30.00, 2.50, -150.00)
EPISODE BEGIN
SG: red on game start
OGS: spawning egants
OGS: trying spawn agent no 0
CICS: 8832
EPISODE BEGIN
OGS: trying spawn agent no 1
CICS: 8832
CICS: 8832 AgentML_RED(Clone) (UnityEngine.Transform) at (174.00, 2.50, -70.00)
CICS: 8830
CICS: 8830 AgentML_RED(Clone) (UnityEngine.Transform) at (174.00, 2.50, -70.00)
EPISODE BEGIN
OGS: trying spawn agent no 2
CICS: 8832
CICS: 8832 AgentML_RED(Clone) (UnityEngine.Transform) at (174.00, 2.50, -70.00)
CICS: 8830
CICS: 8830 AgentML_RED(Clone) (UnityEngine.Transform) at (174.00, 2.50, -70.00)
CICS: 8830 AgentML_RED(Clone) (UnityEngine.Transform) at (174.00, 2.50, -78.00)
CICS: 8931
CICS: 8931 AgentML_RED(Clone) (UnityEngine.Transform) at (174.00, 2.50, -70.00)
CICS: 8931 AgentML_RED(Clone) (UnityEngine.Transform) at (174.00, 2.50, -78.00)
EPISODE BEGIN
OGS: trying spawn agent no 3
CICS: 8832
CICS: 8832 AgentML_RED(Clone) (UnityEngine.Transform) at (174.00, 2.50, -70.00)
CICS: 8830
CICS: 8830 AgentML_RED(Clone) (UnityEngine.Transform) at (174.00, 2.50, -70.00)
CICS: 8830 AgentML_RED(Clone) (UnityEngine.Transform) at (174.00, 2.50, -78.00)
CICS: 8931
CICS: 8931 AgentML_RED(Clone) (UnityEngine.Transform) at (174.00, 2.50, -70.00)
CICS: 8931 AgentML_RED(Clone) (UnityEngine.Transform) at (174.00, 2.50, -78.00)
CICS: 8931 AgentML_RED(Clone) (UnityEngine.Transform) at (178.00, 2.50, -74.00)
CICS: 8731
CICS: 8731 AgentML_RED(Clone) (UnityEngine.Transform) at (174.00, 2.50, -70.00)
CICS: 8731 AgentML_RED(Clone) (UnityEngine.Transform) at (174.00, 2.50, -78.00)
CICS: 8731 AgentML_RED(Clone) (UnityEngine.Transform) at (178.00, 2.50, -74.00)
EPISODE BEGIN
Steps:0
Steps:100
AgentML_BLUE(Clone) (UnityEngine.GameObject) ::: NAGRODA 0,04692734
AgentML_BLUE(Clone) (UnityEngine.GameObject) ::: NAGRODA 0,04602059
AgentML_BLUE(Clone) (UnityEngine.GameObject) ::: NAGRODA 0,04719024
AgentML_BLUE(Clone) (UnityEngine.GameObject) ::: NAGRODA 0,04577719
AgentML_RED(Clone) (UnityEngine.GameObject) ::: NAGRODA 0,04412574
AgentML_RED(Clone) (UnityEngine.GameObject) ::: NAGRODA 0,05729235
AgentML_RED(Clone) (UnityEngine.GameObject) ::: NAGRODA 0,04678556
AgentML_RED(Clone) (UnityEngine.GameObject) ::: NAGRODA 0,06236173
Steps:200
Steps:300
AgentML_BLUE(Clone) (UnityEngine.GameObject) ::: NAGRODA 0,04692734
AgentML_BLUE(Clone) (UnityEngine.GameObject) ::: NAGRODA 0,04602059
AgentML_BLUE(Clone) (UnityEngine.GameObject) ::: NAGRODA 0,04719024
AgentML_BLUE(Clone) (UnityEngine.GameObject) ::: NAGRODA 0,04577719
AgentML_RED(Clone) (UnityEngine.GameObject) ::: NAGRODA 0,04484327
AgentML_RED(Clone) (UnityEngine.GameObject) ::: NAGRODA 0,07569774
AgentML_RED(Clone) (UnityEngine.GameObject) ::: NAGRODA 0,05996805
AgentML_RED(Clone) (UnityEngine.GameObject) ::: NAGRODA 0,03987419
Steps:400
Steps:500
AgentML_BLUE(Clone) (UnityEngine.GameObject) ::: NAGRODA 0,04692734
AgentML_BLUE(Clone) (UnityEngine.GameObject) ::: NAGRODA 0,04602059
AgentML_BLUE(Clone) (UnityEngine.GameObject) ::: NAGRODA 0,04719024
AgentML_BLUE(Clone) (UnityEngine.GameObject) ::: NAGRODA 0,04577719
AgentML_RED(Clone) (UnityEngine.GameObject) ::: NAGRODA 0,05892598
AgentML_RED(Clone) (UnityEngine.GameObject) ::: NAGRODA 0,06986959
AgentML_RED(Clone) (UnityEngine.GameObject) ::: NAGRODA 0,07310722
AgentML_RED(Clone) (UnityEngine.GameObject) ::: NAGRODA 0,06322376
Steps:600
Unable to save timers to file C:/Users/Kacper/Documents/GitHub/deepctf/BuildLowRewards/CTF_Data\ML-Agents\Timers\SceneMain_timers.json
Setting up 2 worker threads for Enlighten.
Memory Statistics:
[ALLOC_TEMP_TLS] TLS Allocator
  StackAllocators : 
    [ALLOC_TEMP_MAIN]
      Peak usage frame count: [16.0 KB-32.0 KB]: 375 frames, [128.0 KB-256.0 KB]: 6 frames, [2.0 MB-4.0 MB]: 1 frames
      Initial Block Size 4.0 MB
      Current Block Size 4.0 MB
      Peak Allocated Bytes 2.1 MB
      Overflow Count 0
    [ALLOC_TEMP_Loading.AsyncRead]
      Initial Block Size 64.0 KB
      Current Block Size 64.0 KB
      Peak Allocated Bytes 276 B
      Overflow Count 0
    [ALLOC_TEMP_Loading.PreloadManager]
      Initial Block Size 256.0 KB
      Current Block Size 256.0 KB
      Peak Allocated Bytes 116.9 KB
      Overflow Count 29
    [ALLOC_TEMP_Background Job.Worker 8]
      Initial Block Size 32.0 KB
      Current Block Size 32.0 KB
      Peak Allocated Bytes 54 B
      Overflow Count 0
    [ALLOC_TEMP_Background Job.Worker 9]
      Initial Block Size 32.0 KB
      Current Block Size 32.0 KB
      Peak Allocated Bytes 54 B
      Overflow Count 0
    [ALLOC_TEMP_Job.Worker 0]
      Initial Block Size 256.0 KB
      Current Block Size 256.0 KB
      Peak Allocated Bytes 392 B
      Overflow Count 0
    [ALLOC_TEMP_Background Job.Worker 10]
      Initial Block Size 32.0 KB
      Current Block Size 32.0 KB
      Peak Allocated Bytes 54 B
      Overflow Count 0
    [ALLOC_TEMP_Background Job.Worker 14]
      Initial Block Size 32.0 KB
      Current Block Size 32.0 KB
      Peak Allocated Bytes 54 B
      Overflow Count 0
    [ALLOC_TEMP_Background Job.Worker 6]
      Initial Block Size 32.0 KB
      Current Block Size 32.0 KB
      Peak Allocated Bytes 54 B
      Overflow Count 0
    [ALLOC_TEMP_Background Job.Worker 12]
      Initial Block Size 32.0 KB
      Current Block Size 32.0 KB
      Peak Allocated Bytes 54 B
      Overflow Count 0
    [ALLOC_TEMP_EnlightenWorker] x 2
      Initial Block Size 64.0 KB
      Current Block Size 64.0 KB
      Peak Allocated Bytes 54 B
      Overflow Count 0
    [ALLOC_TEMP_Background Job.Worker 15]
      Initial Block Size 32.0 KB
      Current Block Size 32.0 KB
      Peak Allocated Bytes 54 B
      Overflow Count 0
    [ALLOC_TEMP_Background Job.Worker 1]
      Initial Block Size 32.0 KB
      Current Block Size 32.0 KB
      Peak Allocated Bytes 54 B
      Overflow Count 0
    [ALLOC_TEMP_Background Job.Worker 2]
      Initial Block Size 32.0 KB
      Current Block Size 32.0 KB
      Peak Allocated Bytes 54 B
      Overflow Count 0
    [ALLOC_TEMP_Background Job.Worker 7]
      Initial Block Size 32.0 KB
      Current Block Size 32.0 KB
      Peak Allocated Bytes 54 B
      Overflow Count 0
    [ALLOC_TEMP_AssetGarbageCollectorHelper] x 3
      Initial Block Size 64.0 KB
      Current Block Size 64.0 KB
      Peak Allocated Bytes 0 B
      Overflow Count 0
    [ALLOC_TEMP_Background Job.Worker 5]
      Initial Block Size 32.0 KB
      Current Block Size 32.0 KB
      Peak Allocated Bytes 54 B
      Overflow Count 0
    [ALLOC_TEMP_Background Job.Worker 13]
      Initial Block Size 32.0 KB
      Current Block Size 32.0 KB
      Peak Allocated Bytes 54 B
      Overflow Count 0
    [ALLOC_TEMP_Job.Worker 1]
      Initial Block Size 256.0 KB
      Current Block Size 256.0 KB
      Peak Allocated Bytes 392 B
      Overflow Count 0
    [ALLOC_TEMP_Job.Worker 2]
      Initial Block Size 256.0 KB
      Current Block Size 256.0 KB
      Peak Allocated Bytes 392 B
      Overflow Count 0
    [ALLOC_TEMP_Background Job.Worker 3]
      Initial Block Size 32.0 KB
      Current Block Size 32.0 KB
      Peak Allocated Bytes 54 B
      Overflow Count 0
    [ALLOC_TEMP_Background Job.Worker 11]
      Initial Block Size 32.0 KB
      Current Block Size 32.0 KB
      Peak Allocated Bytes 54 B
      Overflow Count 0
    [ALLOC_TEMP_Background Job.Worker 0]
      Initial Block Size 32.0 KB
      Current Block Size 32.0 KB
      Peak Allocated Bytes 54 B
      Overflow Count 0
    [ALLOC_TEMP_Background Job.Worker 4]
      Initial Block Size 32.0 KB
      Current Block Size 32.0 KB
      Peak Allocated Bytes 54 B
      Overflow Count 0
    [ALLOC_TEMP_BatchDeleteObjects]
      Initial Block Size 64.0 KB
      Current Block Size 64.0 KB
      Peak Allocated Bytes 54 B
      Overflow Count 0
[ALLOC_DEFAULT] Dual Thread Allocator
  Peak main deferred allocation count 2078
    [ALLOC_BUCKET]
      Large Block size 4.0 MB
      Used Block count 1
      Peak Allocated bytes 1.2 MB
    [ALLOC_DEFAULT_MAIN]
      Peak usage frame count: [4.0 MB-8.0 MB]: 382 frames
      Requested Block Size 16.0 MB
      Peak Block count 1
      Peak Allocated memory 6.2 MB
      Peak Large allocation bytes 0 B
    [ALLOC_DEFAULT_THREAD]
      Peak usage frame count: [16.0 MB-32.0 MB]: 382 frames
      Requested Block Size 16.0 MB
      Peak Block count 1
      Peak Allocated memory 18.2 MB
      Peak Large allocation bytes 16.0 MB
[ALLOC_TEMP_JOB_1_FRAME]
  Initial Block Size 2.0 MB
  Used Block Count 1
  Overflow Count (too large) 0
  Overflow Count (full) 0
[ALLOC_TEMP_JOB_2_FRAMES]
  Initial Block Size 2.0 MB
  Used Block Count 1
  Overflow Count (too large) 0
  Overflow Count (full) 0
[ALLOC_TEMP_JOB_4_FRAMES (JobTemp)]
  Initial Block Size 2.0 MB
  Used Block Count 2
  Overflow Count (too large) 0
  Overflow Count (full) 0
[ALLOC_TEMP_JOB_ASYNC (Background)]
  Initial Block Size 1.0 MB
  Used Block Count 4
  Overflow Count (too large) 0
  Overflow Count (full) 0
[ALLOC_GFX] Dual Thread Allocator
  Peak main deferred allocation count 0
    [ALLOC_BUCKET]
      Large Block size 4.0 MB
      Used Block count 1
      Peak Allocated bytes 1.2 MB
    [ALLOC_GFX_MAIN]
      Peak usage frame count: [64.0 KB-128.0 KB]: 382 frames
      Requested Block Size 16.0 MB
      Peak Block count 1
      Peak Allocated memory 108.4 KB
      Peak Large allocation bytes 0 B
    [ALLOC_GFX_THREAD]
      Peak usage frame count: [32.0 KB-64.0 KB]: 382 frames
      Requested Block Size 16.0 MB
      Peak Block count 1
      Peak Allocated memory 42.0 KB
      Peak Large allocation bytes 0 B
[ALLOC_CACHEOBJECTS] Dual Thread Allocator
  Peak main deferred allocation count 28
    [ALLOC_BUCKET]
      Large Block size 4.0 MB
      Used Block count 1
      Peak Allocated bytes 1.2 MB
    [ALLOC_CACHEOBJECTS_MAIN]
      Peak usage frame count: [0.5 MB-1.0 MB]: 380 frames, [1.0 MB-2.0 MB]: 2 frames
      Requested Block Size 4.0 MB
      Peak Block count 1
      Peak Allocated memory 1.0 MB
      Peak Large allocation bytes 0 B
    [ALLOC_CACHEOBJECTS_THREAD]
      Peak usage frame count: [0.5 MB-1.0 MB]: 382 frames
      Requested Block Size 4.0 MB
      Peak Block count 1
      Peak Allocated memory 0.7 MB
      Peak Large allocation bytes 0 B
[ALLOC_TYPETREE] Dual Thread Allocator
  Peak main deferred allocation count 0
    [ALLOC_BUCKET]
      Large Block size 4.0 MB
      Used Block count 1
      Peak Allocated bytes 1.2 MB
    [ALLOC_TYPETREE_MAIN]
      Peak usage frame count: [4.0 KB-8.0 KB]: 382 frames
      Requested Block Size 2.0 MB
      Peak Block count 1
      Peak Allocated memory 4.6 KB
      Peak Large allocation bytes 0 B
    [ALLOC_TYPETREE_THREAD]
      Peak usage frame count: [4.0 KB-8.0 KB]: 382 frames
      Requested Block Size 2.0 MB
      Peak Block count 1
      Peak Allocated memory 5.4 KB
      Peak Large allocation bytes 0 B
