Mono path[0] = 'C:/Users/Kacper/Documents/GitHub/deepctf/BuildLowRewards/CTF_Data/Managed'
Mono config path = 'C:/Users/Kacper/Documents/GitHub/deepctf/BuildLowRewards/MonoBleedingEdge/etc'
Initialize engine version: 2021.3.1f1 (3b70a0754835)
[Subsystems] Discovering subsystems at path C:/Users/Kacper/Documents/GitHub/deepctf/BuildLowRewards/CTF_Data/UnitySubsystems
Forcing GfxDevice: Null
GfxDevice: creating device client; threaded=0; jobified=0
NullGfxDevice:
    Version:  NULL 1.0 [1.0]
    Renderer: Null Device
    Vendor:   Unity Technologies
Begin MonoManager ReloadAssembly
- Completed reload, in  0.296 seconds
ERROR: Shader Sprites/Default shader is not supported on this GPU (none of subshaders/fallbacks are suitable)
Microsoft Media Foundation video decoding to texture disabled: graphics device is Null, only Direct3D 11 and Direct3D 12 (only on desktop) are supported for hardware-accelerated video decoding.
ERROR: Shader Sprites/Mask shader is not supported on this GPU (none of subshaders/fallbacks are suitable)
ERROR: Shader Legacy Shaders/VertexLit shader is not supported on this GPU (none of subshaders/fallbacks are suitable)
WARNING: Shader Unsupported: 'Standard' - All subshaders removed
WARNING: Shader Did you use #pragma only_renderers and omit this platform?
WARNING: Shader If subshaders removal was intentional, you may have forgotten turning Fallback off?
ERROR: Shader Standard shader is not supported on this GPU (none of subshaders/fallbacks are suitable)
WARNING: Shader Unsupported: 'Standard' - All subshaders removed
WARNING: Shader Did you use #pragma only_renderers and omit this platform?
WARNING: Shader If subshaders removal was intentional, you may have forgotten turning Fallback off?
ERROR: Shader GUI/Text Shader shader is not supported on this GPU (none of subshaders/fallbacks are suitable)
ERROR: Shader TextMeshPro/Mobile/Distance Field shader is not supported on this GPU (none of subshaders/fallbacks are suitable)
UnloadTime: 1.141900 ms
SG: 
SG: blue on game start
OGS: spawning egants
OGS: trying spawn agent no 0
CICS: 8330
OGS: trying spawn agent no 1
CICS: 8330
CICS: 8330 AgentML_BLUE(Clone) (UnityEngine.Transform) at (154.00, 2.50, -78.00)
CICS: 8328
CICS: 8328 AgentML_BLUE(Clone) (UnityEngine.Transform) at (154.00, 2.50, -78.00)
OGS: trying spawn agent no 2
CICS: 8330
CICS: 8330 AgentML_BLUE(Clone) (UnityEngine.Transform) at (154.00, 2.50, -78.00)
CICS: 8328
CICS: 8328 AgentML_BLUE(Clone) (UnityEngine.Transform) at (154.00, 2.50, -78.00)
CICS: 8328 AgentML_BLUE(Clone) (UnityEngine.Transform) at (154.00, 2.50, -86.00)
CICS: 8429
CICS: 8429 AgentML_BLUE(Clone) (UnityEngine.Transform) at (154.00, 2.50, -78.00)
CICS: 8429 AgentML_BLUE(Clone) (UnityEngine.Transform) at (154.00, 2.50, -86.00)
OGS: trying spawn agent no 3
CICS: 8330
CICS: 8330 AgentML_BLUE(Clone) (UnityEngine.Transform) at (154.00, 2.50, -78.00)
CICS: 8328
CICS: 8328 AgentML_BLUE(Clone) (UnityEngine.Transform) at (154.00, 2.50, -78.00)
CICS: 8328 AgentML_BLUE(Clone) (UnityEngine.Transform) at (154.00, 2.50, -86.00)
CICS: 8429
CICS: 8429 AgentML_BLUE(Clone) (UnityEngine.Transform) at (154.00, 2.50, -78.00)
CICS: 8429 AgentML_BLUE(Clone) (UnityEngine.Transform) at (154.00, 2.50, -86.00)
CICS: 8429 AgentML_BLUE(Clone) (UnityEngine.Transform) at (158.00, 2.50, -82.00)
CICS: 8229
CICS: 8229 AgentML_BLUE(Clone) (UnityEngine.Transform) at (154.00, 2.50, -78.00)
CICS: 8229 AgentML_BLUE(Clone) (UnityEngine.Transform) at (154.00, 2.50, -86.00)
CICS: 8229 AgentML_BLUE(Clone) (UnityEngine.Transform) at (158.00, 2.50, -82.00)
SG: red on game start
OGS: spawning egants
OGS: trying spawn agent no 0
CICS: 4939
OGS: trying spawn agent no 1
CICS: 4939
CICS: 4939 AgentML_RED(Clone) (UnityEngine.Transform) at (18.00, 2.50, -42.00)
CICS: 4937
CICS: 4937 AgentML_RED(Clone) (UnityEngine.Transform) at (18.00, 2.50, -42.00)
OGS: trying spawn agent no 2
CICS: 4939
CICS: 4939 AgentML_RED(Clone) (UnityEngine.Transform) at (18.00, 2.50, -42.00)
CICS: 4937
CICS: 4937 AgentML_RED(Clone) (UnityEngine.Transform) at (18.00, 2.50, -42.00)
CICS: 4937 AgentML_RED(Clone) (UnityEngine.Transform) at (18.00, 2.50, -50.00)
CICS: 5038
CICS: 5038 AgentML_RED(Clone) (UnityEngine.Transform) at (18.00, 2.50, -42.00)
CICS: 5038 AgentML_RED(Clone) (UnityEngine.Transform) at (18.00, 2.50, -50.00)
OGS: trying spawn agent no 3
CICS: 4939
CICS: 4939 AgentML_RED(Clone) (UnityEngine.Transform) at (18.00, 2.50, -42.00)
CICS: 4937
CICS: 4937 AgentML_RED(Clone) (UnityEngine.Transform) at (18.00, 2.50, -42.00)
CICS: 4937 AgentML_RED(Clone) (UnityEngine.Transform) at (18.00, 2.50, -50.00)
CICS: 5038
CICS: 5038 AgentML_RED(Clone) (UnityEngine.Transform) at (18.00, 2.50, -42.00)
CICS: 5038 AgentML_RED(Clone) (UnityEngine.Transform) at (18.00, 2.50, -50.00)
CICS: 5038 AgentML_RED(Clone) (UnityEngine.Transform) at (22.00, 2.50, -46.00)
CICS: 4838
CICS: 4838 AgentML_RED(Clone) (UnityEngine.Transform) at (18.00, 2.50, -42.00)
CICS: 4838 AgentML_RED(Clone) (UnityEngine.Transform) at (18.00, 2.50, -50.00)
CICS: 4838 AgentML_RED(Clone) (UnityEngine.Transform) at (22.00, 2.50, -46.00)
EPISODE BEGIN
EPISODE BEGIN
EPISODE BEGIN
EPISODE BEGIN
EPISODE BEGIN
EPISODE BEGIN
EPISODE BEGIN
EPISODE BEGIN
Steps:0
ERROR: Shader TextMeshPro/Sprite shader is not supported on this GPU (none of subshaders/fallbacks are suitable)
ERROR: Shader UI/Default shader is not supported on this GPU (none of subshaders/fallbacks are suitable)
Steps:100
AgentML_BLUE(Clone) (UnityEngine.GameObject) ::: NAGRODA 0,05181703
AgentML_BLUE(Clone) (UnityEngine.GameObject) ::: NAGRODA 0,05131063
AgentML_BLUE(Clone) (UnityEngine.GameObject) ::: NAGRODA 0,0508137
AgentML_BLUE(Clone) (UnityEngine.GameObject) ::: NAGRODA 0,05234498
AgentML_RED(Clone) (UnityEngine.GameObject) ::: NAGRODA 0,05169253
AgentML_RED(Clone) (UnityEngine.GameObject) ::: NAGRODA 0,04569901
AgentML_RED(Clone) (UnityEngine.GameObject) ::: NAGRODA 0,05992736
AgentML_RED(Clone) (UnityEngine.GameObject) ::: NAGRODA 0,05567126
Steps:200
Steps:300
AgentML_BLUE(Clone) (UnityEngine.GameObject) ::: NAGRODA 0,05181703
AgentML_BLUE(Clone) (UnityEngine.GameObject) ::: NAGRODA 0,05131063
AgentML_BLUE(Clone) (UnityEngine.GameObject) ::: NAGRODA 0,0508137
AgentML_BLUE(Clone) (UnityEngine.GameObject) ::: NAGRODA 0,05234498
AgentML_RED(Clone) (UnityEngine.GameObject) ::: NAGRODA 0,04610719
AgentML_RED(Clone) (UnityEngine.GameObject) ::: NAGRODA 0,07521993
AgentML_RED(Clone) (UnityEngine.GameObject) ::: NAGRODA 0,05727157
AgentML_RED(Clone) (UnityEngine.GameObject) ::: NAGRODA 0,07757998
Steps:400
Steps:500
Team red wins!
EE
EE: EGE blue
EE: EGE red
Unloading 5 Unused Serialized files (Serialized files now loaded: 0)
UnloadTime: 15.054700 ms
Unloading 3 unused Assets to reduce memory usage. Loaded Objects now: 2137.
Total: 2.880400 ms (FindLiveObjects: 0.210900 ms CreateObjectMapping: 0.120000 ms MarkObjects: 2.518800 ms  DeleteObjects: 0.030100 ms)

SG: 
SG: blue on game start
OGS: spawning egants
OGS: trying spawn agent no 0
CICS: 418
EPISODE BEGIN
OGS: trying spawn agent no 1
CICS: 418
CICS: 418 AgentML_BLUE(Clone) (UnityEngine.Transform) at (-162.00, 2.50, -126.00)
CICS: 416
CICS: 416 AgentML_BLUE(Clone) (UnityEngine.Transform) at (-162.00, 2.50, -126.00)
EPISODE BEGIN
OGS: trying spawn agent no 2
CICS: 418
CICS: 418 AgentML_BLUE(Clone) (UnityEngine.Transform) at (-162.00, 2.50, -126.00)
CICS: 416
CICS: 416 AgentML_BLUE(Clone) (UnityEngine.Transform) at (-162.00, 2.50, -126.00)
CICS: 416 AgentML_BLUE(Clone) (UnityEngine.Transform) at (-162.00, 2.50, -134.00)
CICS: 517
CICS: 517 AgentML_BLUE(Clone) (UnityEngine.Transform) at (-162.00, 2.50, -126.00)
CICS: 517 AgentML_BLUE(Clone) (UnityEngine.Transform) at (-162.00, 2.50, -134.00)
EPISODE BEGIN
OGS: trying spawn agent no 3
CICS: 418
CICS: 418 AgentML_BLUE(Clone) (UnityEngine.Transform) at (-162.00, 2.50, -126.00)
CICS: 416
CICS: 416 AgentML_BLUE(Clone) (UnityEngine.Transform) at (-162.00, 2.50, -126.00)
CICS: 416 AgentML_BLUE(Clone) (UnityEngine.Transform) at (-162.00, 2.50, -134.00)
CICS: 517
CICS: 517 AgentML_BLUE(Clone) (UnityEngine.Transform) at (-162.00, 2.50, -126.00)
CICS: 517 AgentML_BLUE(Clone) (UnityEngine.Transform) at (-162.00, 2.50, -134.00)
CICS: 517 AgentML_BLUE(Clone) (UnityEngine.Transform) at (-158.00, 2.50, -130.00)
CICS: 317
CICS: 317 AgentML_BLUE(Clone) (UnityEngine.Transform) at (-162.00, 2.50, -126.00)
CICS: 317 AgentML_BLUE(Clone) (UnityEngine.Transform) at (-162.00, 2.50, -134.00)
CICS: 317 AgentML_BLUE(Clone) (UnityEngine.Transform) at (-158.00, 2.50, -130.00)
EPISODE BEGIN
SG: red on game start
OGS: spawning egants
OGS: trying spawn agent no 0
CICS: 3615
EPISODE BEGIN
OGS: trying spawn agent no 1
CICS: 3615
CICS: 3615 AgentML_RED(Clone) (UnityEngine.Transform) at (-34.00, 2.50, -138.00)
CICS: 3613
CICS: 3613 AgentML_RED(Clone) (UnityEngine.Transform) at (-34.00, 2.50, -138.00)
EPISODE BEGIN
OGS: trying spawn agent no 2
CICS: 3615
CICS: 3615 AgentML_RED(Clone) (UnityEngine.Transform) at (-34.00, 2.50, -138.00)
CICS: 3613
CICS: 3613 AgentML_RED(Clone) (UnityEngine.Transform) at (-34.00, 2.50, -138.00)
CICS: 3613 AgentML_RED(Clone) (UnityEngine.Transform) at (-34.00, 2.50, -146.00)
CICS: 3714
CICS: 3714 AgentML_RED(Clone) (UnityEngine.Transform) at (-34.00, 2.50, -138.00)
CICS: 3714 AgentML_RED(Clone) (UnityEngine.Transform) at (-34.00, 2.50, -146.00)
EPISODE BEGIN
OGS: trying spawn agent no 3
CICS: 3615
CICS: 3615 AgentML_RED(Clone) (UnityEngine.Transform) at (-34.00, 2.50, -138.00)
CICS: 3613
CICS: 3613 AgentML_RED(Clone) (UnityEngine.Transform) at (-34.00, 2.50, -138.00)
CICS: 3613 AgentML_RED(Clone) (UnityEngine.Transform) at (-34.00, 2.50, -146.00)
CICS: 3714
CICS: 3714 AgentML_RED(Clone) (UnityEngine.Transform) at (-34.00, 2.50, -138.00)
CICS: 3714 AgentML_RED(Clone) (UnityEngine.Transform) at (-34.00, 2.50, -146.00)
CICS: 3714 AgentML_RED(Clone) (UnityEngine.Transform) at (-30.00, 2.50, -142.00)
CICS: 3514
CICS: 3514 AgentML_RED(Clone) (UnityEngine.Transform) at (-34.00, 2.50, -138.00)
CICS: 3514 AgentML_RED(Clone) (UnityEngine.Transform) at (-34.00, 2.50, -146.00)
CICS: 3514 AgentML_RED(Clone) (UnityEngine.Transform) at (-30.00, 2.50, -142.00)
EPISODE BEGIN
Steps:0
Steps:100
AgentML_BLUE(Clone) (UnityEngine.GameObject) ::: NAGRODA 0,05386726
AgentML_BLUE(Clone) (UnityEngine.GameObject) ::: NAGRODA 0,05405159
AgentML_BLUE(Clone) (UnityEngine.GameObject) ::: NAGRODA 0,05476511
AgentML_BLUE(Clone) (UnityEngine.GameObject) ::: NAGRODA 0,05319105
AgentML_RED(Clone) (UnityEngine.GameObject) ::: NAGRODA 0,0588538
AgentML_RED(Clone) (UnityEngine.GameObject) ::: NAGRODA 0,04355941
AgentML_RED(Clone) (UnityEngine.GameObject) ::: NAGRODA 0,04846753
AgentML_RED(Clone) (UnityEngine.GameObject) ::: NAGRODA 0,05530622
Steps:200
Steps:300
AgentML_BLUE(Clone) (UnityEngine.GameObject) ::: NAGRODA 0,05386726
AgentML_BLUE(Clone) (UnityEngine.GameObject) ::: NAGRODA 0,05405159
AgentML_BLUE(Clone) (UnityEngine.GameObject) ::: NAGRODA 0,05476511
AgentML_BLUE(Clone) (UnityEngine.GameObject) ::: NAGRODA 0,05319105
AgentML_RED(Clone) (UnityEngine.GameObject) ::: NAGRODA 0,04917109
AgentML_RED(Clone) (UnityEngine.GameObject) ::: NAGRODA 0,06667715
AgentML_RED(Clone) (UnityEngine.GameObject) ::: NAGRODA 0,03319898
AgentML_RED(Clone) (UnityEngine.GameObject) ::: NAGRODA 0,05605108
Steps:400
Steps:500
AgentML_BLUE(Clone) (UnityEngine.GameObject) ::: NAGRODA 0,05386726
AgentML_BLUE(Clone) (UnityEngine.GameObject) ::: NAGRODA 0,05405159
AgentML_BLUE(Clone) (UnityEngine.GameObject) ::: NAGRODA 0,05476511
AgentML_BLUE(Clone) (UnityEngine.GameObject) ::: NAGRODA 0,05319105
AgentML_RED(Clone) (UnityEngine.GameObject) ::: NAGRODA 0,04057265
AgentML_RED(Clone) (UnityEngine.GameObject) ::: NAGRODA 0,07942079
AgentML_RED(Clone) (UnityEngine.GameObject) ::: NAGRODA 0,03134874
AgentML_RED(Clone) (UnityEngine.GameObject) ::: NAGRODA 0,07161202
Steps:600
Steps:700
AgentML_BLUE(Clone) (UnityEngine.GameObject) ::: NAGRODA 0,05386726
AgentML_BLUE(Clone) (UnityEngine.GameObject) ::: NAGRODA 0,05405159
AgentML_BLUE(Clone) (UnityEngine.GameObject) ::: NAGRODA 0,05476511
AgentML_BLUE(Clone) (UnityEngine.GameObject) ::: NAGRODA 0,05319105
AgentML_RED(Clone) (UnityEngine.GameObject) ::: NAGRODA 0,04423652
AgentML_RED(Clone) (UnityEngine.GameObject) ::: NAGRODA 0,07494852
AgentML_RED(Clone) (UnityEngine.GameObject) ::: NAGRODA 0,03791003
AgentML_RED(Clone) (UnityEngine.GameObject) ::: NAGRODA 0,07075409
Steps:800
Steps:900
AgentML_BLUE(Clone) (UnityEngine.GameObject) ::: NAGRODA 0,05386726
AgentML_BLUE(Clone) (UnityEngine.GameObject) ::: NAGRODA 0,05405159
AgentML_BLUE(Clone) (UnityEngine.GameObject) ::: NAGRODA 0,05476511
AgentML_BLUE(Clone) (UnityEngine.GameObject) ::: NAGRODA 0,05319105
AgentML_RED(Clone) (UnityEngine.GameObject) ::: NAGRODA 0,05449988
AgentML_RED(Clone) (UnityEngine.GameObject) ::: NAGRODA 0,06012408
AgentML_RED(Clone) (UnityEngine.GameObject) ::: NAGRODA 0,05429801
AgentML_RED(Clone) (UnityEngine.GameObject) ::: NAGRODA 0,06348307
Steps:1000
Steps:1100
AgentML_BLUE(Clone) (UnityEngine.GameObject) ::: NAGRODA 0,05386726
AgentML_BLUE(Clone) (UnityEngine.GameObject) ::: NAGRODA 0,05405159
AgentML_BLUE(Clone) (UnityEngine.GameObject) ::: NAGRODA 0,05476511
AgentML_BLUE(Clone) (UnityEngine.GameObject) ::: NAGRODA 0,05319105
AgentML_RED(Clone) (UnityEngine.GameObject) ::: NAGRODA 0,05477934
AgentML_RED(Clone) (UnityEngine.GameObject) ::: NAGRODA 0,05601976
AgentML_RED(Clone) (UnityEngine.GameObject) ::: NAGRODA 0,07274599
AgentML_RED(Clone) (UnityEngine.GameObject) ::: NAGRODA 0,06985561
Steps:1200
Steps:1300
AgentML_BLUE(Clone) (UnityEngine.GameObject) ::: NAGRODA 0,05386726
AgentML_BLUE(Clone) (UnityEngine.GameObject) ::: NAGRODA 0,05405159
AgentML_BLUE(Clone) (UnityEngine.GameObject) ::: NAGRODA 0,05476511
AgentML_BLUE(Clone) (UnityEngine.GameObject) ::: NAGRODA 0,05319105
AgentML_RED(Clone) (UnityEngine.GameObject) ::: NAGRODA 0,05705836
AgentML_RED(Clone) (UnityEngine.GameObject) ::: NAGRODA 0,05404118
AgentML_RED(Clone) (UnityEngine.GameObject) ::: NAGRODA 0,05408292
AgentML_RED(Clone) (UnityEngine.GameObject) ::: NAGRODA 0,06982723
Steps:1400
Steps:1500
AgentML_BLUE(Clone) (UnityEngine.GameObject) ::: NAGRODA 0,05386726
AgentML_BLUE(Clone) (UnityEngine.GameObject) ::: NAGRODA 0,05405159
AgentML_BLUE(Clone) (UnityEngine.GameObject) ::: NAGRODA 0,05476511
AgentML_BLUE(Clone) (UnityEngine.GameObject) ::: NAGRODA 0,05319105
AgentML_RED(Clone) (UnityEngine.GameObject) ::: NAGRODA 0,07886263
AgentML_RED(Clone) (UnityEngine.GameObject) ::: NAGRODA 0,05287886
AgentML_RED(Clone) (UnityEngine.GameObject) ::: NAGRODA 0,04763544
AgentML_RED(Clone) (UnityEngine.GameObject) ::: NAGRODA 0,0616373
Steps:1600
Steps:1700
AgentML_BLUE(Clone) (UnityEngine.GameObject) ::: NAGRODA 0,05386726
AgentML_BLUE(Clone) (UnityEngine.GameObject) ::: NAGRODA 0,05405159
AgentML_BLUE(Clone) (UnityEngine.GameObject) ::: NAGRODA 0,05476511
AgentML_BLUE(Clone) (UnityEngine.GameObject) ::: NAGRODA 0,05319105
AgentML_RED(Clone) (UnityEngine.GameObject) ::: NAGRODA 0,05713044
AgentML_RED(Clone) (UnityEngine.GameObject) ::: NAGRODA 0,06350382
AgentML_RED(Clone) (UnityEngine.GameObject) ::: NAGRODA 0,05598804
AgentML_RED(Clone) (UnityEngine.GameObject) ::: NAGRODA 0,07599981
Steps:1800
Steps:1900
AgentML_BLUE(Clone) (UnityEngine.GameObject) ::: NAGRODA 0,05386726
AgentML_BLUE(Clone) (UnityEngine.GameObject) ::: NAGRODA 0,05405159
AgentML_BLUE(Clone) (UnityEngine.GameObject) ::: NAGRODA 0,05476511
AgentML_BLUE(Clone) (UnityEngine.GameObject) ::: NAGRODA 0,05319105
AgentML_RED(Clone) (UnityEngine.GameObject) ::: NAGRODA 0,04473965
AgentML_RED(Clone) (UnityEngine.GameObject) ::: NAGRODA 0,07282106
AgentML_RED(Clone) (UnityEngine.GameObject) ::: NAGRODA 0,07308255
AgentML_RED(Clone) (UnityEngine.GameObject) ::: NAGRODA 0,06751297
Steps:2000
Steps:0
Unloading 3 Unused Serialized files (Serialized files now loaded: 0)
UnloadTime: 1.099200 ms
Unloading 2 unused Assets to reduce memory usage. Loaded Objects now: 2137.
Total: 2.792600 ms (FindLiveObjects: 0.163100 ms CreateObjectMapping: 0.181600 ms MarkObjects: 2.410200 ms  DeleteObjects: 0.037300 ms)

SG: 
SG: blue on game start
OGS: spawning egants
OGS: trying spawn agent no 0
CICS: 7991
EPISODE BEGIN
OGS: trying spawn agent no 1
CICS: 7991
CICS: 7991 AgentML_BLUE(Clone) (UnityEngine.Transform) at (138.00, 2.50, 166.00)
CICS: 7989
CICS: 7989 AgentML_BLUE(Clone) (UnityEngine.Transform) at (138.00, 2.50, 166.00)
EPISODE BEGIN
OGS: trying spawn agent no 2
CICS: 7991
CICS: 7991 AgentML_BLUE(Clone) (UnityEngine.Transform) at (138.00, 2.50, 166.00)
CICS: 7989
CICS: 7989 AgentML_BLUE(Clone) (UnityEngine.Transform) at (138.00, 2.50, 166.00)
CICS: 7989 AgentML_BLUE(Clone) (UnityEngine.Transform) at (138.00, 2.50, 158.00)
CICS: 8090
CICS: 8090 AgentML_BLUE(Clone) (UnityEngine.Transform) at (138.00, 2.50, 166.00)
CICS: 8090 AgentML_BLUE(Clone) (UnityEngine.Transform) at (138.00, 2.50, 158.00)
EPISODE BEGIN
OGS: trying spawn agent no 3
CICS: 7991
CICS: 7991 AgentML_BLUE(Clone) (UnityEngine.Transform) at (138.00, 2.50, 166.00)
CICS: 7989
CICS: 7989 AgentML_BLUE(Clone) (UnityEngine.Transform) at (138.00, 2.50, 166.00)
CICS: 7989 AgentML_BLUE(Clone) (UnityEngine.Transform) at (138.00, 2.50, 158.00)
CICS: 8090
CICS: 8090 AgentML_BLUE(Clone) (UnityEngine.Transform) at (138.00, 2.50, 166.00)
CICS: 8090 AgentML_BLUE(Clone) (UnityEngine.Transform) at (138.00, 2.50, 158.00)
CICS: 8090 AgentML_BLUE(Clone) (UnityEngine.Transform) at (142.00, 2.50, 162.00)
CICS: 7890
CICS: 7890 AgentML_BLUE(Clone) (UnityEngine.Transform) at (138.00, 2.50, 166.00)
CICS: 7890 AgentML_BLUE(Clone) (UnityEngine.Transform) at (138.00, 2.50, 158.00)
CICS: 7890 AgentML_BLUE(Clone) (UnityEngine.Transform) at (142.00, 2.50, 162.00)
EPISODE BEGIN
SG: red on game start
OGS: spawning egants
OGS: trying spawn agent no 0
CICS: 5502
EPISODE BEGIN
OGS: trying spawn agent no 1
CICS: 5502
CICS: 5502 AgentML_RED(Clone) (UnityEngine.Transform) at (42.00, 2.50, -190.00)
CICS: 5500
CICS: 5500 AgentML_RED(Clone) (UnityEngine.Transform) at (42.00, 2.50, -190.00)
EPISODE BEGIN
OGS: trying spawn agent no 2
CICS: 5502
CICS: 5502 AgentML_RED(Clone) (UnityEngine.Transform) at (42.00, 2.50, -190.00)
CICS: 5500
CICS: 5500 AgentML_RED(Clone) (UnityEngine.Transform) at (42.00, 2.50, -190.00)
CICS: 5500 AgentML_RED(Clone) (UnityEngine.Transform) at (42.00, 2.50, -198.00)
CICS: 5601
CICS: 5601 AgentML_RED(Clone) (UnityEngine.Transform) at (42.00, 2.50, -190.00)
CICS: 5601 AgentML_RED(Clone) (UnityEngine.Transform) at (42.00, 2.50, -198.00)
EPISODE BEGIN
OGS: trying spawn agent no 3
CICS: 5502
CICS: 5502 AgentML_RED(Clone) (UnityEngine.Transform) at (42.00, 2.50, -190.00)
CICS: 5500
CICS: 5500 AgentML_RED(Clone) (UnityEngine.Transform) at (42.00, 2.50, -190.00)
CICS: 5500 AgentML_RED(Clone) (UnityEngine.Transform) at (42.00, 2.50, -198.00)
CICS: 5601
CICS: 5601 AgentML_RED(Clone) (UnityEngine.Transform) at (42.00, 2.50, -190.00)
CICS: 5601 AgentML_RED(Clone) (UnityEngine.Transform) at (42.00, 2.50, -198.00)
CICS: 5601 AgentML_RED(Clone) (UnityEngine.Transform) at (46.00, 2.50, -194.00)
CICS: 5401
CICS: 5401 AgentML_RED(Clone) (UnityEngine.Transform) at (42.00, 2.50, -190.00)
CICS: 5401 AgentML_RED(Clone) (UnityEngine.Transform) at (42.00, 2.50, -198.00)
CICS: 5401 AgentML_RED(Clone) (UnityEngine.Transform) at (46.00, 2.50, -194.00)
EPISODE BEGIN
Steps:0
Steps:100
AgentML_BLUE(Clone) (UnityEngine.GameObject) ::: NAGRODA 0,005183697
AgentML_BLUE(Clone) (UnityEngine.GameObject) ::: NAGRODA 0,007111871
AgentML_BLUE(Clone) (UnityEngine.GameObject) ::: NAGRODA 0,005936249
AgentML_BLUE(Clone) (UnityEngine.GameObject) ::: NAGRODA 0,006352197
AgentML_RED(Clone) (UnityEngine.GameObject) ::: NAGRODA 0,006982171
AgentML_RED(Clone) (UnityEngine.GameObject) ::: NAGRODA 0,007616327
AgentML_RED(Clone) (UnityEngine.GameObject) ::: NAGRODA 0,00642514
AgentML_RED(Clone) (UnityEngine.GameObject) ::: NAGRODA 0,007113635
Steps:200
Steps:300
AgentML_BLUE(Clone) (UnityEngine.GameObject) ::: NAGRODA 0,005183697
AgentML_BLUE(Clone) (UnityEngine.GameObject) ::: NAGRODA 0,007111871
AgentML_BLUE(Clone) (UnityEngine.GameObject) ::: NAGRODA 0,005936249
AgentML_BLUE(Clone) (UnityEngine.GameObject) ::: NAGRODA 0,006352197
AgentML_RED(Clone) (UnityEngine.GameObject) ::: NAGRODA 0,004976526
AgentML_RED(Clone) (UnityEngine.GameObject) ::: NAGRODA 0,01341186
AgentML_RED(Clone) (UnityEngine.GameObject) ::: NAGRODA 0,02831122
AgentML_RED(Clone) (UnityEngine.GameObject) ::: NAGRODA 0,006695709
Steps:400
Steps:500
AgentML_BLUE(Clone) (UnityEngine.GameObject) ::: NAGRODA 0,005183697
AgentML_BLUE(Clone) (UnityEngine.GameObject) ::: NAGRODA 0,007111871
AgentML_BLUE(Clone) (UnityEngine.GameObject) ::: NAGRODA 0,005936249
AgentML_BLUE(Clone) (UnityEngine.GameObject) ::: NAGRODA 0,006352197
AgentML_RED(Clone) (UnityEngine.GameObject) ::: NAGRODA 0,003726514
AgentML_RED(Clone) (UnityEngine.GameObject) ::: NAGRODA 0,007441357
AgentML_RED(Clone) (UnityEngine.GameObject) ::: NAGRODA 0,0537543
AgentML_RED(Clone) (UnityEngine.GameObject) ::: NAGRODA 0,006076886
Steps:600
Steps:700
AgentML_BLUE(Clone) (UnityEngine.GameObject) ::: NAGRODA 0,005183697
AgentML_BLUE(Clone) (UnityEngine.GameObject) ::: NAGRODA 0,007111871
AgentML_BLUE(Clone) (UnityEngine.GameObject) ::: NAGRODA 0,005936249
AgentML_BLUE(Clone) (UnityEngine.GameObject) ::: NAGRODA 0,006352197
AgentML_RED(Clone) (UnityEngine.GameObject) ::: NAGRODA 0,0007019531
AgentML_RED(Clone) (UnityEngine.GameObject) ::: NAGRODA 0,005726452
AgentML_RED(Clone) (UnityEngine.GameObject) ::: NAGRODA 0,07782892
AgentML_RED(Clone) (UnityEngine.GameObject) ::: NAGRODA 0,009845105
Steps:800
Steps:900
AgentML_BLUE(Clone) (UnityEngine.GameObject) ::: NAGRODA 0,005183697
AgentML_BLUE(Clone) (UnityEngine.GameObject) ::: NAGRODA 0,007111871
AgentML_BLUE(Clone) (UnityEngine.GameObject) ::: NAGRODA 0,005936249
AgentML_BLUE(Clone) (UnityEngine.GameObject) ::: NAGRODA 0,006352197
AgentML_RED(Clone) (UnityEngine.GameObject) ::: NAGRODA 0,007259076
AgentML_RED(Clone) (UnityEngine.GameObject) ::: NAGRODA 0,002193189
AgentML_RED(Clone) (UnityEngine.GameObject) ::: NAGRODA 0,00443125
AgentML_RED(Clone) (UnityEngine.GameObject) ::: NAGRODA 0,01169728
Steps:1000
Steps:1100
AgentML_BLUE(Clone) (UnityEngine.GameObject) ::: NAGRODA 0,005183697
AgentML_BLUE(Clone) (UnityEngine.GameObject) ::: NAGRODA 0,007111871
AgentML_BLUE(Clone) (UnityEngine.GameObject) ::: NAGRODA 0,005936249
AgentML_BLUE(Clone) (UnityEngine.GameObject) ::: NAGRODA 0,006352197
AgentML_RED(Clone) (UnityEngine.GameObject) ::: NAGRODA 0,04197836
AgentML_RED(Clone) (UnityEngine.GameObject) ::: NAGRODA 0,001985962
AgentML_RED(Clone) (UnityEngine.GameObject) ::: NAGRODA 0,02023309
AgentML_RED(Clone) (UnityEngine.GameObject) ::: NAGRODA 0,01077722
Steps:1200
Steps:1300
AgentML_BLUE(Clone) (UnityEngine.GameObject) ::: NAGRODA 0,005183697
AgentML_BLUE(Clone) (UnityEngine.GameObject) ::: NAGRODA 0,007111871
AgentML_BLUE(Clone) (UnityEngine.GameObject) ::: NAGRODA 0,005936249
AgentML_BLUE(Clone) (UnityEngine.GameObject) ::: NAGRODA 0,006352197
AgentML_RED(Clone) (UnityEngine.GameObject) ::: NAGRODA 0,07245388
AgentML_RED(Clone) (UnityEngine.GameObject) ::: NAGRODA 0,00623078
AgentML_RED(Clone) (UnityEngine.GameObject) ::: NAGRODA 0,05766051
AgentML_RED(Clone) (UnityEngine.GameObject) ::: NAGRODA 0,01393007
Steps:1400
Steps:1500
AgentML_BLUE(Clone) (UnityEngine.GameObject) ::: NAGRODA 0,005183697
AgentML_BLUE(Clone) (UnityEngine.GameObject) ::: NAGRODA 0,007111871
AgentML_BLUE(Clone) (UnityEngine.GameObject) ::: NAGRODA 0,005936249
AgentML_BLUE(Clone) (UnityEngine.GameObject) ::: NAGRODA 0,006352197
AgentML_RED(Clone) (UnityEngine.GameObject) ::: NAGRODA 0,0523966
AgentML_RED(Clone) (UnityEngine.GameObject) ::: NAGRODA 0,01368975
AgentML_RED(Clone) (UnityEngine.GameObject) ::: NAGRODA 0,06459042
AgentML_RED(Clone) (UnityEngine.GameObject) ::: NAGRODA 0,01800057
Steps:1600
Steps:1700
AgentML_BLUE(Clone) (UnityEngine.GameObject) ::: NAGRODA 0,005183697
AgentML_BLUE(Clone) (UnityEngine.GameObject) ::: NAGRODA 0,007111871
AgentML_BLUE(Clone) (UnityEngine.GameObject) ::: NAGRODA 0,005936249
AgentML_BLUE(Clone) (UnityEngine.GameObject) ::: NAGRODA 0,006352197
AgentML_RED(Clone) (UnityEngine.GameObject) ::: NAGRODA 0,03123486
AgentML_RED(Clone) (UnityEngine.GameObject) ::: NAGRODA 0,04045046
AgentML_RED(Clone) (UnityEngine.GameObject) ::: NAGRODA 0,07775857
AgentML_RED(Clone) (UnityEngine.GameObject) ::: NAGRODA 0,01902967
Steps:1800
Steps:1900
AgentML_BLUE(Clone) (UnityEngine.GameObject) ::: NAGRODA 0,005183697
AgentML_BLUE(Clone) (UnityEngine.GameObject) ::: NAGRODA 0,007111871
AgentML_BLUE(Clone) (UnityEngine.GameObject) ::: NAGRODA 0,005936249
AgentML_BLUE(Clone) (UnityEngine.GameObject) ::: NAGRODA 0,006352197
AgentML_RED(Clone) (UnityEngine.GameObject) ::: NAGRODA 0,02556393
AgentML_RED(Clone) (UnityEngine.GameObject) ::: NAGRODA 0,03638206
AgentML_RED(Clone) (UnityEngine.GameObject) ::: NAGRODA 0,06780238
AgentML_RED(Clone) (UnityEngine.GameObject) ::: NAGRODA 0,02416937
Steps:2000
Steps:0
Unloading 3 Unused Serialized files (Serialized files now loaded: 0)
UnloadTime: 1.434400 ms
Unloading 2 unused Assets to reduce memory usage. Loaded Objects now: 2137.
Total: 2.335200 ms (FindLiveObjects: 0.195100 ms CreateObjectMapping: 0.290500 ms MarkObjects: 1.814300 ms  DeleteObjects: 0.034900 ms)

SG: 
SG: blue on game start
OGS: spawning egants
OGS: trying spawn agent no 0
CICS: 2222
EPISODE BEGIN
OGS: trying spawn agent no 1
CICS: 2222
CICS: 2222 AgentML_BLUE(Clone) (UnityEngine.Transform) at (-90.00, 2.50, -110.00)
CICS: 2220
CICS: 2220 AgentML_BLUE(Clone) (UnityEngine.Transform) at (-90.00, 2.50, -110.00)
EPISODE BEGIN
OGS: trying spawn agent no 2
CICS: 2222
CICS: 2222 AgentML_BLUE(Clone) (UnityEngine.Transform) at (-90.00, 2.50, -110.00)
CICS: 2220
CICS: 2220 AgentML_BLUE(Clone) (UnityEngine.Transform) at (-90.00, 2.50, -110.00)
CICS: 2220 AgentML_BLUE(Clone) (UnityEngine.Transform) at (-90.00, 2.50, -118.00)
CICS: 2321
CICS: 2321 AgentML_BLUE(Clone) (UnityEngine.Transform) at (-90.00, 2.50, -110.00)
CICS: 2321 AgentML_BLUE(Clone) (UnityEngine.Transform) at (-90.00, 2.50, -118.00)
EPISODE BEGIN
OGS: trying spawn agent no 3
CICS: 2222
CICS: 2222 AgentML_BLUE(Clone) (UnityEngine.Transform) at (-90.00, 2.50, -110.00)
CICS: 2220
CICS: 2220 AgentML_BLUE(Clone) (UnityEngine.Transform) at (-90.00, 2.50, -110.00)
CICS: 2220 AgentML_BLUE(Clone) (UnityEngine.Transform) at (-90.00, 2.50, -118.00)
CICS: 2321
CICS: 2321 AgentML_BLUE(Clone) (UnityEngine.Transform) at (-90.00, 2.50, -110.00)
CICS: 2321 AgentML_BLUE(Clone) (UnityEngine.Transform) at (-90.00, 2.50, -118.00)
CICS: 2321 AgentML_BLUE(Clone) (UnityEngine.Transform) at (-86.00, 2.50, -114.00)
CICS: 2121
CICS: 2121 AgentML_BLUE(Clone) (UnityEngine.Transform) at (-90.00, 2.50, -110.00)
CICS: 2121 AgentML_BLUE(Clone) (UnityEngine.Transform) at (-90.00, 2.50, -118.00)
CICS: 2121 AgentML_BLUE(Clone) (UnityEngine.Transform) at (-86.00, 2.50, -114.00)
EPISODE BEGIN
SG: red on game start
OGS: spawning egants
OGS: trying spawn agent no 0
CICS: 7173
EPISODE BEGIN
OGS: trying spawn agent no 1
CICS: 7173
CICS: 7173 AgentML_RED(Clone) (UnityEngine.Transform) at (106.00, 2.50, 94.00)
CICS: 7171
CICS: 7171 AgentML_RED(Clone) (UnityEngine.Transform) at (106.00, 2.50, 94.00)
EPISODE BEGIN
OGS: trying spawn agent no 2
CICS: 7173
CICS: 7173 AgentML_RED(Clone) (UnityEngine.Transform) at (106.00, 2.50, 94.00)
CICS: 7171
CICS: 7171 AgentML_RED(Clone) (UnityEngine.Transform) at (106.00, 2.50, 94.00)
CICS: 7171 AgentML_RED(Clone) (UnityEngine.Transform) at (106.00, 2.50, 86.00)
CICS: 7272
CICS: 7272 AgentML_RED(Clone) (UnityEngine.Transform) at (106.00, 2.50, 94.00)
CICS: 7272 AgentML_RED(Clone) (UnityEngine.Transform) at (106.00, 2.50, 86.00)
EPISODE BEGIN
OGS: trying spawn agent no 3
CICS: 7173
CICS: 7173 AgentML_RED(Clone) (UnityEngine.Transform) at (106.00, 2.50, 94.00)
CICS: 7171
CICS: 7171 AgentML_RED(Clone) (UnityEngine.Transform) at (106.00, 2.50, 94.00)
CICS: 7171 AgentML_RED(Clone) (UnityEngine.Transform) at (106.00, 2.50, 86.00)
CICS: 7272
CICS: 7272 AgentML_RED(Clone) (UnityEngine.Transform) at (106.00, 2.50, 94.00)
CICS: 7272 AgentML_RED(Clone) (UnityEngine.Transform) at (106.00, 2.50, 86.00)
CICS: 7272 AgentML_RED(Clone) (UnityEngine.Transform) at (110.00, 2.50, 90.00)
CICS: 7072
CICS: 7072 AgentML_RED(Clone) (UnityEngine.Transform) at (106.00, 2.50, 94.00)
CICS: 7072 AgentML_RED(Clone) (UnityEngine.Transform) at (106.00, 2.50, 86.00)
CICS: 7072 AgentML_RED(Clone) (UnityEngine.Transform) at (110.00, 2.50, 90.00)
EPISODE BEGIN
Steps:0
Steps:100
AgentML_BLUE(Clone) (UnityEngine.GameObject) ::: NAGRODA 0,02399393
AgentML_BLUE(Clone) (UnityEngine.GameObject) ::: NAGRODA 0,02255541
AgentML_BLUE(Clone) (UnityEngine.GameObject) ::: NAGRODA 0,02382883
AgentML_BLUE(Clone) (UnityEngine.GameObject) ::: NAGRODA 0,02272313
AgentML_RED(Clone) (UnityEngine.GameObject) ::: NAGRODA 0,01524767
AgentML_RED(Clone) (UnityEngine.GameObject) ::: NAGRODA 0,03192506
AgentML_RED(Clone) (UnityEngine.GameObject) ::: NAGRODA 0,03701504
AgentML_RED(Clone) (UnityEngine.GameObject) ::: NAGRODA 0,0242
Steps:200
Steps:300
AgentML_BLUE(Clone) (UnityEngine.GameObject) ::: NAGRODA 0,02399393
AgentML_BLUE(Clone) (UnityEngine.GameObject) ::: NAGRODA 0,02255541
AgentML_BLUE(Clone) (UnityEngine.GameObject) ::: NAGRODA 0,02382883
AgentML_BLUE(Clone) (UnityEngine.GameObject) ::: NAGRODA 0,02272313
AgentML_RED(Clone) (UnityEngine.GameObject) ::: NAGRODA 0,03013761
AgentML_RED(Clone) (UnityEngine.GameObject) ::: NAGRODA 0,05705081
AgentML_RED(Clone) (UnityEngine.GameObject) ::: NAGRODA 0,03470395
AgentML_RED(Clone) (UnityEngine.GameObject) ::: NAGRODA 0,01876782
Steps:400
Steps:500
AgentML_BLUE(Clone) (UnityEngine.GameObject) ::: NAGRODA 0,02399393
AgentML_BLUE(Clone) (UnityEngine.GameObject) ::: NAGRODA 0,02255541
AgentML_BLUE(Clone) (UnityEngine.GameObject) ::: NAGRODA 0,02382883
AgentML_BLUE(Clone) (UnityEngine.GameObject) ::: NAGRODA 0,02272313
AgentML_RED(Clone) (UnityEngine.GameObject) ::: NAGRODA 0,05068221
AgentML_RED(Clone) (UnityEngine.GameObject) ::: NAGRODA 0,02388744
AgentML_RED(Clone) (UnityEngine.GameObject) ::: NAGRODA 0,02705491
AgentML_RED(Clone) (UnityEngine.GameObject) ::: NAGRODA 0,04459935
Steps:600
Steps:700
AgentML_BLUE(Clone) (UnityEngine.GameObject) ::: NAGRODA 0,02399393
AgentML_BLUE(Clone) (UnityEngine.GameObject) ::: NAGRODA 0,02255541
AgentML_BLUE(Clone) (UnityEngine.GameObject) ::: NAGRODA 0,02382883
AgentML_BLUE(Clone) (UnityEngine.GameObject) ::: NAGRODA 0,02272313
AgentML_RED(Clone) (UnityEngine.GameObject) ::: NAGRODA 0,07172937
AgentML_RED(Clone) (UnityEngine.GameObject) ::: NAGRODA 0,02171957
AgentML_RED(Clone) (UnityEngine.GameObject) ::: NAGRODA 0,02870076
AgentML_RED(Clone) (UnityEngine.GameObject) ::: NAGRODA 0,03914506
Steps:800
Steps:900
AgentML_BLUE(Clone) (UnityEngine.GameObject) ::: NAGRODA 0,02399393
AgentML_BLUE(Clone) (UnityEngine.GameObject) ::: NAGRODA 0,02255541
AgentML_BLUE(Clone) (UnityEngine.GameObject) ::: NAGRODA 0,02382883
AgentML_BLUE(Clone) (UnityEngine.GameObject) ::: NAGRODA 0,02272313
AgentML_RED(Clone) (UnityEngine.GameObject) ::: NAGRODA 0,061825
AgentML_RED(Clone) (UnityEngine.GameObject) ::: NAGRODA 0,02348641
AgentML_RED(Clone) (UnityEngine.GameObject) ::: NAGRODA 0,04587581
AgentML_RED(Clone) (UnityEngine.GameObject) ::: NAGRODA 0,0229765
Steps:1000
Steps:1100
AgentML_BLUE(Clone) (UnityEngine.GameObject) ::: NAGRODA 0,02399393
AgentML_BLUE(Clone) (UnityEngine.GameObject) ::: NAGRODA 0,02255541
AgentML_BLUE(Clone) (UnityEngine.GameObject) ::: NAGRODA 0,02382883
AgentML_BLUE(Clone) (UnityEngine.GameObject) ::: NAGRODA 0,02272313
AgentML_RED(Clone) (UnityEngine.GameObject) ::: NAGRODA 0,04842905
AgentML_RED(Clone) (UnityEngine.GameObject) ::: NAGRODA 0,02041103
AgentML_RED(Clone) (UnityEngine.GameObject) ::: NAGRODA 0,05923367
AgentML_RED(Clone) (UnityEngine.GameObject) ::: NAGRODA 0,04127361
Steps:1200
Steps:1300
AgentML_BLUE(Clone) (UnityEngine.GameObject) ::: NAGRODA 0,02399393
AgentML_BLUE(Clone) (UnityEngine.GameObject) ::: NAGRODA 0,02255541
AgentML_BLUE(Clone) (UnityEngine.GameObject) ::: NAGRODA 0,02382883
AgentML_BLUE(Clone) (UnityEngine.GameObject) ::: NAGRODA 0,02272313
AgentML_RED(Clone) (UnityEngine.GameObject) ::: NAGRODA 0,02473561
AgentML_RED(Clone) (UnityEngine.GameObject) ::: NAGRODA 0,02606401
AgentML_RED(Clone) (UnityEngine.GameObject) ::: NAGRODA 0,07547529
AgentML_RED(Clone) (UnityEngine.GameObject) ::: NAGRODA 0,06253375
Steps:1400
Steps:1500
AgentML_BLUE(Clone) (UnityEngine.GameObject) ::: NAGRODA 0,02399393
AgentML_BLUE(Clone) (UnityEngine.GameObject) ::: NAGRODA 0,02255541
AgentML_BLUE(Clone) (UnityEngine.GameObject) ::: NAGRODA 0,02382883
AgentML_BLUE(Clone) (UnityEngine.GameObject) ::: NAGRODA 0,02272313
AgentML_RED(Clone) (UnityEngine.GameObject) ::: NAGRODA 0,03517577
AgentML_RED(Clone) (UnityEngine.GameObject) ::: NAGRODA 0,02326082
AgentML_RED(Clone) (UnityEngine.GameObject) ::: NAGRODA 0,06920172
AgentML_RED(Clone) (UnityEngine.GameObject) ::: NAGRODA 0,07562906
Steps:1600
Steps:1700
AgentML_BLUE(Clone) (UnityEngine.GameObject) ::: NAGRODA 0,02399393
AgentML_BLUE(Clone) (UnityEngine.GameObject) ::: NAGRODA 0,02255541
AgentML_BLUE(Clone) (UnityEngine.GameObject) ::: NAGRODA 0,02382883
AgentML_BLUE(Clone) (UnityEngine.GameObject) ::: NAGRODA 0,02272313
AgentML_RED(Clone) (UnityEngine.GameObject) ::: NAGRODA 0,06065172
AgentML_RED(Clone) (UnityEngine.GameObject) ::: NAGRODA 0,03600631
AgentML_RED(Clone) (UnityEngine.GameObject) ::: NAGRODA 0,05358228
AgentML_RED(Clone) (UnityEngine.GameObject) ::: NAGRODA 0,07038642
Steps:1800
Steps:1900
Unable to save timers to file C:/Users/Kacper/Documents/GitHub/deepctf/BuildLowRewards/CTF_Data\ML-Agents\Timers\SceneMain_timers.json
Setting up 2 worker threads for Enlighten.
Memory Statistics:
[ALLOC_TEMP_TLS] TLS Allocator
  StackAllocators : 
    [ALLOC_TEMP_MAIN]
      Peak usage frame count: [16.0 KB-32.0 KB]: 389 frames, [128.0 KB-256.0 KB]: 3 frames, [2.0 MB-4.0 MB]: 1 frames
      Initial Block Size 4.0 MB
      Current Block Size 4.0 MB
      Peak Allocated Bytes 2.1 MB
      Overflow Count 0
    [ALLOC_TEMP_Loading.AsyncRead]
      Initial Block Size 64.0 KB
      Current Block Size 64.0 KB
      Peak Allocated Bytes 276 B
      Overflow Count 0
    [ALLOC_TEMP_Loading.PreloadManager]
      Initial Block Size 256.0 KB
      Current Block Size 256.0 KB
      Peak Allocated Bytes 111.3 KB
      Overflow Count 17
    [ALLOC_TEMP_Background Job.Worker 8]
      Initial Block Size 32.0 KB
      Current Block Size 32.0 KB
      Peak Allocated Bytes 54 B
      Overflow Count 0
    [ALLOC_TEMP_Background Job.Worker 9]
      Initial Block Size 32.0 KB
      Current Block Size 32.0 KB
      Peak Allocated Bytes 54 B
      Overflow Count 0
    [ALLOC_TEMP_Job.Worker 0]
      Initial Block Size 256.0 KB
      Current Block Size 256.0 KB
      Peak Allocated Bytes 0 B
      Overflow Count 0
    [ALLOC_TEMP_Background Job.Worker 10]
      Initial Block Size 32.0 KB
      Current Block Size 32.0 KB
      Peak Allocated Bytes 54 B
      Overflow Count 0
    [ALLOC_TEMP_Background Job.Worker 14]
      Initial Block Size 32.0 KB
      Current Block Size 32.0 KB
      Peak Allocated Bytes 54 B
      Overflow Count 0
    [ALLOC_TEMP_Background Job.Worker 6]
      Initial Block Size 32.0 KB
      Current Block Size 32.0 KB
      Peak Allocated Bytes 54 B
      Overflow Count 0
    [ALLOC_TEMP_Background Job.Worker 12]
      Initial Block Size 32.0 KB
      Current Block Size 32.0 KB
      Peak Allocated Bytes 54 B
      Overflow Count 0
    [ALLOC_TEMP_EnlightenWorker] x 2
      Initial Block Size 64.0 KB
      Current Block Size 64.0 KB
      Peak Allocated Bytes 54 B
      Overflow Count 0
    [ALLOC_TEMP_Background Job.Worker 15]
      Initial Block Size 32.0 KB
      Current Block Size 32.0 KB
      Peak Allocated Bytes 54 B
      Overflow Count 0
    [ALLOC_TEMP_Background Job.Worker 1]
      Initial Block Size 32.0 KB
      Current Block Size 32.0 KB
      Peak Allocated Bytes 54 B
      Overflow Count 0
    [ALLOC_TEMP_Background Job.Worker 2]
      Initial Block Size 32.0 KB
      Current Block Size 32.0 KB
      Peak Allocated Bytes 54 B
      Overflow Count 0
    [ALLOC_TEMP_Background Job.Worker 7]
      Initial Block Size 32.0 KB
      Current Block Size 32.0 KB
      Peak Allocated Bytes 54 B
      Overflow Count 0
    [ALLOC_TEMP_AssetGarbageCollectorHelper] x 3
      Initial Block Size 64.0 KB
      Current Block Size 64.0 KB
      Peak Allocated Bytes 0 B
      Overflow Count 0
    [ALLOC_TEMP_Background Job.Worker 5]
      Initial Block Size 32.0 KB
      Current Block Size 32.0 KB
      Peak Allocated Bytes 54 B
      Overflow Count 0
    [ALLOC_TEMP_Background Job.Worker 13]
      Initial Block Size 32.0 KB
      Current Block Size 32.0 KB
      Peak Allocated Bytes 54 B
      Overflow Count 0
    [ALLOC_TEMP_Job.Worker 1]
      Initial Block Size 256.0 KB
      Current Block Size 256.0 KB
      Peak Allocated Bytes 392 B
      Overflow Count 0
    [ALLOC_TEMP_Job.Worker 2]
      Initial Block Size 256.0 KB
      Current Block Size 256.0 KB
      Peak Allocated Bytes 392 B
      Overflow Count 0
    [ALLOC_TEMP_Background Job.Worker 3]
      Initial Block Size 32.0 KB
      Current Block Size 32.0 KB
      Peak Allocated Bytes 54 B
      Overflow Count 0
    [ALLOC_TEMP_Background Job.Worker 11]
      Initial Block Size 32.0 KB
      Current Block Size 32.0 KB
      Peak Allocated Bytes 54 B
      Overflow Count 0
    [ALLOC_TEMP_Background Job.Worker 0]
      Initial Block Size 32.0 KB
      Current Block Size 32.0 KB
      Peak Allocated Bytes 54 B
      Overflow Count 0
    [ALLOC_TEMP_Background Job.Worker 4]
      Initial Block Size 32.0 KB
      Current Block Size 32.0 KB
      Peak Allocated Bytes 54 B
      Overflow Count 0
    [ALLOC_TEMP_BatchDeleteObjects]
      Initial Block Size 64.0 KB
      Current Block Size 64.0 KB
      Peak Allocated Bytes 54 B
      Overflow Count 0
[ALLOC_DEFAULT] Dual Thread Allocator
  Peak main deferred allocation count 2093
    [ALLOC_BUCKET]
      Large Block size 4.0 MB
      Used Block count 1
      Peak Allocated bytes 1.2 MB
    [ALLOC_DEFAULT_MAIN]
      Peak usage frame count: [4.0 MB-8.0 MB]: 393 frames
      Requested Block Size 16.0 MB
      Peak Block count 1
      Peak Allocated memory 6.3 MB
      Peak Large allocation bytes 0 B
    [ALLOC_DEFAULT_THREAD]
      Peak usage frame count: [16.0 MB-32.0 MB]: 393 frames
      Requested Block Size 16.0 MB
      Peak Block count 1
      Peak Allocated memory 18.2 MB
      Peak Large allocation bytes 16.0 MB
[ALLOC_TEMP_JOB_1_FRAME]
  Initial Block Size 2.0 MB
  Used Block Count 1
  Overflow Count (too large) 0
  Overflow Count (full) 0
[ALLOC_TEMP_JOB_2_FRAMES]
  Initial Block Size 2.0 MB
  Used Block Count 1
  Overflow Count (too large) 0
  Overflow Count (full) 0
[ALLOC_TEMP_JOB_4_FRAMES (JobTemp)]
  Initial Block Size 2.0 MB
  Used Block Count 2
  Overflow Count (too large) 0
  Overflow Count (full) 0
[ALLOC_TEMP_JOB_ASYNC (Background)]
  Initial Block Size 1.0 MB
  Used Block Count 4
  Overflow Count (too large) 0
  Overflow Count (full) 0
[ALLOC_GFX] Dual Thread Allocator
  Peak main deferred allocation count 0
    [ALLOC_BUCKET]
      Large Block size 4.0 MB
      Used Block count 1
      Peak Allocated bytes 1.2 MB
    [ALLOC_GFX_MAIN]
      Peak usage frame count: [64.0 KB-128.0 KB]: 393 frames
      Requested Block Size 16.0 MB
      Peak Block count 1
      Peak Allocated memory 108.4 KB
      Peak Large allocation bytes 0 B
    [ALLOC_GFX_THREAD]
      Peak usage frame count: [32.0 KB-64.0 KB]: 393 frames
      Requested Block Size 16.0 MB
      Peak Block count 1
      Peak Allocated memory 42.0 KB
      Peak Large allocation bytes 0 B
[ALLOC_CACHEOBJECTS] Dual Thread Allocator
  Peak main deferred allocation count 28
    [ALLOC_BUCKET]
      Large Block size 4.0 MB
      Used Block count 1
      Peak Allocated bytes 1.2 MB
    [ALLOC_CACHEOBJECTS_MAIN]
      Peak usage frame count: [0.5 MB-1.0 MB]: 391 frames, [1.0 MB-2.0 MB]: 2 frames
      Requested Block Size 4.0 MB
      Peak Block count 1
      Peak Allocated memory 1.0 MB
      Peak Large allocation bytes 0 B
    [ALLOC_CACHEOBJECTS_THREAD]
      Peak usage frame count: [0.5 MB-1.0 MB]: 393 frames
      Requested Block Size 4.0 MB
      Peak Block count 1
      Peak Allocated memory 0.7 MB
      Peak Large allocation bytes 0 B
[ALLOC_TYPETREE] Dual Thread Allocator
  Peak main deferred allocation count 0
    [ALLOC_BUCKET]
      Large Block size 4.0 MB
      Used Block count 1
      Peak Allocated bytes 1.2 MB
    [ALLOC_TYPETREE_MAIN]
      Peak usage frame count: [4.0 KB-8.0 KB]: 393 frames
      Requested Block Size 2.0 MB
      Peak Block count 1
      Peak Allocated memory 4.6 KB
      Peak Large allocation bytes 0 B
    [ALLOC_TYPETREE_THREAD]
      Peak usage frame count: [4.0 KB-8.0 KB]: 393 frames
      Requested Block Size 2.0 MB
      Peak Block count 1
      Peak Allocated memory 5.4 KB
      Peak Large allocation bytes 0 B
